TpTrace Verbose: 0 : 30836, 1, 2022/04/27, 12:26:57.383, 5975600222660, vstest.console.dll, Version: 17.1.0-release-20220113-05
TpTrace Information: 0 : 30836, 1, 2022/04/27, 12:26:57.394, 5975600310460, vstest.console.dll, FilePatternParser: The given file C:\Users\ilupa\Desktop\Proiect Amdaris\Traveller-Guide-App\TravellerGuideApp\TravelerGuideApp.IntegrationTests\bin\Debug\net6.0\fine-code-coverage\build-output\TravelerGuideApp.IntegrationTests.dll is a full path.
TpTrace Verbose: 0 : 30836, 1, 2022/04/27, 12:26:57.400, 5975600374513, vstest.console.dll, TestPluginCache.DiscoverTestExtensions: finding test extensions in assemblies ends with: RuntimeProvider.dll TPluginInfo: Microsoft.VisualStudio.TestPlatform.Common.ExtensionFramework.Utilities.TestRuntimePluginInformation TExtension: Microsoft.VisualStudio.TestPlatform.ObjectModel.Host.ITestRuntimeProvider
TpTrace Verbose: 0 : 30836, 1, 2022/04/27, 12:26:57.400, 5975600376920, vstest.console.dll, TestPluginCache.GetExtensionPaths: Filtered extension paths: 
TpTrace Verbose: 0 : 30836, 1, 2022/04/27, 12:26:57.400, 5975600377568, vstest.console.dll, TestPluginCache.GetExtensionPaths: Added default extension paths: C:\Program Files\dotnet\sdk\6.0.200\Extensions\DumpMinitool.exe
C:\Program Files\dotnet\sdk\6.0.200\Extensions\DumpMinitool.x86.exe
C:\Program Files\dotnet\sdk\6.0.200\Extensions\Microsoft.Diagnostics.NETCore.Client.dll
C:\Program Files\dotnet\sdk\6.0.200\Extensions\Microsoft.TestPlatform.Extensions.BlameDataCollector.dll
C:\Program Files\dotnet\sdk\6.0.200\Extensions\Microsoft.TestPlatform.Extensions.EventLogCollector.dll
C:\Program Files\dotnet\sdk\6.0.200\Extensions\Microsoft.TestPlatform.TestHostRuntimeProvider.dll
C:\Program Files\dotnet\sdk\6.0.200\Extensions\Microsoft.VisualStudio.TestPlatform.Extensions.Html.TestLogger.dll
C:\Program Files\dotnet\sdk\6.0.200\Extensions\Microsoft.VisualStudio.TestPlatform.Extensions.Trx.TestLogger.dll
TpTrace Verbose: 0 : 30836, 1, 2022/04/27, 12:26:57.400, 5975600377844, vstest.console.dll, TestPluginCache.GetExtensionPaths: Added unfilterableExtensionPaths: 
TpTrace Information: 0 : 30836, 1, 2022/04/27, 12:26:57.401, 5975600383526, vstest.console.dll, AssemblyResolver.ctor: Creating AssemblyResolver with searchDirectories C:\Program Files\dotnet\sdk\6.0.200\Extensions,C:\Program Files\dotnet\sdk\6.0.200
TpTrace Verbose: 0 : 30836, 1, 2022/04/27, 12:26:57.401, 5975600388799, vstest.console.dll, TestPluginCache.DiscoverTestExtensions: Discovering the extensions using extension path.
TpTrace Verbose: 0 : 30836, 1, 2022/04/27, 12:26:57.401, 5975600389564, vstest.console.dll, TestPluginCache.GetExtensionPaths: Filtered extension paths: 
TpTrace Verbose: 0 : 30836, 1, 2022/04/27, 12:26:57.401, 5975600389853, vstest.console.dll, TestPluginCache.GetExtensionPaths: Added default extension paths: C:\Program Files\dotnet\sdk\6.0.200\Extensions\DumpMinitool.exe
C:\Program Files\dotnet\sdk\6.0.200\Extensions\DumpMinitool.x86.exe
C:\Program Files\dotnet\sdk\6.0.200\Extensions\Microsoft.Diagnostics.NETCore.Client.dll
C:\Program Files\dotnet\sdk\6.0.200\Extensions\Microsoft.TestPlatform.Extensions.BlameDataCollector.dll
C:\Program Files\dotnet\sdk\6.0.200\Extensions\Microsoft.TestPlatform.Extensions.EventLogCollector.dll
C:\Program Files\dotnet\sdk\6.0.200\Extensions\Microsoft.TestPlatform.TestHostRuntimeProvider.dll
C:\Program Files\dotnet\sdk\6.0.200\Extensions\Microsoft.VisualStudio.TestPlatform.Extensions.Html.TestLogger.dll
C:\Program Files\dotnet\sdk\6.0.200\Extensions\Microsoft.VisualStudio.TestPlatform.Extensions.Trx.TestLogger.dll
TpTrace Verbose: 0 : 30836, 1, 2022/04/27, 12:26:57.401, 5975600390112, vstest.console.dll, TestPluginCache.GetExtensionPaths: Added unfilterableExtensionPaths: 
TpTrace Verbose: 0 : 30836, 1, 2022/04/27, 12:26:57.402, 5975600390545, vstest.console.dll, TestPluginCache.DiscoverTestExtensions: Discovering the extensions using allExtensionPaths: C:\Program Files\dotnet\sdk\6.0.200\Extensions\DumpMinitool.exe
C:\Program Files\dotnet\sdk\6.0.200\Extensions\DumpMinitool.x86.exe
C:\Program Files\dotnet\sdk\6.0.200\Extensions\Microsoft.Diagnostics.NETCore.Client.dll
C:\Program Files\dotnet\sdk\6.0.200\Extensions\Microsoft.TestPlatform.Extensions.BlameDataCollector.dll
C:\Program Files\dotnet\sdk\6.0.200\Extensions\Microsoft.TestPlatform.Extensions.EventLogCollector.dll
C:\Program Files\dotnet\sdk\6.0.200\Extensions\Microsoft.TestPlatform.TestHostRuntimeProvider.dll
C:\Program Files\dotnet\sdk\6.0.200\Extensions\Microsoft.VisualStudio.TestPlatform.Extensions.Html.TestLogger.dll
C:\Program Files\dotnet\sdk\6.0.200\Extensions\Microsoft.VisualStudio.TestPlatform.Extensions.Trx.TestLogger.dll
TpTrace Information: 0 : 30836, 1, 2022/04/27, 12:26:57.402, 5975600391617, vstest.console.dll, AssemblyResolver.AddSearchDirectories: Adding more searchDirectories C:\Program Files\dotnet\sdk\6.0.200\Extensions,C:\Program Files\dotnet\sdk\6.0.200
TpTrace Information: 0 : 30836, 1, 2022/04/27, 12:26:57.402, 5975600392238, vstest.console.dll, AssemblyResolver.AddSearchDirectories: Adding more searchDirectories C:\Program Files\dotnet\sdk\6.0.200\Extensions,C:\Program Files\dotnet\sdk\6.0.200
TpTrace Information: 0 : 30836, 1, 2022/04/27, 12:26:57.402, 5975600392668, vstest.console.dll, AssemblyResolver.AddSearchDirectories: Adding more searchDirectories C:\Program Files\dotnet\sdk\6.0.200\Extensions,C:\Program Files\dotnet\sdk\6.0.200
TpTrace Information: 0 : 30836, 1, 2022/04/27, 12:26:57.402, 5975600392874, vstest.console.dll, AssemblyResolver.AddSearchDirectories: Adding more searchDirectories C:\Program Files\dotnet\sdk\6.0.200\Extensions,C:\Program Files\dotnet\sdk\6.0.200
TpTrace Information: 0 : 30836, 1, 2022/04/27, 12:26:57.402, 5975600393072, vstest.console.dll, AssemblyResolver.AddSearchDirectories: Adding more searchDirectories C:\Program Files\dotnet\sdk\6.0.200\Extensions,C:\Program Files\dotnet\sdk\6.0.200
TpTrace Information: 0 : 30836, 1, 2022/04/27, 12:26:57.402, 5975600393305, vstest.console.dll, AssemblyResolver.AddSearchDirectories: Adding more searchDirectories C:\Program Files\dotnet\sdk\6.0.200\Extensions,C:\Program Files\dotnet\sdk\6.0.200
TpTrace Information: 0 : 30836, 1, 2022/04/27, 12:26:57.402, 5975600393506, vstest.console.dll, AssemblyResolver.AddSearchDirectories: Adding more searchDirectories C:\Program Files\dotnet\sdk\6.0.200\Extensions,C:\Program Files\dotnet\sdk\6.0.200
TpTrace Information: 0 : 30836, 1, 2022/04/27, 12:26:57.402, 5975600393701, vstest.console.dll, AssemblyResolver.AddSearchDirectories: Adding more searchDirectories C:\Program Files\dotnet\sdk\6.0.200\Extensions,C:\Program Files\dotnet\sdk\6.0.200
TpTrace Information: 0 : 30836, 1, 2022/04/27, 12:26:57.402, 5975600395919, vstest.console.dll, AssemblyResolver.OnResolve: DumpMinitool: Resolving assembly.
TpTrace Information: 0 : 30836, 1, 2022/04/27, 12:26:57.402, 5975600396381, vstest.console.dll, AssemblyResolver.OnResolve: DumpMinitool: Searching in: 'C:\Program Files\dotnet\sdk\6.0.200\Extensions'.
TpTrace Information: 0 : 30836, 1, 2022/04/27, 12:26:57.402, 5975600397085, vstest.console.dll, AssemblyResolver.OnResolve: DumpMinitool: Assembly path does not exist: 'C:\Program Files\dotnet\sdk\6.0.200\Extensions\DumpMinitool.dll', returning.
TpTrace Information: 0 : 30836, 1, 2022/04/27, 12:26:57.403, 5975600402671, vstest.console.dll, AssemblyResolver.OnResolve: DumpMinitool: Loading assembly 'C:\Program Files\dotnet\sdk\6.0.200\Extensions\DumpMinitool.exe'.
TpTrace Information: 0 : 30836, 1, 2022/04/27, 12:26:57.403, 5975600406189, vstest.console.dll, AssemblyResolver.OnResolve: Resolved assembly: DumpMinitool, from path: C:\Program Files\dotnet\sdk\6.0.200\Extensions\DumpMinitool.exe
TpTrace Information: 0 : 30836, 1, 2022/04/27, 12:26:57.408, 5975600452507, vstest.console.dll, AssemblyResolver.OnResolve: DumpMinitool.x86: Resolving assembly.
TpTrace Information: 0 : 30836, 1, 2022/04/27, 12:26:57.408, 5975600453141, vstest.console.dll, AssemblyResolver.OnResolve: DumpMinitool.x86: Searching in: 'C:\Program Files\dotnet\sdk\6.0.200\Extensions'.
TpTrace Information: 0 : 30836, 1, 2022/04/27, 12:26:57.408, 5975600453761, vstest.console.dll, AssemblyResolver.OnResolve: DumpMinitool.x86: Assembly path does not exist: 'C:\Program Files\dotnet\sdk\6.0.200\Extensions\DumpMinitool.x86.dll', returning.
TpTrace Information: 0 : 30836, 1, 2022/04/27, 12:26:57.408, 5975600459744, vstest.console.dll, AssemblyResolver.OnResolve: DumpMinitool.x86: Loading assembly 'C:\Program Files\dotnet\sdk\6.0.200\Extensions\DumpMinitool.x86.exe'.
TpTrace Information: 0 : 30836, 1, 2022/04/27, 12:26:57.409, 5975600463138, vstest.console.dll, AssemblyResolver.OnResolve: Resolved assembly: DumpMinitool.x86, from path: C:\Program Files\dotnet\sdk\6.0.200\Extensions\DumpMinitool.x86.exe
TpTrace Information: 0 : 30836, 1, 2022/04/27, 12:26:57.409, 5975600465096, vstest.console.dll, AssemblyResolver.OnResolve: Microsoft.Diagnostics.NETCore.Client: Resolving assembly.
TpTrace Information: 0 : 30836, 1, 2022/04/27, 12:26:57.409, 5975600465425, vstest.console.dll, AssemblyResolver.OnResolve: Microsoft.Diagnostics.NETCore.Client: Searching in: 'C:\Program Files\dotnet\sdk\6.0.200\Extensions'.
TpTrace Information: 0 : 30836, 1, 2022/04/27, 12:26:57.410, 5975600471746, vstest.console.dll, AssemblyResolver.OnResolve: Microsoft.Diagnostics.NETCore.Client: Loading assembly 'C:\Program Files\dotnet\sdk\6.0.200\Extensions\Microsoft.Diagnostics.NETCore.Client.dll'.
TpTrace Information: 0 : 30836, 1, 2022/04/27, 12:26:57.411, 5975600480740, vstest.console.dll, AssemblyResolver.OnResolve: Resolved assembly: Microsoft.Diagnostics.NETCore.Client, from path: C:\Program Files\dotnet\sdk\6.0.200\Extensions\Microsoft.Diagnostics.NETCore.Client.dll
TpTrace Information: 0 : 30836, 1, 2022/04/27, 12:26:57.412, 5975600496793, vstest.console.dll, AssemblyResolver.OnResolve: Microsoft.Bcl.AsyncInterfaces: Resolving assembly.
TpTrace Information: 0 : 30836, 1, 2022/04/27, 12:26:57.412, 5975600497247, vstest.console.dll, AssemblyResolver.OnResolve: Microsoft.Bcl.AsyncInterfaces: Searching in: 'C:\Program Files\dotnet\sdk\6.0.200\Extensions'.
TpTrace Information: 0 : 30836, 1, 2022/04/27, 12:26:57.412, 5975600497815, vstest.console.dll, AssemblyResolver.OnResolve: Microsoft.Bcl.AsyncInterfaces: Assembly path does not exist: 'C:\Program Files\dotnet\sdk\6.0.200\Extensions\Microsoft.Bcl.AsyncInterfaces.dll', returning.
TpTrace Information: 0 : 30836, 1, 2022/04/27, 12:26:57.412, 5975600498272, vstest.console.dll, AssemblyResolver.OnResolve: Microsoft.Bcl.AsyncInterfaces: Assembly path does not exist: 'C:\Program Files\dotnet\sdk\6.0.200\Extensions\Microsoft.Bcl.AsyncInterfaces.exe', returning.
TpTrace Information: 0 : 30836, 1, 2022/04/27, 12:26:57.412, 5975600498486, vstest.console.dll, AssemblyResolver.OnResolve: Microsoft.Bcl.AsyncInterfaces: Searching in: 'C:\Program Files\dotnet\sdk\6.0.200'.
TpTrace Information: 0 : 30836, 1, 2022/04/27, 12:26:57.412, 5975600499201, vstest.console.dll, AssemblyResolver.OnResolve: Microsoft.Bcl.AsyncInterfaces: Assembly path does not exist: 'C:\Program Files\dotnet\sdk\6.0.200\Microsoft.Bcl.AsyncInterfaces.dll', returning.
TpTrace Information: 0 : 30836, 1, 2022/04/27, 12:26:57.412, 5975600499789, vstest.console.dll, AssemblyResolver.OnResolve: Microsoft.Bcl.AsyncInterfaces: Assembly path does not exist: 'C:\Program Files\dotnet\sdk\6.0.200\Microsoft.Bcl.AsyncInterfaces.exe', returning.
TpTrace Information: 0 : 30836, 1, 2022/04/27, 12:26:57.412, 5975600499996, vstest.console.dll, AssemblyResolver.OnResolve: Microsoft.Bcl.AsyncInterfaces: Failed to load assembly.
TpTrace Verbose: 0 : 30836, 1, 2022/04/27, 12:26:57.413, 5975600500324, vstest.console.dll, CurrentDomainAssemblyResolve: Resolving assembly 'Microsoft.Bcl.AsyncInterfaces'.
TpTrace Information: 0 : 30836, 1, 2022/04/27, 12:26:57.413, 5975600500774, vstest.console.dll, AssemblyResolver.OnResolve: Microsoft.Bcl.AsyncInterfaces: Resolving assembly.
TpTrace Information: 0 : 30836, 1, 2022/04/27, 12:26:57.413, 5975600501043, vstest.console.dll, AssemblyResolver.OnResolve: Microsoft.Bcl.AsyncInterfaces: Resolved from cache.
TpTrace Verbose: 0 : 30836, 1, 2022/04/27, 12:26:57.413, 5975600501257, vstest.console.dll, CurrentDomainAssemblyResolve: Resolving assembly 'Microsoft.Bcl.AsyncInterfaces'.
TpTrace Verbose: 0 : 30836, 1, 2022/04/27, 12:26:57.413, 5975600501529, vstest.console.dll, CurrentDomainAssemblyResolve: Failed to resolve assembly 'Microsoft.Bcl.AsyncInterfaces'.
TpTrace Verbose: 0 : 30836, 1, 2022/04/27, 12:26:57.413, 5975600504037, vstest.console.dll, CurrentDomainAssemblyResolve: Failed to resolve assembly 'Microsoft.Bcl.AsyncInterfaces'.
TpTrace Warning: 0 : 30836, 1, 2022/04/27, 12:26:57.426, 5975600639518, vstest.console.dll, TestPluginDiscoverer: Failed to get types from assembly 'Microsoft.Diagnostics.NETCore.Client, Version=0.2.5.801, Culture=neutral, PublicKeyToken=31bf3856ad364e35'.  Skipping test extension scan for this assembly.  Error: System.Reflection.ReflectionTypeLoadException: Unable to load one or more of the requested types.
Could not load file or assembly 'Microsoft.Bcl.AsyncInterfaces, Version=1.0.0.0, Culture=neutral, PublicKeyToken=cc7b13ffcd2ddd51'. The system cannot find the file specified.
   at System.Reflection.RuntimeModule.GetTypes(RuntimeModule module)
   at System.Reflection.Assembly.GetTypes()
   at Microsoft.VisualStudio.TestPlatform.Common.ExtensionFramework.TestPluginDiscoverer.GetTestExtensionsFromAssembly[TPluginInfo,TExtension](Assembly assembly, Dictionary`2 pluginInfos)
System.IO.FileNotFoundException: Could not load file or assembly 'Microsoft.Bcl.AsyncInterfaces, Version=1.0.0.0, Culture=neutral, PublicKeyToken=cc7b13ffcd2ddd51'. The system cannot find the file specified.
File name: 'Microsoft.Bcl.AsyncInterfaces, Version=1.0.0.0, Culture=neutral, PublicKeyToken=cc7b13ffcd2ddd51'
 ---> System.IO.FileNotFoundException: Could not load file or assembly 'Microsoft.Bcl.AsyncInterfaces, Culture=neutral, PublicKeyToken=null'. The system cannot find the file specified.
File name: 'Microsoft.Bcl.AsyncInterfaces, Culture=neutral, PublicKeyToken=null'
   at System.Reflection.RuntimeAssembly.InternalLoad(ObjectHandleOnStack assemblyName, ObjectHandleOnStack requestingAssembly, StackCrawlMarkHandle stackMark, Boolean throwOnFileNotFound, ObjectHandleOnStack assemblyLoadContext, ObjectHandleOnStack retAssembly)
   at System.Reflection.RuntimeAssembly.InternalLoad(AssemblyName assemblyName, RuntimeAssembly requestingAssembly, StackCrawlMark& stackMark, Boolean throwOnFileNotFound, AssemblyLoadContext assemblyLoadContext)
   at System.Reflection.Assembly.Load(AssemblyName assemblyRef)
   at Microsoft.VisualStudio.TestPlatform.Common.ExtensionFramework.TestPluginCache.CurrentDomainAssemblyResolve(Object sender, AssemblyResolveEventArgs args)
   at Microsoft.VisualStudio.TestPlatform.PlatformAbstractions.PlatformAssemblyResolver.AssemblyResolverEvent(Object sender, Object eventArgs)
   at System.Runtime.Loader.AssemblyLoadContext.GetFirstResolvedAssemblyFromResolvingEvent(AssemblyName assemblyName)
   at System.Runtime.Loader.AssemblyLoadContext.ResolveUsingEvent(AssemblyName assemblyName)
   at System.Runtime.Loader.AssemblyLoadContext.ResolveUsingResolvingEvent(IntPtr gchManagedAssemblyLoadContext, AssemblyName assemblyName)
TpTrace Warning: 0 : 30836, 1, 2022/04/27, 12:26:57.427, 5975600641040, vstest.console.dll, LoaderExceptions: System.IO.FileNotFoundException: Could not load file or assembly 'Microsoft.Bcl.AsyncInterfaces, Version=1.0.0.0, Culture=neutral, PublicKeyToken=cc7b13ffcd2ddd51'. The system cannot find the file specified.
File name: 'Microsoft.Bcl.AsyncInterfaces, Version=1.0.0.0, Culture=neutral, PublicKeyToken=cc7b13ffcd2ddd51'
 ---> System.IO.FileNotFoundException: Could not load file or assembly 'Microsoft.Bcl.AsyncInterfaces, Culture=neutral, PublicKeyToken=null'. The system cannot find the file specified.
File name: 'Microsoft.Bcl.AsyncInterfaces, Culture=neutral, PublicKeyToken=null'
   at System.Reflection.RuntimeAssembly.InternalLoad(ObjectHandleOnStack assemblyName, ObjectHandleOnStack requestingAssembly, StackCrawlMarkHandle stackMark, Boolean throwOnFileNotFound, ObjectHandleOnStack assemblyLoadContext, ObjectHandleOnStack retAssembly)
   at System.Reflection.RuntimeAssembly.InternalLoad(AssemblyName assemblyName, RuntimeAssembly requestingAssembly, StackCrawlMark& stackMark, Boolean throwOnFileNotFound, AssemblyLoadContext assemblyLoadContext)
   at System.Reflection.Assembly.Load(AssemblyName assemblyRef)
   at Microsoft.VisualStudio.TestPlatform.Common.ExtensionFramework.TestPluginCache.CurrentDomainAssemblyResolve(Object sender, AssemblyResolveEventArgs args)
   at Microsoft.VisualStudio.TestPlatform.PlatformAbstractions.PlatformAssemblyResolver.AssemblyResolverEvent(Object sender, Object eventArgs)
   at System.Runtime.Loader.AssemblyLoadContext.GetFirstResolvedAssemblyFromResolvingEvent(AssemblyName assemblyName)
   at System.Runtime.Loader.AssemblyLoadContext.ResolveUsingEvent(AssemblyName assemblyName)
   at System.Runtime.Loader.AssemblyLoadContext.ResolveUsingResolvingEvent(IntPtr gchManagedAssemblyLoadContext, AssemblyName assemblyName)
TpTrace Information: 0 : 30836, 1, 2022/04/27, 12:26:57.427, 5975600642306, vstest.console.dll, AssemblyResolver.OnResolve: Microsoft.TestPlatform.Extensions.BlameDataCollector: Resolving assembly.
TpTrace Information: 0 : 30836, 1, 2022/04/27, 12:26:57.427, 5975600642672, vstest.console.dll, AssemblyResolver.OnResolve: Microsoft.TestPlatform.Extensions.BlameDataCollector: Searching in: 'C:\Program Files\dotnet\sdk\6.0.200\Extensions'.
TpTrace Information: 0 : 30836, 1, 2022/04/27, 12:26:57.427, 5975600650285, vstest.console.dll, AssemblyResolver.OnResolve: Microsoft.TestPlatform.Extensions.BlameDataCollector: Loading assembly 'C:\Program Files\dotnet\sdk\6.0.200\Extensions\Microsoft.TestPlatform.Extensions.BlameDataCollector.dll'.
TpTrace Information: 0 : 30836, 1, 2022/04/27, 12:26:57.428, 5975600658041, vstest.console.dll, AssemblyResolver.OnResolve: Resolved assembly: Microsoft.TestPlatform.Extensions.BlameDataCollector, from path: C:\Program Files\dotnet\sdk\6.0.200\Extensions\Microsoft.TestPlatform.Extensions.BlameDataCollector.dll
TpTrace Information: 0 : 30836, 1, 2022/04/27, 12:26:57.429, 5975600664634, vstest.console.dll, AssemblyResolver.OnResolve: Microsoft.TestPlatform.Extensions.EventLogCollector: Resolving assembly.
TpTrace Information: 0 : 30836, 1, 2022/04/27, 12:26:57.429, 5975600665089, vstest.console.dll, AssemblyResolver.OnResolve: Microsoft.TestPlatform.Extensions.EventLogCollector: Searching in: 'C:\Program Files\dotnet\sdk\6.0.200\Extensions'.
TpTrace Information: 0 : 30836, 1, 2022/04/27, 12:26:57.430, 5975600671237, vstest.console.dll, AssemblyResolver.OnResolve: Microsoft.TestPlatform.Extensions.EventLogCollector: Loading assembly 'C:\Program Files\dotnet\sdk\6.0.200\Extensions\Microsoft.TestPlatform.Extensions.EventLogCollector.dll'.
TpTrace Information: 0 : 30836, 1, 2022/04/27, 12:26:57.430, 5975600675806, vstest.console.dll, AssemblyResolver.OnResolve: Resolved assembly: Microsoft.TestPlatform.Extensions.EventLogCollector, from path: C:\Program Files\dotnet\sdk\6.0.200\Extensions\Microsoft.TestPlatform.Extensions.EventLogCollector.dll
TpTrace Information: 0 : 30836, 1, 2022/04/27, 12:26:57.432, 5975600690562, vstest.console.dll, AssemblyResolver.OnResolve: Microsoft.TestPlatform.TestHostRuntimeProvider: Resolving assembly.
TpTrace Information: 0 : 30836, 1, 2022/04/27, 12:26:57.432, 5975600691228, vstest.console.dll, AssemblyResolver.OnResolve: Microsoft.TestPlatform.TestHostRuntimeProvider: Searching in: 'C:\Program Files\dotnet\sdk\6.0.200\Extensions'.
TpTrace Information: 0 : 30836, 1, 2022/04/27, 12:26:57.432, 5975600698276, vstest.console.dll, AssemblyResolver.OnResolve: Microsoft.TestPlatform.TestHostRuntimeProvider: Loading assembly 'C:\Program Files\dotnet\sdk\6.0.200\Extensions\Microsoft.TestPlatform.TestHostRuntimeProvider.dll'.
TpTrace Information: 0 : 30836, 1, 2022/04/27, 12:26:57.433, 5975600707718, vstest.console.dll, AssemblyResolver.OnResolve: Resolved assembly: Microsoft.TestPlatform.TestHostRuntimeProvider, from path: C:\Program Files\dotnet\sdk\6.0.200\Extensions\Microsoft.TestPlatform.TestHostRuntimeProvider.dll
TpTrace Information: 0 : 30836, 1, 2022/04/27, 12:26:57.434, 5975600718304, vstest.console.dll, AssemblyResolver.OnResolve: Microsoft.VisualStudio.TestPlatform.Extensions.Html.TestLogger: Resolving assembly.
TpTrace Information: 0 : 30836, 1, 2022/04/27, 12:26:57.434, 5975600718862, vstest.console.dll, AssemblyResolver.OnResolve: Microsoft.VisualStudio.TestPlatform.Extensions.Html.TestLogger: Searching in: 'C:\Program Files\dotnet\sdk\6.0.200\Extensions'.
TpTrace Information: 0 : 30836, 1, 2022/04/27, 12:26:57.435, 5975600724774, vstest.console.dll, AssemblyResolver.OnResolve: Microsoft.VisualStudio.TestPlatform.Extensions.Html.TestLogger: Loading assembly 'C:\Program Files\dotnet\sdk\6.0.200\Extensions\Microsoft.VisualStudio.TestPlatform.Extensions.Html.TestLogger.dll'.
TpTrace Information: 0 : 30836, 1, 2022/04/27, 12:26:57.436, 5975600731122, vstest.console.dll, AssemblyResolver.OnResolve: Resolved assembly: Microsoft.VisualStudio.TestPlatform.Extensions.Html.TestLogger, from path: C:\Program Files\dotnet\sdk\6.0.200\Extensions\Microsoft.VisualStudio.TestPlatform.Extensions.Html.TestLogger.dll
TpTrace Information: 0 : 30836, 1, 2022/04/27, 12:26:57.436, 5975600733804, vstest.console.dll, AssemblyResolver.OnResolve: Microsoft.VisualStudio.TestPlatform.Extensions.Trx.TestLogger: Resolving assembly.
TpTrace Information: 0 : 30836, 1, 2022/04/27, 12:26:57.436, 5975600734198, vstest.console.dll, AssemblyResolver.OnResolve: Microsoft.VisualStudio.TestPlatform.Extensions.Trx.TestLogger: Searching in: 'C:\Program Files\dotnet\sdk\6.0.200\Extensions'.
TpTrace Information: 0 : 30836, 1, 2022/04/27, 12:26:57.437, 5975600742083, vstest.console.dll, AssemblyResolver.OnResolve: Microsoft.VisualStudio.TestPlatform.Extensions.Trx.TestLogger: Loading assembly 'C:\Program Files\dotnet\sdk\6.0.200\Extensions\Microsoft.VisualStudio.TestPlatform.Extensions.Trx.TestLogger.dll'.
TpTrace Information: 0 : 30836, 1, 2022/04/27, 12:26:57.438, 5975600751467, vstest.console.dll, AssemblyResolver.OnResolve: Resolved assembly: Microsoft.VisualStudio.TestPlatform.Extensions.Trx.TestLogger, from path: C:\Program Files\dotnet\sdk\6.0.200\Extensions\Microsoft.VisualStudio.TestPlatform.Extensions.Trx.TestLogger.dll
TpTrace Verbose: 0 : 30836, 1, 2022/04/27, 12:26:57.438, 5975600757679, vstest.console.dll, TestPluginCache: Discovered the extensions using extension path ''.
TpTrace Verbose: 0 : 30836, 1, 2022/04/27, 12:26:57.438, 5975600758254, vstest.console.dll, TestPluginCache: Discoverers are ''.
TpTrace Verbose: 0 : 30836, 1, 2022/04/27, 12:26:57.438, 5975600758474, vstest.console.dll, TestPluginCache: Executors are ''.
TpTrace Verbose: 0 : 30836, 1, 2022/04/27, 12:26:57.438, 5975600758660, vstest.console.dll, TestPluginCache: Executors2 are ''.
TpTrace Verbose: 0 : 30836, 1, 2022/04/27, 12:26:57.438, 5975600758879, vstest.console.dll, TestPluginCache: Setting providers are ''.
TpTrace Verbose: 0 : 30836, 1, 2022/04/27, 12:26:57.438, 5975600759052, vstest.console.dll, TestPluginCache: Loggers are ''.
TpTrace Information: 0 : 30836, 1, 2022/04/27, 12:26:57.442, 5975600794192, vstest.console.dll, RunTestsArgumentProcessor:Execute: Test run is starting.
TpTrace Verbose: 0 : 30836, 1, 2022/04/27, 12:26:57.442, 5975600794853, vstest.console.dll, RunTestsArgumentProcessor:Execute: Queuing Test run.
TpTrace Information: 0 : 30836, 1, 2022/04/27, 12:26:57.442, 5975600796227, vstest.console.dll, TestRequestManager.RunTests: run tests started.
TpTrace Information: 0 : 30836, 1, 2022/04/27, 12:26:57.445, 5975600824267, vstest.console.dll, AssemblyMetadataProvider.GetFrameWork: Determined framework:'.NETCoreApp,Version=v6.0' for source: 'C:\Users\ilupa\Desktop\Proiect Amdaris\Traveller-Guide-App\TravellerGuideApp\TravelerGuideApp.IntegrationTests\bin\Debug\net6.0\fine-code-coverage\build-output\TravelerGuideApp.IntegrationTests.dll'
TpTrace Information: 0 : 30836, 1, 2022/04/27, 12:26:57.445, 5975600825584, vstest.console.dll, Determined framework for all sources: .NETCoreApp,Version=v6.0
TpTrace Verbose: 0 : 30836, 1, 2022/04/27, 12:26:57.445, 5975600827840, vstest.console.dll, Default architecture: X64 IsDefaultTargetArchitecture: True
TpTrace Information: 0 : 30836, 1, 2022/04/27, 12:26:57.446, 5975600830476, vstest.console.dll, AssemblyMetadataProvider.GetArchitecture: Determined architecture:AnyCPU info for assembly: C:\Users\ilupa\Desktop\Proiect Amdaris\Traveller-Guide-App\TravellerGuideApp\TravelerGuideApp.IntegrationTests\bin\Debug\net6.0\fine-code-coverage\build-output\TravelerGuideApp.IntegrationTests.dll
TpTrace Information: 0 : 30836, 1, 2022/04/27, 12:26:57.446, 5975600830813, vstest.console.dll, Determined platform for source 'C:\Users\ilupa\Desktop\Proiect Amdaris\Traveller-Guide-App\TravellerGuideApp\TravelerGuideApp.IntegrationTests\bin\Debug\net6.0\fine-code-coverage\build-output\TravelerGuideApp.IntegrationTests.dll' is 'AnyCPU'
TpTrace Information: 0 : 30836, 1, 2022/04/27, 12:26:57.447, 5975600844849, vstest.console.dll, Determined platform for all sources: X64
TpTrace Information: 0 : 30836, 1, 2022/04/27, 12:26:57.447, 5975600845444, vstest.console.dll, Infered platform 'X64'.
TpTrace Information: 0 : 30836, 1, 2022/04/27, 12:26:57.447, 5975600845693, vstest.console.dll, Platform update to 'X64' required.
TpTrace Information: 0 : 30836, 1, 2022/04/27, 12:26:57.449, 5975600867036, vstest.console.dll, Compatible sources list : 
TpTrace Information: 0 : 30836, 1, 2022/04/27, 12:26:57.449, 5975600867732, vstest.console.dll, C:\Users\ilupa\Desktop\Proiect Amdaris\Traveller-Guide-App\TravellerGuideApp\TravelerGuideApp.IntegrationTests\bin\Debug\net6.0\fine-code-coverage\build-output\TravelerGuideApp.IntegrationTests.dll
TpTrace Information: 0 : 30836, 1, 2022/04/27, 12:26:57.454, 5975600917556, vstest.console.dll, InferRunSettingsHelper.IsTestSettingsEnabled: Unable to navigate to RunSettings/MSTest. Current node: RunSettings
TpTrace Information: 0 : 30836, 1, 2022/04/27, 12:26:57.455, 5975600924099, vstest.console.dll, AssemblyResolver.OnResolve: Microsoft.VisualStudio.TestPlatform.Fakes: Resolving assembly.
TpTrace Information: 0 : 30836, 1, 2022/04/27, 12:26:57.455, 5975600924560, vstest.console.dll, AssemblyResolver.OnResolve: Microsoft.VisualStudio.TestPlatform.Fakes: Searching in: 'C:\Program Files\dotnet\sdk\6.0.200\Extensions'.
TpTrace Information: 0 : 30836, 1, 2022/04/27, 12:26:57.455, 5975600925224, vstest.console.dll, AssemblyResolver.OnResolve: Microsoft.VisualStudio.TestPlatform.Fakes: Assembly path does not exist: 'C:\Program Files\dotnet\sdk\6.0.200\Extensions\Microsoft.VisualStudio.TestPlatform.Fakes.dll', returning.
TpTrace Information: 0 : 30836, 1, 2022/04/27, 12:26:57.455, 5975600925718, vstest.console.dll, AssemblyResolver.OnResolve: Microsoft.VisualStudio.TestPlatform.Fakes: Assembly path does not exist: 'C:\Program Files\dotnet\sdk\6.0.200\Extensions\Microsoft.VisualStudio.TestPlatform.Fakes.exe', returning.
TpTrace Information: 0 : 30836, 1, 2022/04/27, 12:26:57.455, 5975600925997, vstest.console.dll, AssemblyResolver.OnResolve: Microsoft.VisualStudio.TestPlatform.Fakes: Searching in: 'C:\Program Files\dotnet\sdk\6.0.200'.
TpTrace Information: 0 : 30836, 1, 2022/04/27, 12:26:57.455, 5975600926474, vstest.console.dll, AssemblyResolver.OnResolve: Microsoft.VisualStudio.TestPlatform.Fakes: Assembly path does not exist: 'C:\Program Files\dotnet\sdk\6.0.200\Microsoft.VisualStudio.TestPlatform.Fakes.dll', returning.
TpTrace Information: 0 : 30836, 1, 2022/04/27, 12:26:57.455, 5975600926998, vstest.console.dll, AssemblyResolver.OnResolve: Microsoft.VisualStudio.TestPlatform.Fakes: Assembly path does not exist: 'C:\Program Files\dotnet\sdk\6.0.200\Microsoft.VisualStudio.TestPlatform.Fakes.exe', returning.
TpTrace Information: 0 : 30836, 1, 2022/04/27, 12:26:57.455, 5975600927313, vstest.console.dll, AssemblyResolver.OnResolve: Microsoft.VisualStudio.TestPlatform.Fakes: Failed to load assembly.
TpTrace Information: 0 : 30836, 1, 2022/04/27, 12:26:57.455, 5975600929449, vstest.console.dll, Failed to load assembly Microsoft.VisualStudio.TestPlatform.Fakes, Version=17.0.0.0, Culture=neutral. Reason:System.IO.FileNotFoundException: Could not load file or assembly 'Microsoft.VisualStudio.TestPlatform.Fakes, Version=17.0.0.0, Culture=neutral, PublicKeyToken=null'. The system cannot find the file specified.
File name: 'Microsoft.VisualStudio.TestPlatform.Fakes, Version=17.0.0.0, Culture=neutral, PublicKeyToken=null'
   at System.Reflection.RuntimeAssembly.InternalLoad(ObjectHandleOnStack assemblyName, ObjectHandleOnStack requestingAssembly, StackCrawlMarkHandle stackMark, Boolean throwOnFileNotFound, ObjectHandleOnStack assemblyLoadContext, ObjectHandleOnStack retAssembly)
   at System.Reflection.RuntimeAssembly.InternalLoad(AssemblyName assemblyName, RuntimeAssembly requestingAssembly, StackCrawlMark& stackMark, Boolean throwOnFileNotFound, AssemblyLoadContext assemblyLoadContext)
   at System.Reflection.Assembly.Load(AssemblyName assemblyRef)
   at Microsoft.VisualStudio.TestPlatform.Common.Utilities.FakesUtilities.LoadTestPlatformAssembly()
TpTrace Verbose: 0 : 30836, 1, 2022/04/27, 12:26:57.459, 5975600964181, vstest.console.dll, TestPluginCache.DiscoverTestExtensions: finding test extensions in assemblies ends with: TestLogger.dll TPluginInfo: Microsoft.VisualStudio.TestPlatform.Common.ExtensionFramework.Utilities.TestLoggerPluginInformation TExtension: Microsoft.VisualStudio.TestPlatform.ObjectModel.Client.ITestLogger
TpTrace Verbose: 0 : 30836, 1, 2022/04/27, 12:26:57.459, 5975600964946, vstest.console.dll, TestPluginCache.GetExtensionPaths: Filtered extension paths: 
TpTrace Verbose: 0 : 30836, 1, 2022/04/27, 12:26:57.459, 5975600965290, vstest.console.dll, TestPluginCache.GetExtensionPaths: Added default extension paths: C:\Program Files\dotnet\sdk\6.0.200\Extensions\DumpMinitool.exe
C:\Program Files\dotnet\sdk\6.0.200\Extensions\DumpMinitool.x86.exe
C:\Program Files\dotnet\sdk\6.0.200\Extensions\Microsoft.Diagnostics.NETCore.Client.dll
C:\Program Files\dotnet\sdk\6.0.200\Extensions\Microsoft.TestPlatform.Extensions.BlameDataCollector.dll
C:\Program Files\dotnet\sdk\6.0.200\Extensions\Microsoft.TestPlatform.Extensions.EventLogCollector.dll
C:\Program Files\dotnet\sdk\6.0.200\Extensions\Microsoft.TestPlatform.TestHostRuntimeProvider.dll
C:\Program Files\dotnet\sdk\6.0.200\Extensions\Microsoft.VisualStudio.TestPlatform.Extensions.Html.TestLogger.dll
C:\Program Files\dotnet\sdk\6.0.200\Extensions\Microsoft.VisualStudio.TestPlatform.Extensions.Trx.TestLogger.dll
TpTrace Verbose: 0 : 30836, 1, 2022/04/27, 12:26:57.459, 5975600965597, vstest.console.dll, TestPluginCache.GetExtensionPaths: Added unfilterableExtensionPaths: 
TpTrace Information: 0 : 30836, 1, 2022/04/27, 12:26:57.459, 5975600966686, vstest.console.dll, AssemblyResolver.AddSearchDirectories: Adding more searchDirectories C:\Program Files\dotnet\sdk\6.0.200\Extensions,C:\Program Files\dotnet\sdk\6.0.200
TpTrace Verbose: 0 : 30836, 1, 2022/04/27, 12:26:57.459, 5975600967087, vstest.console.dll, TestPluginCache.DiscoverTestExtensions: Discovering the extensions using extension path.
TpTrace Verbose: 0 : 30836, 1, 2022/04/27, 12:26:57.459, 5975600967364, vstest.console.dll, TestPluginCache.GetExtensionPaths: Filtered extension paths: 
TpTrace Verbose: 0 : 30836, 1, 2022/04/27, 12:26:57.459, 5975600967566, vstest.console.dll, TestPluginCache.GetExtensionPaths: Added default extension paths: C:\Program Files\dotnet\sdk\6.0.200\Extensions\DumpMinitool.exe
C:\Program Files\dotnet\sdk\6.0.200\Extensions\DumpMinitool.x86.exe
C:\Program Files\dotnet\sdk\6.0.200\Extensions\Microsoft.Diagnostics.NETCore.Client.dll
C:\Program Files\dotnet\sdk\6.0.200\Extensions\Microsoft.TestPlatform.Extensions.BlameDataCollector.dll
C:\Program Files\dotnet\sdk\6.0.200\Extensions\Microsoft.TestPlatform.Extensions.EventLogCollector.dll
C:\Program Files\dotnet\sdk\6.0.200\Extensions\Microsoft.TestPlatform.TestHostRuntimeProvider.dll
C:\Program Files\dotnet\sdk\6.0.200\Extensions\Microsoft.VisualStudio.TestPlatform.Extensions.Html.TestLogger.dll
C:\Program Files\dotnet\sdk\6.0.200\Extensions\Microsoft.VisualStudio.TestPlatform.Extensions.Trx.TestLogger.dll
TpTrace Verbose: 0 : 30836, 1, 2022/04/27, 12:26:57.459, 5975600967830, vstest.console.dll, TestPluginCache.GetExtensionPaths: Added unfilterableExtensionPaths: 
TpTrace Verbose: 0 : 30836, 1, 2022/04/27, 12:26:57.459, 5975600968057, vstest.console.dll, TestPluginCache.DiscoverTestExtensions: Discovering the extensions using allExtensionPaths: C:\Program Files\dotnet\sdk\6.0.200\Extensions\DumpMinitool.exe
C:\Program Files\dotnet\sdk\6.0.200\Extensions\DumpMinitool.x86.exe
C:\Program Files\dotnet\sdk\6.0.200\Extensions\Microsoft.Diagnostics.NETCore.Client.dll
C:\Program Files\dotnet\sdk\6.0.200\Extensions\Microsoft.TestPlatform.Extensions.BlameDataCollector.dll
C:\Program Files\dotnet\sdk\6.0.200\Extensions\Microsoft.TestPlatform.Extensions.EventLogCollector.dll
C:\Program Files\dotnet\sdk\6.0.200\Extensions\Microsoft.TestPlatform.TestHostRuntimeProvider.dll
C:\Program Files\dotnet\sdk\6.0.200\Extensions\Microsoft.VisualStudio.TestPlatform.Extensions.Html.TestLogger.dll
C:\Program Files\dotnet\sdk\6.0.200\Extensions\Microsoft.VisualStudio.TestPlatform.Extensions.Trx.TestLogger.dll
TpTrace Information: 0 : 30836, 1, 2022/04/27, 12:26:57.459, 5975600968394, vstest.console.dll, AssemblyResolver.AddSearchDirectories: Adding more searchDirectories C:\Program Files\dotnet\sdk\6.0.200\Extensions,C:\Program Files\dotnet\sdk\6.0.200
TpTrace Information: 0 : 30836, 1, 2022/04/27, 12:26:57.459, 5975600968620, vstest.console.dll, AssemblyResolver.AddSearchDirectories: Adding more searchDirectories C:\Program Files\dotnet\sdk\6.0.200\Extensions,C:\Program Files\dotnet\sdk\6.0.200
TpTrace Information: 0 : 30836, 1, 2022/04/27, 12:26:57.459, 5975600968850, vstest.console.dll, AssemblyResolver.AddSearchDirectories: Adding more searchDirectories C:\Program Files\dotnet\sdk\6.0.200\Extensions,C:\Program Files\dotnet\sdk\6.0.200
TpTrace Information: 0 : 30836, 1, 2022/04/27, 12:26:57.459, 5975600969094, vstest.console.dll, AssemblyResolver.AddSearchDirectories: Adding more searchDirectories C:\Program Files\dotnet\sdk\6.0.200\Extensions,C:\Program Files\dotnet\sdk\6.0.200
TpTrace Information: 0 : 30836, 1, 2022/04/27, 12:26:57.459, 5975600969345, vstest.console.dll, AssemblyResolver.AddSearchDirectories: Adding more searchDirectories C:\Program Files\dotnet\sdk\6.0.200\Extensions,C:\Program Files\dotnet\sdk\6.0.200
TpTrace Information: 0 : 30836, 1, 2022/04/27, 12:26:57.459, 5975600969594, vstest.console.dll, AssemblyResolver.AddSearchDirectories: Adding more searchDirectories C:\Program Files\dotnet\sdk\6.0.200\Extensions,C:\Program Files\dotnet\sdk\6.0.200
TpTrace Information: 0 : 30836, 1, 2022/04/27, 12:26:57.459, 5975600969872, vstest.console.dll, AssemblyResolver.AddSearchDirectories: Adding more searchDirectories C:\Program Files\dotnet\sdk\6.0.200\Extensions,C:\Program Files\dotnet\sdk\6.0.200
TpTrace Information: 0 : 30836, 1, 2022/04/27, 12:26:57.459, 5975600970077, vstest.console.dll, AssemblyResolver.AddSearchDirectories: Adding more searchDirectories C:\Program Files\dotnet\sdk\6.0.200\Extensions,C:\Program Files\dotnet\sdk\6.0.200
TpTrace Information: 0 : 30836, 1, 2022/04/27, 12:26:57.460, 5975600972390, vstest.console.dll, AssemblyResolver.OnResolve: Microsoft.Bcl.AsyncInterfaces: Resolving assembly.
TpTrace Information: 0 : 30836, 1, 2022/04/27, 12:26:57.460, 5975600972734, vstest.console.dll, AssemblyResolver.OnResolve: Microsoft.Bcl.AsyncInterfaces: Resolved from cache.
TpTrace Verbose: 0 : 30836, 1, 2022/04/27, 12:26:57.460, 5975600973007, vstest.console.dll, CurrentDomainAssemblyResolve: Resolving assembly 'Microsoft.Bcl.AsyncInterfaces'.
TpTrace Information: 0 : 30836, 1, 2022/04/27, 12:26:57.460, 5975600973331, vstest.console.dll, AssemblyResolver.OnResolve: Microsoft.Bcl.AsyncInterfaces: Resolving assembly.
TpTrace Information: 0 : 30836, 1, 2022/04/27, 12:26:57.460, 5975600973568, vstest.console.dll, AssemblyResolver.OnResolve: Microsoft.Bcl.AsyncInterfaces: Resolved from cache.
TpTrace Verbose: 0 : 30836, 1, 2022/04/27, 12:26:57.460, 5975600973775, vstest.console.dll, CurrentDomainAssemblyResolve: Resolving assembly 'Microsoft.Bcl.AsyncInterfaces'.
TpTrace Verbose: 0 : 30836, 1, 2022/04/27, 12:26:57.460, 5975600973980, vstest.console.dll, CurrentDomainAssemblyResolve: Failed to resolve assembly 'Microsoft.Bcl.AsyncInterfaces'.
TpTrace Verbose: 0 : 30836, 1, 2022/04/27, 12:26:57.460, 5975600975235, vstest.console.dll, CurrentDomainAssemblyResolve: Failed to resolve assembly 'Microsoft.Bcl.AsyncInterfaces'.
TpTrace Warning: 0 : 30836, 1, 2022/04/27, 12:26:57.460, 5975600977889, vstest.console.dll, TestPluginDiscoverer: Failed to get types from assembly 'Microsoft.Diagnostics.NETCore.Client, Version=0.2.5.801, Culture=neutral, PublicKeyToken=31bf3856ad364e35'.  Skipping test extension scan for this assembly.  Error: System.Reflection.ReflectionTypeLoadException: Unable to load one or more of the requested types.
Could not load file or assembly 'Microsoft.Bcl.AsyncInterfaces, Version=1.0.0.0, Culture=neutral, PublicKeyToken=cc7b13ffcd2ddd51'. The system cannot find the file specified.
   at System.Reflection.RuntimeModule.GetTypes(RuntimeModule module)
   at System.Reflection.Assembly.GetTypes()
   at Microsoft.VisualStudio.TestPlatform.Common.ExtensionFramework.TestPluginDiscoverer.GetTestExtensionsFromAssembly[TPluginInfo,TExtension](Assembly assembly, Dictionary`2 pluginInfos)
System.IO.FileNotFoundException: Could not load file or assembly 'Microsoft.Bcl.AsyncInterfaces, Version=1.0.0.0, Culture=neutral, PublicKeyToken=cc7b13ffcd2ddd51'. The system cannot find the file specified.
File name: 'Microsoft.Bcl.AsyncInterfaces, Version=1.0.0.0, Culture=neutral, PublicKeyToken=cc7b13ffcd2ddd51'
 ---> System.IO.FileNotFoundException: Could not load file or assembly 'Microsoft.Bcl.AsyncInterfaces, Culture=neutral, PublicKeyToken=null'. The system cannot find the file specified.
File name: 'Microsoft.Bcl.AsyncInterfaces, Culture=neutral, PublicKeyToken=null'
   at System.Reflection.RuntimeAssembly.InternalLoad(ObjectHandleOnStack assemblyName, ObjectHandleOnStack requestingAssembly, StackCrawlMarkHandle stackMark, Boolean throwOnFileNotFound, ObjectHandleOnStack assemblyLoadContext, ObjectHandleOnStack retAssembly)
   at System.Reflection.RuntimeAssembly.InternalLoad(AssemblyName assemblyName, RuntimeAssembly requestingAssembly, StackCrawlMark& stackMark, Boolean throwOnFileNotFound, AssemblyLoadContext assemblyLoadContext)
   at System.Reflection.Assembly.Load(AssemblyName assemblyRef)
   at Microsoft.VisualStudio.TestPlatform.Common.ExtensionFramework.TestPluginCache.CurrentDomainAssemblyResolve(Object sender, AssemblyResolveEventArgs args)
   at Microsoft.VisualStudio.TestPlatform.PlatformAbstractions.PlatformAssemblyResolver.AssemblyResolverEvent(Object sender, Object eventArgs)
   at System.Runtime.Loader.AssemblyLoadContext.GetFirstResolvedAssemblyFromResolvingEvent(AssemblyName assemblyName)
   at System.Runtime.Loader.AssemblyLoadContext.ResolveUsingEvent(AssemblyName assemblyName)
   at System.Runtime.Loader.AssemblyLoadContext.ResolveUsingResolvingEvent(IntPtr gchManagedAssemblyLoadContext, AssemblyName assemblyName)
TpTrace Warning: 0 : 30836, 1, 2022/04/27, 12:26:57.460, 5975600979018, vstest.console.dll, LoaderExceptions: System.IO.FileNotFoundException: Could not load file or assembly 'Microsoft.Bcl.AsyncInterfaces, Version=1.0.0.0, Culture=neutral, PublicKeyToken=cc7b13ffcd2ddd51'. The system cannot find the file specified.
File name: 'Microsoft.Bcl.AsyncInterfaces, Version=1.0.0.0, Culture=neutral, PublicKeyToken=cc7b13ffcd2ddd51'
 ---> System.IO.FileNotFoundException: Could not load file or assembly 'Microsoft.Bcl.AsyncInterfaces, Culture=neutral, PublicKeyToken=null'. The system cannot find the file specified.
File name: 'Microsoft.Bcl.AsyncInterfaces, Culture=neutral, PublicKeyToken=null'
   at System.Reflection.RuntimeAssembly.InternalLoad(ObjectHandleOnStack assemblyName, ObjectHandleOnStack requestingAssembly, StackCrawlMarkHandle stackMark, Boolean throwOnFileNotFound, ObjectHandleOnStack assemblyLoadContext, ObjectHandleOnStack retAssembly)
   at System.Reflection.RuntimeAssembly.InternalLoad(AssemblyName assemblyName, RuntimeAssembly requestingAssembly, StackCrawlMark& stackMark, Boolean throwOnFileNotFound, AssemblyLoadContext assemblyLoadContext)
   at System.Reflection.Assembly.Load(AssemblyName assemblyRef)
   at Microsoft.VisualStudio.TestPlatform.Common.ExtensionFramework.TestPluginCache.CurrentDomainAssemblyResolve(Object sender, AssemblyResolveEventArgs args)
   at Microsoft.VisualStudio.TestPlatform.PlatformAbstractions.PlatformAssemblyResolver.AssemblyResolverEvent(Object sender, Object eventArgs)
   at System.Runtime.Loader.AssemblyLoadContext.GetFirstResolvedAssemblyFromResolvingEvent(AssemblyName assemblyName)
   at System.Runtime.Loader.AssemblyLoadContext.ResolveUsingEvent(AssemblyName assemblyName)
   at System.Runtime.Loader.AssemblyLoadContext.ResolveUsingResolvingEvent(IntPtr gchManagedAssemblyLoadContext, AssemblyName assemblyName)
TpTrace Verbose: 0 : 30836, 1, 2022/04/27, 12:26:57.461, 5975600981814, vstest.console.dll, TestPluginCache: Discovered the extensions using extension path ''.
TpTrace Verbose: 0 : 30836, 1, 2022/04/27, 12:26:57.461, 5975600982161, vstest.console.dll, TestPluginCache: Discoverers are ''.
TpTrace Verbose: 0 : 30836, 1, 2022/04/27, 12:26:57.461, 5975600982397, vstest.console.dll, TestPluginCache: Executors are ''.
TpTrace Verbose: 0 : 30836, 1, 2022/04/27, 12:26:57.461, 5975600982588, vstest.console.dll, TestPluginCache: Executors2 are ''.
TpTrace Verbose: 0 : 30836, 1, 2022/04/27, 12:26:57.461, 5975600982756, vstest.console.dll, TestPluginCache: Setting providers are ''.
TpTrace Verbose: 0 : 30836, 1, 2022/04/27, 12:26:57.461, 5975600983270, vstest.console.dll, TestPluginCache: Loggers are 'logger://Microsoft/TestPlatform/Extensions/Blame/v1,logger://Microsoft/TestPlatform/HtmlLogger/v1,logger://Microsoft/TestPlatform/TrxLogger/v1'.
TpTrace Information: 0 : 30836, 1, 2022/04/27, 12:26:57.461, 5975600988397, vstest.console.dll, TestPluginManager.CreateTestExtension: Attempting to load test extension: Microsoft.TestPlatform.Extensions.BlameDataCollector.BlameLogger
TpTrace Information: 0 : 30836, 1, 2022/04/27, 12:26:57.466, 5975601034508, vstest.console.dll, TestPluginManager.CreateTestExtension: Attempting to load test extension: Microsoft.VisualStudio.TestPlatform.CrossPlatEngine.Hosting.DefaultTestHostManager
TpTrace Information: 0 : 30836, 1, 2022/04/27, 12:26:57.467, 5975601044215, vstest.console.dll, TestPluginManager.CreateTestExtension: Attempting to load test extension: Microsoft.VisualStudio.TestPlatform.CrossPlatEngine.Hosting.DotnetTestHostManager
TpTrace Verbose: 0 : 30836, 1, 2022/04/27, 12:26:57.467, 5975601049156, vstest.console.dll, TestEngine: Initializing Parallel Execution as MaxCpuCount is set to: 1
TpTrace Information: 0 : 30836, 1, 2022/04/27, 12:26:57.468, 5975601056840, vstest.console.dll, InferRunSettingsHelper.IsTestSettingsEnabled: Unable to navigate to RunSettings/MSTest. Current node: RunSettings
TpTrace Verbose: 0 : 30836, 1, 2022/04/27, 12:26:57.483, 5975601204591, vstest.console.dll, TestRequestSender is acting as server
TpTrace Verbose: 0 : 30836, 5, 2022/04/27, 12:26:57.486, 5975601232884, vstest.console.dll, DataCollectionRequestSender.InitializeCommunication : Initialize communication. 
TpTrace Information: 0 : 30836, 5, 2022/04/27, 12:26:57.489, 5975601268625, vstest.console.dll, Listening on Endpoint : 127.0.0.1:60341
TpTrace Verbose: 0 : 30836, 5, 2022/04/27, 12:26:57.496, 5975601339896, vstest.console.dll, DotnetDataCollectionLauncher: Full path of dotnet.exe is C:\Program Files\dotnet\dotnet.exe
TpTrace Verbose: 0 : 30836, 5, 2022/04/27, 12:26:57.497, 5975601341572, vstest.console.dll, DotnetDataCollectionLauncher: Adding  --runtimeconfig "C:\Program Files\dotnet\sdk\6.0.200\datacollector.runtimeconfig.json" in args
TpTrace Verbose: 0 : 30836, 5, 2022/04/27, 12:26:57.498, 5975601356788, vstest.console.dll, DotnetDataCollectionLauncher: Adding  --depsfile "C:\Program Files\dotnet\sdk\6.0.200\datacollector.deps.json" in args
TpTrace Information: 0 : 30836, 5, 2022/04/27, 12:26:57.504, 5975601416664, vstest.console.dll, ProxyDataCollectionManager.Initialize: Launched datacollector processId: 19068 port: 60341
TpTrace Information: 0 : 30836, 5, 2022/04/27, 12:26:57.504, 5975601417752, vstest.console.dll, ProxyDataCollectionManager.Initialize: waiting for connection with timeout: 90 seconds
TpTrace Verbose: 0 : 30836, 5, 2022/04/27, 12:26:57.504, 5975601418169, vstest.console.dll, DataCollectionRequestSender.WaitForRequestHandlerConnection : Waiting for connection with timeout: 90000
TpTrace Information: 0 : 30836, 8, 2022/04/27, 12:26:57.581, 5975602189778, vstest.console.dll, Using the buffer size of 16384 bytes
TpTrace Verbose: 0 : 30836, 5, 2022/04/27, 12:26:57.582, 5975602190658, vstest.console.dll, ProxyDataCollectionManager.InvokeDataCollectionServiceAction: Starting.
TpTrace Information: 0 : 30836, 8, 2022/04/27, 12:26:57.582, 5975602190718, vstest.console.dll, Accepted Client request and set the flag
TpTrace Information: 0 : 30836, 5, 2022/04/27, 12:26:57.582, 5975602191430, vstest.console.dll, ProxyDataCollectionManager.BeforeTestRunStart: Get environment variable and port for datacollector processId: 19068 port: 60341
TpTrace Verbose: 0 : 30836, 5, 2022/04/27, 12:26:57.582, 5975602192569, vstest.console.dll, DataCollectionRequestSender.SendBeforeTestRunStartAndGetResult : Send BeforeTestRunStart message with settingsXml <RunSettings><RunConfiguration><ResultsDirectory>C:\Users\ilupa\Desktop\Proiect Amdaris\Traveller-Guide-App\TravellerGuideApp\TravelerGuideApp.IntegrationTests\bin\Debug\net6.0\fine-code-coverage\coverage-tool-output</ResultsDirectory><TargetPlatform>X64</TargetPlatform><TargetFrameworkVersion>.NETCoreApp,Version=v6.0</TargetFrameworkVersion><DesignMode>False</DesignMode><CollectSourceInformation>False</CollectSourceInformation><TestAdaptersPaths>C:\Program Files\dotnet\sdk\6.0.200\Extensions</TestAdaptersPaths></RunConfiguration><LoggerRunSettings><Loggers><Logger friendlyName="blame" enabled="True" /><Logger friendlyName="Console" uri="logger://microsoft/TestPlatform/ConsoleLogger/v1" assemblyQualifiedName="Microsoft.VisualStudio.TestPlatform.CommandLine.Internal.ConsoleLogger, vstest.console, Version=15.0.0.0, Culture=neutral, PublicKeyToken=b03f5f7f11d50a3a" codeBase="C:\Program Files\dotnet\sdk\6.0.200\vstest.console.dll" enabled="True" /></Loggers></LoggerRunSettings><DataCollectionRunSettings><DataCollectors><DataCollector friendlyName="blame" enabled="True"><Configuration><ResultsDirectory>C:\Users\ilupa\Desktop\Proiect Amdaris\Traveller-Guide-App\TravellerGuideApp\TravelerGuideApp.IntegrationTests\bin\Debug\net6.0\fine-code-coverage\coverage-tool-output</ResultsDirectory></Configuration></DataCollector></DataCollectors></DataCollectionRunSettings></RunSettings> and sources System.Linq.Enumerable+Concat2Iterator`1[System.String]: 
TpTrace Verbose: 0 : 30836, 5, 2022/04/27, 12:26:57.629, 5975602664188, vstest.console.dll, DataCollectionRequestSender.SendBeforeTestRunStartAndGetResult : Received message: (DataCollection.SendMessage) -> {
  "FriendlyName": null,
  "Uri": null,
  "TestCaseId": "00000000-0000-0000-0000-000000000000",
  "Message": "Logging DataCollector Diagnostics in file: C:\\Users\\ilupa\\Desktop\\Proiect Amdaris\\Traveller-Guide-App\\TravellerGuideApp\\TravelerGuideApp.IntegrationTests\\bin\\Debug\\net6.0\\fine-code-coverage\\coverage-tool-output\\diagnostics.datacollector.22-04-27_12-26-57_49427_5.log",
  "Level": 0
}
TpTrace Verbose: 0 : 30836, 5, 2022/04/27, 12:26:57.682, 5975603190402, vstest.console.dll, DataCollectionRequestSender.SendBeforeTestRunStartAndGetResult : Received message: (DataCollection.BeforeTestRunStartResult) -> {
  "EnvironmentVariables": {},
  "DataCollectionEventsPort": 60343
}
TpTrace Information: 0 : 30836, 5, 2022/04/27, 12:26:57.685, 5975603225830, vstest.console.dll, ProxyDataCollectionManager.BeforeTestRunStart: SendBeforeTestRunStartAndGetResult successful, env variable from datacollector:   and testhost port: 60343
TpTrace Information: 0 : 30836, 5, 2022/04/27, 12:26:57.685, 5975603226262, vstest.console.dll, ProxyDataCollectionManager.InvokeDataCollectionServiceAction: Completed.
TpTrace Verbose: 0 : 30836, 1, 2022/04/27, 12:26:57.685, 5975603227566, vstest.console.dll, TestRunRequest.ExecuteAsync: Creating test run request.
TpTrace Verbose: 0 : 30836, 1, 2022/04/27, 12:26:57.685, 5975603229336, vstest.console.dll, TestRunRequest.ExecuteAsync: Starting.
TpTrace Information: 0 : 30836, 1, 2022/04/27, 12:26:57.686, 5975603233494, vstest.console.dll, TestRunRequest.ExecuteAsync: Starting run with settings:TestRunCriteria:
   KeepAlive=False,FrequencyOfRunStatsChangeEvent=10,RunStatsChangeEventTimeout=00:00:01.5000000,TestCaseFilter=,TestExecutorLauncher=
   Settingsxml=<RunSettings>
  <RunConfiguration>
    <ResultsDirectory>C:\Users\ilupa\Desktop\Proiect Amdaris\Traveller-Guide-App\TravellerGuideApp\TravelerGuideApp.IntegrationTests\bin\Debug\net6.0\fine-code-coverage\coverage-tool-output</ResultsDirectory>
    <TargetPlatform>X64</TargetPlatform>
    <TargetFrameworkVersion>.NETCoreApp,Version=v6.0</TargetFrameworkVersion>
    <DesignMode>False</DesignMode>
    <CollectSourceInformation>False</CollectSourceInformation>
  </RunConfiguration>
  <LoggerRunSettings>
    <Loggers>
      <Logger friendlyName="blame" enabled="True" />
      <Logger friendlyName="Console" uri="logger://microsoft/TestPlatform/ConsoleLogger/v1" assemblyQualifiedName="Microsoft.VisualStudio.TestPlatform.CommandLine.Internal.ConsoleLogger, vstest.console, Version=15.0.0.0, Culture=neutral, PublicKeyToken=b03f5f7f11d50a3a" codeBase="C:\Program Files\dotnet\sdk\6.0.200\vstest.console.dll" enabled="True" />
    </Loggers>
  </LoggerRunSettings>
  <DataCollectionRunSettings>
    <DataCollectors>
      <DataCollector friendlyName="blame" enabled="True">
        <Configuration>
          <ResultsDirectory>C:\Users\ilupa\Desktop\Proiect Amdaris\Traveller-Guide-App\TravellerGuideApp\TravelerGuideApp.IntegrationTests\bin\Debug\net6.0\fine-code-coverage\coverage-tool-output</ResultsDirectory>
        </Configuration>
      </DataCollector>
    </DataCollectors>
  </DataCollectionRunSettings>
</RunSettings>

TpTrace Verbose: 0 : 30836, 1, 2022/04/27, 12:26:57.686, 5975603233888, vstest.console.dll, TestRunRequest.ExecuteAsync: Wait for the first run request is over.
TpTrace Verbose: 0 : 30836, 1, 2022/04/27, 12:26:57.686, 5975603236512, vstest.console.dll, ParallelProxyExecutionManager: Start execution. Total sources: 1
TpTrace Information: 0 : 30836, 1, 2022/04/27, 12:26:57.687, 5975603242433, vstest.console.dll, ProxyParallelExecutionManager: Triggering test run for next source: C:\Users\ilupa\Desktop\Proiect Amdaris\Traveller-Guide-App\TravellerGuideApp\TravelerGuideApp.IntegrationTests\bin\Debug\net6.0\fine-code-coverage\build-output\TravelerGuideApp.IntegrationTests.dll
TpTrace Verbose: 0 : 30836, 5, 2022/04/27, 12:26:57.687, 5975603244278, vstest.console.dll, ParallelProxyExecutionManager: Execution started. Started clients: 1
TpTrace Verbose: 0 : 30836, 1, 2022/04/27, 12:26:57.687, 5975603245150, vstest.console.dll, ProxyParallelExecutionManager: No sources available for execution.
TpTrace Information: 0 : 30836, 1, 2022/04/27, 12:26:57.687, 5975603245514, vstest.console.dll, TestRunRequest.ExecuteAsync: Started.
TpTrace Verbose: 0 : 30836, 1, 2022/04/27, 12:26:57.687, 5975603246092, vstest.console.dll, TestRunRequest.WaitForCompletion: Waiting with timeout -1.
TpTrace Verbose: 0 : 30836, 5, 2022/04/27, 12:26:57.687, 5975603247179, vstest.console.dll, TestRunRequest:SendTestRunMessage: Starting.
TpTrace Information: 0 : 30836, 5, 2022/04/27, 12:26:57.687, 5975603248033, vstest.console.dll, TestRunRequest:SendTestRunMessage: Completed.
TpTrace Verbose: 0 : 30836, 5, 2022/04/27, 12:26:57.687, 5975603249374, vstest.console.dll, ProxyExecutionManager: Test host is always Lazy initialize.
TpTrace Verbose: 0 : 30836, 5, 2022/04/27, 12:26:57.688, 5975603250818, vstest.console.dll, TestRequestSender.InitializeCommunication: initialize communication. 
TpTrace Information: 0 : 30836, 5, 2022/04/27, 12:26:57.688, 5975603254306, vstest.console.dll, SocketServer.Start: Listening on endpoint : 127.0.0.1:60344
TpTrace Verbose: 0 : 30836, 5, 2022/04/27, 12:26:57.689, 5975603260415, vstest.console.dll, DotnetTestHostmanager.GetTestHostProcessStartInfo: Platform environment 'X64' target architecture 'X64' framework '.NETCoreApp,Version=v6.0' OS 'Windows'
TpTrace Verbose: 0 : 30836, 5, 2022/04/27, 12:26:57.689, 5975603261839, vstest.console.dll, DotnetTestHostmanager: Adding  --runtimeconfig "C:\Users\ilupa\Desktop\Proiect Amdaris\Traveller-Guide-App\TravellerGuideApp\TravelerGuideApp.IntegrationTests\bin\Debug\net6.0\fine-code-coverage\build-output\TravelerGuideApp.IntegrationTests.runtimeconfig.json" in args
TpTrace Verbose: 0 : 30836, 5, 2022/04/27, 12:26:57.689, 5975603262503, vstest.console.dll, DotnetTestHostmanager: Adding  --depsfile "C:\Users\ilupa\Desktop\Proiect Amdaris\Traveller-Guide-App\TravellerGuideApp\TravelerGuideApp.IntegrationTests\bin\Debug\net6.0\fine-code-coverage\build-output\TravelerGuideApp.IntegrationTests.deps.json" in args
TpTrace Verbose: 0 : 30836, 5, 2022/04/27, 12:26:57.690, 5975603276288, vstest.console.dll, DotnetTestHostmanager.IsWinOnArm: Current PROCESSOR_ARCHITECTURE from registry 'AMD64'
TpTrace Verbose: 0 : 30836, 5, 2022/04/27, 12:26:57.690, 5975603277032, vstest.console.dll, DotnetTestHostmanager.IsWinOnArm: Is Windows on ARM 'False'
TpTrace Verbose: 0 : 30836, 5, 2022/04/27, 12:26:57.690, 5975603277734, vstest.console.dll, DotnetTestHostManager: testhost.exe found at path: C:\Users\ilupa\Desktop\Proiect Amdaris\Traveller-Guide-App\TravellerGuideApp\TravelerGuideApp.IntegrationTests\bin\Debug\net6.0\fine-code-coverage\build-output\testhost.exe
TpTrace Verbose: 0 : 30836, 5, 2022/04/27, 12:26:57.690, 5975603278043, vstest.console.dll, DotnetTestHostmanager: Full path of host exe is C:\Users\ilupa\Desktop\Proiect Amdaris\Traveller-Guide-App\TravellerGuideApp\TravelerGuideApp.IntegrationTests\bin\Debug\net6.0\fine-code-coverage\build-output\testhost.exe
TpTrace Verbose: 0 : 30836, 5, 2022/04/27, 12:26:57.690, 5975603278957, vstest.console.dll, DotnetTestHostmanager.LaunchTestHostAsync: Found 'VSTEST_WINAPPHOST_DOTNET_ROOT' in env variables, value 'C:\Program Files\dotnet'
TpTrace Verbose: 0 : 30836, 7, 2022/04/27, 12:26:57.691, 5975603284186, vstest.console.dll, DotnetTestHostManager: Starting process 'C:\Users\ilupa\Desktop\Proiect Amdaris\Traveller-Guide-App\TravellerGuideApp\TravelerGuideApp.IntegrationTests\bin\Debug\net6.0\fine-code-coverage\build-output\testhost.exe' with command line ' --runtimeconfig "C:\Users\ilupa\Desktop\Proiect Amdaris\Traveller-Guide-App\TravellerGuideApp\TravelerGuideApp.IntegrationTests\bin\Debug\net6.0\fine-code-coverage\build-output\TravelerGuideApp.IntegrationTests.runtimeconfig.json" --depsfile "C:\Users\ilupa\Desktop\Proiect Amdaris\Traveller-Guide-App\TravellerGuideApp\TravelerGuideApp.IntegrationTests\bin\Debug\net6.0\fine-code-coverage\build-output\TravelerGuideApp.IntegrationTests.deps.json" --port 60344 --endpoint 127.0.0.1:060344 --role client --parentprocessid 30836 --diag "C:\Users\ilupa\Desktop\Proiect Amdaris\Traveller-Guide-App\TravellerGuideApp\TravelerGuideApp.IntegrationTests\bin\Debug\net6.0\fine-code-coverage\coverage-tool-output\diagnostics.host.22-04-27_12-26-57_68861_5.log" --tracelevel 4 --datacollectionport 60343 --telemetryoptedin false'
TpTrace Verbose: 0 : 30836, 7, 2022/04/27, 12:26:57.717, 5975603541833, vstest.console.dll, Test Runtime launched
TpTrace Verbose: 0 : 30836, 5, 2022/04/27, 12:26:57.717, 5975603546862, vstest.console.dll, TestRequestSender.WaitForRequestHandlerConnection: waiting for connection with timeout: 90000
TpTrace Verbose: 0 : 30836, 7, 2022/04/27, 12:26:57.808, 5975604456296, vstest.console.dll, SocketServer.OnClientConnected: Client connected for endPoint: 127.0.0.1:60344, starting MessageLoopAsync:
TpTrace Verbose: 0 : 30836, 14, 2022/04/27, 12:26:57.808, 5975604458111, vstest.console.dll, TcpClientExtensions.MessageLoopAsync: Polling on remoteEndPoint: 127.0.0.1:60345 localEndPoint: 127.0.0.1:60344
TpTrace Verbose: 0 : 30836, 5, 2022/04/27, 12:26:57.809, 5975604462660, vstest.console.dll, TestRequestSender.CheckVersionWithTestHost: Sending check version message: {"MessageType":"ProtocolVersion","Payload":5}
TpTrace Verbose: 0 : 30836, 14, 2022/04/27, 12:26:57.904, 5975605412651, vstest.console.dll, TcpClientExtensions.MessageLoopAsync: NotifyDataAvailable remoteEndPoint: 127.0.0.1:60345 localEndPoint: 127.0.0.1:60344
TpTrace Verbose: 0 : 30836, 14, 2022/04/27, 12:26:57.904, 5975605414157, vstest.console.dll, TestRequestSender.CheckVersionWithTestHost: onMessageReceived received message: (ProtocolVersion) -> 5
TpTrace Verbose: 0 : 30836, 14, 2022/04/27, 12:26:57.904, 5975605416311, vstest.console.dll, TcpClientExtensions.MessageLoopAsync: Polling on remoteEndPoint: 127.0.0.1:60345 localEndPoint: 127.0.0.1:60344
TpTrace Verbose: 0 : 30836, 5, 2022/04/27, 12:26:57.904, 5975605417100, vstest.console.dll, TestPluginCache.GetExtensionPaths: Filtered extension paths: 
TpTrace Verbose: 0 : 30836, 5, 2022/04/27, 12:26:57.904, 5975605417479, vstest.console.dll, TestPluginCache.GetExtensionPaths: Added default extension paths: C:\Program Files\dotnet\sdk\6.0.200\Extensions\DumpMinitool.exe
C:\Program Files\dotnet\sdk\6.0.200\Extensions\DumpMinitool.x86.exe
C:\Program Files\dotnet\sdk\6.0.200\Extensions\Microsoft.Diagnostics.NETCore.Client.dll
C:\Program Files\dotnet\sdk\6.0.200\Extensions\Microsoft.TestPlatform.Extensions.BlameDataCollector.dll
C:\Program Files\dotnet\sdk\6.0.200\Extensions\Microsoft.TestPlatform.Extensions.EventLogCollector.dll
C:\Program Files\dotnet\sdk\6.0.200\Extensions\Microsoft.TestPlatform.TestHostRuntimeProvider.dll
C:\Program Files\dotnet\sdk\6.0.200\Extensions\Microsoft.VisualStudio.TestPlatform.Extensions.Html.TestLogger.dll
C:\Program Files\dotnet\sdk\6.0.200\Extensions\Microsoft.VisualStudio.TestPlatform.Extensions.Trx.TestLogger.dll
TpTrace Verbose: 0 : 30836, 5, 2022/04/27, 12:26:57.904, 5975605417742, vstest.console.dll, TestPluginCache.GetExtensionPaths: Added unfilterableExtensionPaths: 
TpTrace Verbose: 0 : 30836, 5, 2022/04/27, 12:26:57.906, 5975605438471, vstest.console.dll, TestRequestSender.InitializeExecution: Sending initialize execution with message: {"Version":5,"MessageType":"TestExecution.Initialize","Payload":["C:\\Users\\ilupa\\Desktop\\Proiect Amdaris\\Traveller-Guide-App\\TravellerGuideApp\\TravelerGuideApp.IntegrationTests\\bin\\Debug\\net6.0\\fine-code-coverage\\build-output\\Microsoft.VisualStudio.TestPlatform.MSTest.TestAdapter.dll"]}
TpTrace Warning: 0 : 30836, 5, 2022/04/27, 12:26:57.907, 5975605440626, vstest.console.dll, InferRunSettingsHelper.MakeRunsettingsCompatible: Removing the following settings: TargetPlatform from RunSettings file. To use those settings please move to latest version of Microsoft.NET.Test.Sdk
TpTrace Verbose: 0 : 30836, 14, 2022/04/27, 12:26:57.910, 5975605479232, vstest.console.dll, TcpClientExtensions.MessageLoopAsync: NotifyDataAvailable remoteEndPoint: 127.0.0.1:60345 localEndPoint: 127.0.0.1:60344
TpTrace Verbose: 0 : 30836, 14, 2022/04/27, 12:26:57.910, 5975605479971, vstest.console.dll, TestRequestSender.OnExecutionMessageReceived: Received message: {"Version":5,"MessageType":"TestSession.Message","Payload":{"MessageLevel":0,"Message":"Logging TestHost Diagnostics in file: C:\\Users\\ilupa\\Desktop\\Proiect Amdaris\\Traveller-Guide-App\\TravellerGuideApp\\TravelerGuideApp.IntegrationTests\\bin\\Debug\\net6.0\\fine-code-coverage\\coverage-tool-output\\diagnostics.host.22-04-27_12-26-57_68861_5.log"}}
TpTrace Verbose: 0 : 30836, 14, 2022/04/27, 12:26:57.912, 5975605492056, vstest.console.dll, TestRunRequest:SendTestRunMessage: Starting.
TpTrace Information: 0 : 30836, 14, 2022/04/27, 12:26:57.912, 5975605492665, vstest.console.dll, TestRunRequest:SendTestRunMessage: Completed.
TpTrace Verbose: 0 : 30836, 14, 2022/04/27, 12:26:57.912, 5975605492904, vstest.console.dll, TcpClientExtensions.MessageLoopAsync: Polling on remoteEndPoint: 127.0.0.1:60345 localEndPoint: 127.0.0.1:60344
TpTrace Verbose: 0 : 30836, 5, 2022/04/27, 12:26:57.922, 5975605593034, vstest.console.dll, TestRequestSender.StartTestRun: Sending test run with message: {"Version":5,"MessageType":"TestExecution.StartWithSources","Payload":{"AdapterSourceMap":{"_none_":["C:\\Users\\ilupa\\Desktop\\Proiect Amdaris\\Traveller-Guide-App\\TravellerGuideApp\\TravelerGuideApp.IntegrationTests\\bin\\Debug\\net6.0\\fine-code-coverage\\build-output\\TravelerGuideApp.IntegrationTests.dll"]},"RunSettings":"<RunSettings>\r\n  <RunConfiguration>\r\n    <ResultsDirectory>C:\\Users\\ilupa\\Desktop\\Proiect Amdaris\\Traveller-Guide-App\\TravellerGuideApp\\TravelerGuideApp.IntegrationTests\\bin\\Debug\\net6.0\\fine-code-coverage\\coverage-tool-output</ResultsDirectory>\r\n    <TargetFrameworkVersion>.NETCoreApp,Version=v6.0</TargetFrameworkVersion>\r\n    <DesignMode>False</DesignMode>\r\n    <CollectSourceInformation>False</CollectSourceInformation>\r\n  </RunConfiguration>\r\n  <LoggerRunSettings>\r\n    <Loggers>\r\n      <Logger friendlyName=\"blame\" enabled=\"True\" />\r\n      <Logger friendlyName=\"Console\" uri=\"logger://microsoft/TestPlatform/ConsoleLogger/v1\" assemblyQualifiedName=\"Microsoft.VisualStudio.TestPlatform.CommandLine.Internal.ConsoleLogger, vstest.console, Version=15.0.0.0, Culture=neutral, PublicKeyToken=b03f5f7f11d50a3a\" codeBase=\"C:\\Program Files\\dotnet\\sdk\\6.0.200\\vstest.console.dll\" enabled=\"True\" />\r\n    </Loggers>\r\n  </LoggerRunSettings>\r\n  <DataCollectionRunSettings>\r\n    <DataCollectors>\r\n      <DataCollector friendlyName=\"blame\" enabled=\"True\">\r\n        <Configuration>\r\n          <ResultsDirectory>C:\\Users\\ilupa\\Desktop\\Proiect Amdaris\\Traveller-Guide-App\\TravellerGuideApp\\TravelerGuideApp.IntegrationTests\\bin\\Debug\\net6.0\\fine-code-coverage\\coverage-tool-output</ResultsDirectory>\r\n        </Configuration>\r\n      </DataCollector>\r\n    </DataCollectors>\r\n  </DataCollectionRunSettings>\r\n</RunSettings>","TestExecutionContext":{"FrequencyOfRunStatsChangeEvent":10,"RunStatsChangeEventTimeout":"00:00:01.5000000","InIsolation":false,"KeepAlive":false,"AreTestCaseLevelEventsRequired":false,"IsDebug":false,"TestCaseFilter":null,"FilterOptions":null},"Package":null}}
TpTrace Verbose: 0 : 30836, 14, 2022/04/27, 12:26:58.926, 5975615634398, vstest.console.dll, TcpClientExtensions.MessageLoopAsync: Polling on remoteEndPoint: 127.0.0.1:60345 localEndPoint: 127.0.0.1:60344
TpTrace Verbose: 0 : 30836, 14, 2022/04/27, 12:26:58.978, 5975616156325, vstest.console.dll, TcpClientExtensions.MessageLoopAsync: NotifyDataAvailable remoteEndPoint: 127.0.0.1:60345 localEndPoint: 127.0.0.1:60344
TpTrace Verbose: 0 : 30836, 14, 2022/04/27, 12:26:58.978, 5975616158519, vstest.console.dll, TestRequestSender.OnExecutionMessageReceived: Received message: {"Version":5,"MessageType":"TestExecution.Completed","Payload":{"TestRunCompleteArgs":{"TestRunStatistics":{"ExecutedTests":2,"Stats":{"Failed":2}},"IsCanceled":false,"IsAborted":false,"Error":null,"AttachmentSets":[],"ElapsedTimeInRunningTests":"00:00:00.9425147","Metrics":{}},"LastRunTests":{"NewTestResults":[{"TestCase":{"Id":"073f7078-3b82-95ac-5b36-43fc60fa3ee6","FullyQualifiedName":"TravelerGuideApp.IntegrationTests.CityControllerTests.Get_All_Cities_ShouldReturnOKResponse","DisplayName":"Get_All_Cities_ShouldReturnOKResponse","ExecutorUri":"executor://MSTestAdapter/v2","Source":"C:\\Users\\ilupa\\Desktop\\Proiect Amdaris\\Traveller-Guide-App\\TravellerGuideApp\\TravelerGuideApp.IntegrationTests\\bin\\Debug\\net6.0\\fine-code-coverage\\build-output\\TravelerGuideApp.IntegrationTests.dll","CodeFilePath":null,"LineNumber":-1,"Properties":[{"Key":{"Id":"TestCase.ManagedType","Label":"ManagedType","Category":"","Description":"","Attributes":1,"ValueType":"System.String"},"Value":"TravelerGuideApp.IntegrationTests.CityControllerTests"},{"Key":{"Id":"TestCase.ManagedMethod","Label":"ManagedMethod","Category":"","Description":"","Attributes":1,"ValueType":"System.String"},"Value":"Get_All_Cities_ShouldReturnOKResponse"},{"Key":{"Id":"MSTestDiscoverer.TestClassName","Label":"ClassName","Category":"","Description":"","Attributes":1,"ValueType":"System.String"},"Value":"TravelerGuideApp.IntegrationTests.CityControllerTests"},{"Key":{"Id":"TestCase.Hierarchy","Label":"Hierarchy","Category":"","Description":"","Attributes":2,"ValueType":"System.String[]"},"Value":["TravelerGuideApp.IntegrationTests","CityControllerTests"]},{"Key":{"Id":"TestObject.Traits","Label":"Traits","Category":"","Description":"","Attributes":5,"ValueType":"System.Collections.Generic.KeyValuePair`2[[System.String],[System.String]][]"},"Value":[]}]},"Attachments":[],"Outcome":2,"ErrorMessage":"Test method TravelerGuideApp.IntegrationTests.CityControllerTests.Get_All_Cities_ShouldReturnOKResponse threw exception: \r\nSystem.IO.DirectoryNotFoundException: Could not find a part of the path 'C:\\Users\\ilupa\\Desktop\\Proiect Amdaris\\Traveller-Guide-App\\TravellerGuideApp\\TravelerGuideApp.IntegrationTests\\bin\\TextFiles\\Cities.json'.","ErrorStackTrace":"    at Microsoft.Win32.SafeHandles.SafeFileHandle.CreateFile(String fullPath, FileMode mode, FileAccess access, FileShare share, FileOptions options)\r\n   at Microsoft.Win32.SafeHandles.SafeFileHandle.Open(String fullPath, FileMode mode, FileAccess access, FileShare share, FileOptions options, Int64 preallocationSize)\r\n   at System.IO.Strategies.OSFileStreamStrategy..ctor(String path, FileMode mode, FileAccess access, FileShare share, FileOptions options, Int64 preallocationSize)\r\n   at System.IO.Strategies.FileStreamHelpers.ChooseStrategyCore(String path, FileMode mode, FileAccess access, FileShare share, FileOptions options, Int64 preallocationSize)\r\n   at System.IO.Strategies.FileStreamHelpers.ChooseStrategy(FileStream fileStream, String path, FileMode mode, FileAccess access, FileShare share, Int32 bufferSize, FileOptions options, Int64 preallocationSize)\r\n   at System.IO.StreamReader.ValidateArgsAndOpenPath(String path, Encoding encoding, Int32 bufferSize)\r\n   at System.IO.File.InternalReadAllText(String path, Encoding encoding)\r\n   at System.IO.File.ReadAllText(String path)\r\n   at TravelerGuideApp.IntegrationTests.Helpers.Utilities.PopulateCitiesTable(TravelerGuideAppDBContext db) in C:\\Users\\ilupa\\Desktop\\Proiect Amdaris\\Traveller-Guide-App\\TravellerGuideApp\\TravelerGuideApp.IntegrationTests\\Helpers\\Utilities.cs:line 31\r\n   at TravelerGuideApp.IntegrationTests.Helpers.Utilities.InitializeDbForTests(TravelerGuideAppDBContext db) in C:\\Users\\ilupa\\Desktop\\Proiect Amdaris\\Traveller-Guide-App\\TravellerGuideApp\\TravelerGuideApp.IntegrationTests\\Helpers\\Utilities.cs:line 17\r\n   at TravelerGuideApp.IntegrationTests.SocialMedia.Host.IntegrationTests.CustomWebApplicationFactory`1.<ConfigureWebHost>b__2_0(IServiceCollection services) in C:\\Users\\ilupa\\Desktop\\Proiect Amdaris\\Traveller-Guide-App\\TravellerGuideApp\\TravelerGuideApp.IntegrationTests\\CustomWebApplicationFactory.cs:line 58\r\n   at Microsoft.AspNetCore.Hosting.GenericWebHostBuilder.<>c__DisplayClass10_0.<ConfigureServices>b__0(WebHostBuilderContext context, IServiceCollection services)\r\n   at Microsoft.AspNetCore.Hosting.GenericWebHostBuilder.<>c__DisplayClass11_0.<ConfigureServices>b__0(HostBuilderContext context, IServiceCollection builder)\r\n   at Microsoft.Extensions.Hosting.HostBuilder.CreateServiceProvider()\r\n   at Microsoft.Extensions.Hosting.HostBuilder.Build()\r\n   at Microsoft.AspNetCore.Mvc.Testing.WebApplicationFactory`1.CreateHost(IHostBuilder builder)\r\n   at Microsoft.AspNetCore.Mvc.Testing.WebApplicationFactory`1.ConfigureHostBuilder(IHostBuilder hostBuilder)\r\n   at Microsoft.AspNetCore.Mvc.Testing.WebApplicationFactory`1.EnsureServer()\r\n   at Microsoft.AspNetCore.Mvc.Testing.WebApplicationFactory`1.CreateDefaultClient(DelegatingHandler[] handlers)\r\n   at Microsoft.AspNetCore.Mvc.Testing.WebApplicationFactory`1.CreateDefaultClient(Uri baseAddress, DelegatingHandler[] handlers)\r\n   at Microsoft.AspNetCore.Mvc.Testing.WebApplicationFactory`1.CreateClient(WebApplicationFactoryClientOptions options)\r\n   at Microsoft.AspNetCore.Mvc.Testing.WebApplicationFactory`1.CreateClient()\r\n   at TravelerGuideApp.IntegrationTests.CityControllerTests.Get_All_Cities_ShouldReturnOKResponse() in C:\\Users\\ilupa\\Desktop\\Proiect Amdaris\\Traveller-Guide-App\\TravellerGuideApp\\TravelerGuideApp.IntegrationTests\\CityControllerTests.cs:line 34\r\n   at Microsoft.VisualStudio.TestPlatform.MSTestAdapter.PlatformServices.ThreadOperations.ExecuteWithAbortSafety(Action action)\r\n","DisplayName":"Get_All_Cities_ShouldReturnOKResponse","Messages":[{"Category":"StdOutMsgs","Text":"info: Microsoft.EntityFrameworkCore.Infrastructure[10403]\r\n      Entity Framework Core 6.0.4 initialized 'TravelerGuideAppDBContext' using provider 'Microsoft.EntityFrameworkCore.Sqlite:6.0.4' with options: None\r\ninfo: Microsoft.EntityFrameworkCore.Database.Command[20101]\r\n      Executed DbCommand (7ms) [Parameters=[], CommandType='Text', CommandTimeout='30']\r\n      SELECT COUNT(*) FROM \"sqlite_master\" WHERE \"type\" = 'table' AND \"rootpage\" IS NOT NULL;\r\ninfo: Microsoft.EntityFrameworkCore.Database.Command[20101]\r\n      Executed DbCommand (0ms) [Parameters=[], CommandType='Text', CommandTimeout='30']\r\n      CREATE TABLE \"Cities\" (\r\n          \"Id\" INTEGER NOT NULL CONSTRAINT \"PK_Cities\" PRIMARY KEY AUTOINCREMENT,\r\n          \"Name\" TEXT NOT NULL,\r\n          \"Country\" TEXT NOT NULL\r\n      );\r\ninfo: Microsoft.EntityFrameworkCore.Database.Command[20101]\r\n      Executed DbCommand (0ms) [Parameters=[], CommandType='Text', CommandTimeout='30']\r\n      CREATE TABLE \"Users\" (\r\n          \"Id\" INTEGER NOT NULL CONSTRAINT \"PK_Users\" PRIMARY KEY AUTOINCREMENT,\r\n          \"FirstName\" TEXT NOT NULL,\r\n          \"LastName\" TEXT NOT NULL,\r\n          \"Email\" TEXT NOT NULL,\r\n          \"Password\" TEXT NOT NULL,\r\n          \"UserType\" TEXT NOT NULL\r\n      );\r\ninfo: Microsoft.EntityFrameworkCore.Database.Command[20101]\r\n      Executed DbCommand (0ms) [Parameters=[], CommandType='Text', CommandTimeout='30']\r\n      CREATE TABLE \"Locations\" (\r\n          \"Id\" INTEGER NOT NULL CONSTRAINT \"PK_Locations\" PRIMARY KEY AUTOINCREMENT,\r\n          \"Name\" TEXT NOT NULL,\r\n          \"Address\" TEXT NOT NULL,\r\n          \"LocationType\" TEXT NOT NULL,\r\n          \"Price\" REAL NOT NULL,\r\n          \"Latitude\" TEXT NULL,\r\n          \"Longitude\" TEXT NULL,\r\n          \"CityId\" INTEGER NULL,\r\n          CONSTRAINT \"FK_Locations_Cities_CityId\" FOREIGN KEY (\"CityId\") REFERENCES \"Cities\" (\"Id\") ON DELETE CASCADE\r\n      );\r\ninfo: Microsoft.EntityFrameworkCore.Database.Command[20101]\r\n      Executed DbCommand (0ms) [Parameters=[], CommandType='Text', CommandTimeout='30']\r\n      CREATE TABLE \"TravelItineraries\" (\r\n          \"Id\" INTEGER NOT NULL CONSTRAINT \"PK_TravelItineraries\" PRIMARY KEY AUTOINCREMENT,\r\n          \"Name\" TEXT NOT NULL,\r\n          \"Status\" TEXT NOT NULL,\r\n          \"TravelDate\" TEXT NOT NULL,\r\n          \"UserId\" INTEGER NOT NULL,\r\n          CONSTRAINT \"FK_TravelItineraries_Users_UserId\" FOREIGN KEY (\"UserId\") REFERENCES \"Users\" (\"Id\") ON DELETE CASCADE\r\n      );\r\ninfo: Microsoft.EntityFrameworkCore.Database.Command[20101]\r\n      Executed DbCommand (0ms) [Parameters=[], CommandType='Text', CommandTimeout='30']\r\n      CREATE TABLE \"TravelItineraryLocations\" (\r\n          \"TravelItineraryId\" INTEGER NOT NULL,\r\n          \"LocationId\" INTEGER NOT NULL,\r\n          CONSTRAINT \"PK_TravelItineraryLocations\" PRIMARY KEY (\"TravelItineraryId\", \"LocationId\"),\r\n          CONSTRAINT \"FK_TravelItineraryLocations_Locations_LocationId\" FOREIGN KEY (\"LocationId\") REFERENCES \"Locations\" (\"Id\") ON DELETE CASCADE,\r\n          CONSTRAINT \"FK_TravelItineraryLocations_TravelItineraries_TravelItineraryId\" FOREIGN KEY (\"TravelItineraryId\") REFERENCES \"TravelItineraries\" (\"Id\") ON DELETE SET NULL\r\n      );\r\ninfo: Microsoft.EntityFrameworkCore.Database.Command[20101]\r\n      Executed DbCommand (0ms) [Parameters=[], CommandType='Text', CommandTimeout='30']\r\n      CREATE INDEX \"IX_Locations_CityId\" ON \"Locations\" (\"CityId\");\r\ninfo: Microsoft.EntityFrameworkCore.Database.Command[20101]\r\n      Executed DbCommand (0ms) [Parameters=[], CommandType='Text', CommandTimeout='30']\r\n      CREATE INDEX \"IX_TravelItineraries_UserId\" ON \"TravelItineraries\" (\"UserId\");\r\ninfo: Microsoft.EntityFrameworkCore.Database.Command[20101]\r\n      Executed DbCommand (0ms) [Parameters=[], CommandType='Text', CommandTimeout='30']\r\n      CREATE INDEX \"IX_TravelItineraryLocations_LocationId\" ON \"TravelItineraryLocations\" (\"LocationId\");\r\n"}],"ComputerName":null,"Duration":"00:00:00.7313287","StartTime":"2022-04-27T12:26:58.1261023+03:00","EndTime":"2022-04-27T12:26:58.9112118+03:00","Properties":[{"Key":{"Id":"ExecutionId","Label":"ExecutionId","Category":"","Description":"","Attributes":1,"ValueType":"System.Guid"},"Value":"00000000-0000-0000-0000-000000000000"},{"Key":{"Id":"ParentExecId","Label":"ParentExecId","Category":"","Description":"","Attributes":1,"ValueType":"System.Guid"},"Value":"00000000-0000-0000-0000-000000000000"},{"Key":{"Id":"InnerResultsCount","Label":"InnerResultsCount","Category":"","Description":"","Attributes":1,"ValueType":"System.Int32"},"Value":0}]},{"TestCase":{"Id":"a98f35b8-eebc-e351-a0fb-468f1565aef6","FullyQualifiedName":"TravelerGuideApp.IntegrationTests.CityControllerTests.Create_City_ShouldReturnOKStatusCode","DisplayName":"Create_City_ShouldReturnOKStatusCode","ExecutorUri":"executor://MSTestAdapter/v2","Source":"C:\\Users\\ilupa\\Desktop\\Proiect Amdaris\\Traveller-Guide-App\\TravellerGuideApp\\TravelerGuideApp.IntegrationTests\\bin\\Debug\\net6.0\\fine-code-coverage\\build-output\\TravelerGuideApp.IntegrationTests.dll","CodeFilePath":null,"LineNumber":-1,"Properties":[{"Key":{"Id":"TestCase.ManagedType","Label":"ManagedType","Category":"","Description":"","Attributes":1,"ValueType":"System.String"},"Value":"TravelerGuideApp.IntegrationTests.CityControllerTests"},{"Key":{"Id":"TestCase.ManagedMethod","Label":"ManagedMethod","Category":"","Description":"","Attributes":1,"ValueType":"System.String"},"Value":"Create_City_ShouldReturnOKStatusCode"},{"Key":{"Id":"MSTestDiscoverer.TestClassName","Label":"ClassName","Category":"","Description":"","Attributes":1,"ValueType":"System.String"},"Value":"TravelerGuideApp.IntegrationTests.CityControllerTests"},{"Key":{"Id":"TestCase.Hierarchy","Label":"Hierarchy","Category":"","Description":"","Attributes":2,"ValueType":"System.String[]"},"Value":["TravelerGuideApp.IntegrationTests","CityControllerTests"]},{"Key":{"Id":"TestObject.Traits","Label":"Traits","Category":"","Description":"","Attributes":5,"ValueType":"System.Collections.Generic.KeyValuePair`2[[System.String],[System.String]][]"},"Value":[]}]},"Attachments":[],"Outcome":2,"ErrorMessage":"Test method TravelerGuideApp.IntegrationTests.CityControllerTests.Create_City_ShouldReturnOKStatusCode threw exception: \r\nSystem.IO.DirectoryNotFoundException: Could not find a part of the path 'C:\\Users\\ilupa\\Desktop\\Proiect Amdaris\\Traveller-Guide-App\\TravellerGuideApp\\TravelerGuideApp.IntegrationTests\\bin\\TextFiles\\Cities.json'.","ErrorStackTrace":"    at Microsoft.Win32.SafeHandles.SafeFileHandle.CreateFile(String fullPath, FileMode mode, FileAccess access, FileShare share, FileOptions options)\r\n   at Microsoft.Win32.SafeHandles.SafeFileHandle.Open(String fullPath, FileMode mode, FileAccess access, FileShare share, FileOptions options, Int64 preallocationSize)\r\n   at System.IO.Strategies.OSFileStreamStrategy..ctor(String path, FileMode mode, FileAccess access, FileShare share, FileOptions options, Int64 preallocationSize)\r\n   at System.IO.Strategies.FileStreamHelpers.ChooseStrategyCore(String path, FileMode mode, FileAccess access, FileShare share, FileOptions options, Int64 preallocationSize)\r\n   at System.IO.Strategies.FileStreamHelpers.ChooseStrategy(FileStream fileStream, String path, FileMode mode, FileAccess access, FileShare share, Int32 bufferSize, FileOptions options, Int64 preallocationSize)\r\n   at System.IO.StreamReader.ValidateArgsAndOpenPath(String path, Encoding encoding, Int32 bufferSize)\r\n   at System.IO.File.InternalReadAllText(String path, Encoding encoding)\r\n   at System.IO.File.ReadAllText(String path)\r\n   at TravelerGuideApp.IntegrationTests.Helpers.Utilities.PopulateCitiesTable(TravelerGuideAppDBContext db) in C:\\Users\\ilupa\\Desktop\\Proiect Amdaris\\Traveller-Guide-App\\TravellerGuideApp\\TravelerGuideApp.IntegrationTests\\Helpers\\Utilities.cs:line 31\r\n   at TravelerGuideApp.IntegrationTests.Helpers.Utilities.InitializeDbForTests(TravelerGuideAppDBContext db) in C:\\Users\\ilupa\\Desktop\\Proiect Amdaris\\Traveller-Guide-App\\TravellerGuideApp\\TravelerGuideApp.IntegrationTests\\Helpers\\Utilities.cs:line 17\r\n   at TravelerGuideApp.IntegrationTests.SocialMedia.Host.IntegrationTests.CustomWebApplicationFactory`1.<ConfigureWebHost>b__2_0(IServiceCollection services) in C:\\Users\\ilupa\\Desktop\\Proiect Amdaris\\Traveller-Guide-App\\TravellerGuideApp\\TravelerGuideApp.IntegrationTests\\CustomWebApplicationFactory.cs:line 58\r\n   at Microsoft.AspNetCore.Hosting.GenericWebHostBuilder.<>c__DisplayClass10_0.<ConfigureServices>b__0(WebHostBuilderContext context, IServiceCollection services)\r\n   at Microsoft.AspNetCore.Hosting.GenericWebHostBuilder.<>c__DisplayClass11_0.<ConfigureServices>b__0(HostBuilderContext context, IServiceCollection builder)\r\n   at Microsoft.Extensions.Hosting.HostBuilder.CreateServiceProvider()\r\n   at Microsoft.Extensions.Hosting.HostBuilder.Build()\r\n   at Microsoft.AspNetCore.Mvc.Testing.WebApplicationFactory`1.CreateHost(IHostBuilder builder)\r\n   at Microsoft.AspNetCore.Mvc.Testing.WebApplicationFactory`1.ConfigureHostBuilder(IHostBuilder hostBuilder)\r\n   at Microsoft.AspNetCore.Mvc.Testing.WebApplicationFactory`1.EnsureServer()\r\n   at Microsoft.AspNetCore.Mvc.Testing.WebApplicationFactory`1.CreateDefaultClient(DelegatingHandler[] handlers)\r\n   at Microsoft.AspNetCore.Mvc.Testing.WebApplicationFactory`1.CreateDefaultClient(Uri baseAddress, DelegatingHandler[] handlers)\r\n   at Microsoft.AspNetCore.Mvc.Testing.WebApplicationFactory`1.CreateClient(WebApplicationFactoryClientOptions options)\r\n   at Microsoft.AspNetCore.Mvc.Testing.WebApplicationFactory`1.CreateClient()\r\n   at TravelerGuideApp.IntegrationTests.CityControllerTests.Create_City_ShouldReturnOKStatusCode() in C:\\Users\\ilupa\\Desktop\\Proiect Amdaris\\Traveller-Guide-App\\TravellerGuideApp\\TravelerGuideApp.IntegrationTests\\CityControllerTests.cs:line 46\r\n   at Microsoft.VisualStudio.TestPlatform.MSTestAdapter.PlatformServices.ThreadOperations.ExecuteWithAbortSafety(Action action)\r\n","DisplayName":"Create_City_ShouldReturnOKStatusCode","Messages":[{"Category":"StdOutMsgs","Text":"info: Microsoft.EntityFrameworkCore.Infrastructure[10403]\r\n      Entity Framework Core 6.0.4 initialized 'TravelerGuideAppDBContext' using provider 'Microsoft.EntityFrameworkCore.Sqlite:6.0.4' with options: None\r\ninfo: Microsoft.EntityFrameworkCore.Database.Command[20101]\r\n      Executed DbCommand (0ms) [Parameters=[], CommandType='Text', CommandTimeout='30']\r\n      SELECT COUNT(*) FROM \"sqlite_master\" WHERE \"type\" = 'table' AND \"rootpage\" IS NOT NULL;\r\n"}],"ComputerName":null,"Duration":"00:00:00.0212251","StartTime":"2022-04-27T12:26:58.9282328+03:00","EndTime":"2022-04-27T12:26:58.9497121+03:00","Properties":[{"Key":{"Id":"ExecutionId","Label":"ExecutionId","Category":"","Description":"","Attributes":1,"ValueType":"System.Guid"},"Value":"00000000-0000-0000-0000-000000000000"},{"Key":{"Id":"ParentExecId","Label":"ParentExecId","Category":"","Description":"","Attributes":1,"ValueType":"System.Guid"},"Value":"00000000-0000-0000-0000-000000000000"},{"Key":{"Id":"InnerResultsCount","Label":"InnerResultsCount","Category":"","Description":"","Attributes":1,"ValueType":"System.Int32"},"Value":0}]}],"TestRunStatistics":{"ExecutedTests":2,"Stats":{"Failed":2}},"ActiveTests":[]},"RunAttachments":[],"ExecutorUris":["executor://mstestadapter/v2"]}}
TpTrace Verbose: 0 : 30836, 14, 2022/04/27, 12:26:58.979, 5975616165617, vstest.console.dll, TestRequestSender.EndSession: Sending end session.
TpTrace Verbose: 0 : 30836, 14, 2022/04/27, 12:26:58.979, 5975616166442, vstest.console.dll, ProxyOperationManager.Close: waiting for test host to exit for 100 ms
TpTrace Warning: 0 : 30836, 13, 2022/04/27, 12:26:58.997, 5975616344777, vstest.console.dll, TestHostManagerCallbacks.ErrorReceivedCallback Test host standard error line: 
TpTrace Verbose: 0 : 30836, 8, 2022/04/27, 12:26:59.003, 5975616406830, vstest.console.dll, TestHostProvider.ExitCallBack: Host exited starting callback.
TpTrace Information: 0 : 30836, 8, 2022/04/27, 12:26:59.004, 5975616410750, vstest.console.dll, TestHostManagerCallbacks.ExitCallBack: Testhost processId: 12644 exited with exitcode: 0 error: ''
TpTrace Verbose: 0 : 30836, 8, 2022/04/27, 12:26:59.004, 5975616411277, vstest.console.dll, DotnetTestHostManager.OnHostExited: invoking OnHostExited callback
TpTrace Verbose: 0 : 30836, 8, 2022/04/27, 12:26:59.004, 5975616411638, vstest.console.dll, CrossPlatEngine.TestHostManagerHostExited: calling on client process exit callback.
TpTrace Information: 0 : 30836, 8, 2022/04/27, 12:26:59.004, 5975616412045, vstest.console.dll, TestRequestSender.OnClientProcessExit: Test host process exited. Standard error: 
TpTrace Information: 0 : 30836, 8, 2022/04/27, 12:26:59.004, 5975616412347, vstest.console.dll, SocketServer.Stop: Stop server endPoint: 127.0.0.1:60344
TpTrace Information: 0 : 30836, 8, 2022/04/27, 12:26:59.004, 5975616412552, vstest.console.dll, SocketServer.Stop: Cancellation requested. Stopping message loop.
TpTrace Information: 0 : 30836, 14, 2022/04/27, 12:26:59.004, 5975616412679, vstest.console.dll, SocketServer.Stop: Stop server endPoint: 127.0.0.1:60344
TpTrace Information: 0 : 30836, 14, 2022/04/27, 12:26:59.004, 5975616413102, vstest.console.dll, SocketServer.Stop: Cancellation requested. Stopping message loop.
TpTrace Information: 0 : 30836, 14, 2022/04/27, 12:26:59.004, 5975616413499, vstest.console.dll, Closing the connection
TpTrace Warning: 0 : 30836, 14, 2022/04/27, 12:26:59.004, 5975616413738, vstest.console.dll, ProxyOperationManager: Timed out waiting for test host to exit. Will terminate process.
TpTrace Verbose: 0 : 30836, 14, 2022/04/27, 12:26:59.004, 5975616418713, vstest.console.dll, ProxyDataCollectionManager.InvokeDataCollectionServiceAction: Starting.
TpTrace Information: 0 : 30836, 14, 2022/04/27, 12:26:59.004, 5975616419069, vstest.console.dll, ProxyDataCollectionManager.AfterTestRunEnd: Get attachment set for datacollector processId: 19068 port: 60341
TpTrace Verbose: 0 : 30836, 14, 2022/04/27, 12:26:59.004, 5975616419460, vstest.console.dll, DataCollectionRequestSender.SendAfterTestRunStartAndGetResult : Send AfterTestRunEnd message with isCancelled: False
TpTrace Verbose: 0 : 30836, 14, 2022/04/27, 12:26:59.007, 5975616442023, vstest.console.dll, DataCollectionRequestSender.SendAfterTestRunStartAndGetResult : Received message: (DataCollection.AfterTestRunEndResult) -> {
  "AttachmentSets": [],
  "Metrics": {}
}
TpTrace Information: 0 : 30836, 14, 2022/04/27, 12:26:59.009, 5975616462286, vstest.console.dll, ProxyDataCollectionManager.InvokeDataCollectionServiceAction: Completed.
TpTrace Warning: 0 : 30836, 10, 2022/04/27, 12:26:59.009, 5975616468306, vstest.console.dll, DataCollectionLauncher.ErrorReceivedCallback datacollector standard error line: 
TpTrace Information: 0 : 30836, 8, 2022/04/27, 12:26:59.012, 5975616498575, vstest.console.dll, DataCollectionLauncher.ExitCallBack: Data collector exited with exitcode: 0 error: ''
TpTrace Verbose: 0 : 30836, 14, 2022/04/27, 12:26:59.065, 5975617020684, vstest.console.dll, TestRunRequest:SendTestRunStatsChange: Starting.
TpTrace Information: 0 : 30836, 14, 2022/04/27, 12:26:59.065, 5975617022480, vstest.console.dll, TestRunRequest:SendTestRunStatsChange: Completed.
TpTrace Verbose: 0 : 30836, 14, 2022/04/27, 12:26:59.065, 5975617023670, vstest.console.dll, ParallelProxyExecutionManager: HandlePartialRunComplete: Total completed clients = 1, Run complete = True, Run canceled: False.
TpTrace Verbose: 0 : 30836, 14, 2022/04/27, 12:26:59.078, 5975617155060, vstest.console.dll, TestRunRequest:TestRunComplete: Starting. IsAborted:False IsCanceled:False.
TpTrace Verbose: 0 : 30836, 14, 2022/04/27, 12:26:59.078, 5975617156445, vstest.console.dll, TestLoggerManager.HandleTestRunComplete: Ignoring as the object is disposed.
TpTrace Information: 0 : 30836, 14, 2022/04/27, 12:26:59.078, 5975617158117, vstest.console.dll, TestRunRequest:TestRunComplete: Completed.
TpTrace Verbose: 0 : 30836, 1, 2022/04/27, 12:26:59.078, 5975617158463, vstest.console.dll, TestRunRequest.Dispose: Starting.
TpTrace Information: 0 : 30836, 1, 2022/04/27, 12:26:59.078, 5975617158954, vstest.console.dll, TestRunRequest.Dispose: Completed.
TpTrace Verbose: 0 : 30836, 14, 2022/04/27, 12:26:59.078, 5975617158595, vstest.console.dll, TestRequestSender.SetOperationComplete: Setting operation complete.
TpTrace Information: 0 : 30836, 1, 2022/04/27, 12:26:59.078, 5975617159284, vstest.console.dll, TestRequestManager.RunTests: run tests completed.
TpTrace Information: 0 : 30836, 14, 2022/04/27, 12:26:59.078, 5975617159566, vstest.console.dll, SocketServer.Stop: Stop server endPoint: 127.0.0.1:60344
TpTrace Information: 0 : 30836, 14, 2022/04/27, 12:26:59.078, 5975617159893, vstest.console.dll, SocketServer.Stop: Cancellation requested. Stopping message loop.
TpTrace Information: 0 : 30836, 14, 2022/04/27, 12:26:59.078, 5975617160207, vstest.console.dll, SocketServer.PrivateStop: Stopping server endPoint: 127.0.0.1:60344 error: 
TpTrace Information: 0 : 30836, 1, 2022/04/27, 12:26:59.078, 5975617160269, vstest.console.dll, RunTestsArgumentProcessor:Execute: Test run is completed.
TpTrace Verbose: 0 : 30836, 1, 2022/04/27, 12:26:59.079, 5975617161556, vstest.console.dll, Executor.Execute: Exiting with exit code of 1
TpTrace Verbose: 0 : 30836, 14, 2022/04/27, 12:26:59.079, 5975617163003, vstest.console.dll, LengthPrefixCommunicationChannel.Dispose: Dispose reader and writer.
TpTrace Information: 0 : 30836, 14, 2022/04/27, 12:26:59.079, 5975617163496, vstest.console.dll, SocketServer.Stop: Raise disconnected event endPoint: 127.0.0.1:60344 error: 
TpTrace Verbose: 0 : 30836, 14, 2022/04/27, 12:26:59.079, 5975617163903, vstest.console.dll, TestRequestSender: OnTestRunAbort: Operation is already complete. Skip error message.
TpTrace Verbose: 0 : 30836, 14, 2022/04/27, 12:26:59.079, 5975617164141, vstest.console.dll, TcpClientExtensions.MessageLoopAsync: exiting MessageLoopAsync remoteEndPoint: 127.0.0.1:60345 localEndPoint: 127.0.0.1:60344
