TpTrace Verbose: 0 : 35236, 1, 2022/04/04, 13:01:11.179, 19886439533348, vstest.console.dll, Version: 17.1.0-release-20220113-05
TpTrace Information: 0 : 35236, 1, 2022/04/04, 13:01:11.186, 19886439589226, vstest.console.dll, FilePatternParser: The given file C:\Users\ilupa\Desktop\Proiect Amdaris\Traveller-Guide-App\TravellerGuideApp\NUnit.Tests\bin\Debug\net6.0\fine-code-coverage\build-output\NUnit.Tests.dll is a full path.
TpTrace Verbose: 0 : 35236, 1, 2022/04/04, 13:01:11.190, 19886439621948, vstest.console.dll, TestPluginCache.DiscoverTestExtensions: finding test extensions in assemblies ends with: RuntimeProvider.dll TPluginInfo: Microsoft.VisualStudio.TestPlatform.Common.ExtensionFramework.Utilities.TestRuntimePluginInformation TExtension: Microsoft.VisualStudio.TestPlatform.ObjectModel.Host.ITestRuntimeProvider
TpTrace Verbose: 0 : 35236, 1, 2022/04/04, 13:01:11.190, 19886439624754, vstest.console.dll, TestPluginCache.GetExtensionPaths: Filtered extension paths: 
TpTrace Verbose: 0 : 35236, 1, 2022/04/04, 13:01:11.190, 19886439625507, vstest.console.dll, TestPluginCache.GetExtensionPaths: Added default extension paths: C:\Program Files\dotnet\sdk\6.0.200\Extensions\DumpMinitool.exe
C:\Program Files\dotnet\sdk\6.0.200\Extensions\DumpMinitool.x86.exe
C:\Program Files\dotnet\sdk\6.0.200\Extensions\Microsoft.Diagnostics.NETCore.Client.dll
C:\Program Files\dotnet\sdk\6.0.200\Extensions\Microsoft.TestPlatform.Extensions.BlameDataCollector.dll
C:\Program Files\dotnet\sdk\6.0.200\Extensions\Microsoft.TestPlatform.Extensions.EventLogCollector.dll
C:\Program Files\dotnet\sdk\6.0.200\Extensions\Microsoft.TestPlatform.TestHostRuntimeProvider.dll
C:\Program Files\dotnet\sdk\6.0.200\Extensions\Microsoft.VisualStudio.TestPlatform.Extensions.Html.TestLogger.dll
C:\Program Files\dotnet\sdk\6.0.200\Extensions\Microsoft.VisualStudio.TestPlatform.Extensions.Trx.TestLogger.dll
TpTrace Verbose: 0 : 35236, 1, 2022/04/04, 13:01:11.190, 19886439625796, vstest.console.dll, TestPluginCache.GetExtensionPaths: Added unfilterableExtensionPaths: 
TpTrace Information: 0 : 35236, 1, 2022/04/04, 13:01:11.191, 19886439631538, vstest.console.dll, AssemblyResolver.ctor: Creating AssemblyResolver with searchDirectories C:\Program Files\dotnet\sdk\6.0.200\Extensions,C:\Program Files\dotnet\sdk\6.0.200
TpTrace Verbose: 0 : 35236, 1, 2022/04/04, 13:01:11.191, 19886439636425, vstest.console.dll, TestPluginCache.DiscoverTestExtensions: Discovering the extensions using extension path.
TpTrace Verbose: 0 : 35236, 1, 2022/04/04, 13:01:11.191, 19886439637212, vstest.console.dll, TestPluginCache.GetExtensionPaths: Filtered extension paths: 
TpTrace Verbose: 0 : 35236, 1, 2022/04/04, 13:01:11.191, 19886439637496, vstest.console.dll, TestPluginCache.GetExtensionPaths: Added default extension paths: C:\Program Files\dotnet\sdk\6.0.200\Extensions\DumpMinitool.exe
C:\Program Files\dotnet\sdk\6.0.200\Extensions\DumpMinitool.x86.exe
C:\Program Files\dotnet\sdk\6.0.200\Extensions\Microsoft.Diagnostics.NETCore.Client.dll
C:\Program Files\dotnet\sdk\6.0.200\Extensions\Microsoft.TestPlatform.Extensions.BlameDataCollector.dll
C:\Program Files\dotnet\sdk\6.0.200\Extensions\Microsoft.TestPlatform.Extensions.EventLogCollector.dll
C:\Program Files\dotnet\sdk\6.0.200\Extensions\Microsoft.TestPlatform.TestHostRuntimeProvider.dll
C:\Program Files\dotnet\sdk\6.0.200\Extensions\Microsoft.VisualStudio.TestPlatform.Extensions.Html.TestLogger.dll
C:\Program Files\dotnet\sdk\6.0.200\Extensions\Microsoft.VisualStudio.TestPlatform.Extensions.Trx.TestLogger.dll
TpTrace Verbose: 0 : 35236, 1, 2022/04/04, 13:01:11.191, 19886439637756, vstest.console.dll, TestPluginCache.GetExtensionPaths: Added unfilterableExtensionPaths: 
TpTrace Verbose: 0 : 35236, 1, 2022/04/04, 13:01:11.191, 19886439638151, vstest.console.dll, TestPluginCache.DiscoverTestExtensions: Discovering the extensions using allExtensionPaths: C:\Program Files\dotnet\sdk\6.0.200\Extensions\DumpMinitool.exe
C:\Program Files\dotnet\sdk\6.0.200\Extensions\DumpMinitool.x86.exe
C:\Program Files\dotnet\sdk\6.0.200\Extensions\Microsoft.Diagnostics.NETCore.Client.dll
C:\Program Files\dotnet\sdk\6.0.200\Extensions\Microsoft.TestPlatform.Extensions.BlameDataCollector.dll
C:\Program Files\dotnet\sdk\6.0.200\Extensions\Microsoft.TestPlatform.Extensions.EventLogCollector.dll
C:\Program Files\dotnet\sdk\6.0.200\Extensions\Microsoft.TestPlatform.TestHostRuntimeProvider.dll
C:\Program Files\dotnet\sdk\6.0.200\Extensions\Microsoft.VisualStudio.TestPlatform.Extensions.Html.TestLogger.dll
C:\Program Files\dotnet\sdk\6.0.200\Extensions\Microsoft.VisualStudio.TestPlatform.Extensions.Trx.TestLogger.dll
TpTrace Information: 0 : 35236, 1, 2022/04/04, 13:01:11.191, 19886439639268, vstest.console.dll, AssemblyResolver.AddSearchDirectories: Adding more searchDirectories C:\Program Files\dotnet\sdk\6.0.200\Extensions,C:\Program Files\dotnet\sdk\6.0.200
TpTrace Information: 0 : 35236, 1, 2022/04/04, 13:01:11.191, 19886439639666, vstest.console.dll, AssemblyResolver.AddSearchDirectories: Adding more searchDirectories C:\Program Files\dotnet\sdk\6.0.200\Extensions,C:\Program Files\dotnet\sdk\6.0.200
TpTrace Information: 0 : 35236, 1, 2022/04/04, 13:01:11.191, 19886439639934, vstest.console.dll, AssemblyResolver.AddSearchDirectories: Adding more searchDirectories C:\Program Files\dotnet\sdk\6.0.200\Extensions,C:\Program Files\dotnet\sdk\6.0.200
TpTrace Information: 0 : 35236, 1, 2022/04/04, 13:01:11.192, 19886439640140, vstest.console.dll, AssemblyResolver.AddSearchDirectories: Adding more searchDirectories C:\Program Files\dotnet\sdk\6.0.200\Extensions,C:\Program Files\dotnet\sdk\6.0.200
TpTrace Information: 0 : 35236, 1, 2022/04/04, 13:01:11.192, 19886439640341, vstest.console.dll, AssemblyResolver.AddSearchDirectories: Adding more searchDirectories C:\Program Files\dotnet\sdk\6.0.200\Extensions,C:\Program Files\dotnet\sdk\6.0.200
TpTrace Information: 0 : 35236, 1, 2022/04/04, 13:01:11.192, 19886439640564, vstest.console.dll, AssemblyResolver.AddSearchDirectories: Adding more searchDirectories C:\Program Files\dotnet\sdk\6.0.200\Extensions,C:\Program Files\dotnet\sdk\6.0.200
TpTrace Information: 0 : 35236, 1, 2022/04/04, 13:01:11.192, 19886439640770, vstest.console.dll, AssemblyResolver.AddSearchDirectories: Adding more searchDirectories C:\Program Files\dotnet\sdk\6.0.200\Extensions,C:\Program Files\dotnet\sdk\6.0.200
TpTrace Information: 0 : 35236, 1, 2022/04/04, 13:01:11.192, 19886439640964, vstest.console.dll, AssemblyResolver.AddSearchDirectories: Adding more searchDirectories C:\Program Files\dotnet\sdk\6.0.200\Extensions,C:\Program Files\dotnet\sdk\6.0.200
TpTrace Information: 0 : 35236, 1, 2022/04/04, 13:01:11.192, 19886439643284, vstest.console.dll, AssemblyResolver.OnResolve: DumpMinitool: Resolving assembly.
TpTrace Information: 0 : 35236, 1, 2022/04/04, 13:01:11.192, 19886439643753, vstest.console.dll, AssemblyResolver.OnResolve: DumpMinitool: Searching in: 'C:\Program Files\dotnet\sdk\6.0.200\Extensions'.
TpTrace Information: 0 : 35236, 1, 2022/04/04, 13:01:11.192, 19886439644465, vstest.console.dll, AssemblyResolver.OnResolve: DumpMinitool: Assembly path does not exist: 'C:\Program Files\dotnet\sdk\6.0.200\Extensions\DumpMinitool.dll', returning.
TpTrace Information: 0 : 35236, 1, 2022/04/04, 13:01:11.192, 19886439648131, vstest.console.dll, AssemblyResolver.OnResolve: DumpMinitool: Loading assembly 'C:\Program Files\dotnet\sdk\6.0.200\Extensions\DumpMinitool.exe'.
TpTrace Information: 0 : 35236, 1, 2022/04/04, 13:01:11.193, 19886439651635, vstest.console.dll, AssemblyResolver.OnResolve: Resolved assembly: DumpMinitool, from path: C:\Program Files\dotnet\sdk\6.0.200\Extensions\DumpMinitool.exe
TpTrace Information: 0 : 35236, 1, 2022/04/04, 13:01:11.196, 19886439685181, vstest.console.dll, AssemblyResolver.OnResolve: DumpMinitool.x86: Resolving assembly.
TpTrace Information: 0 : 35236, 1, 2022/04/04, 13:01:11.196, 19886439685674, vstest.console.dll, AssemblyResolver.OnResolve: DumpMinitool.x86: Searching in: 'C:\Program Files\dotnet\sdk\6.0.200\Extensions'.
TpTrace Information: 0 : 35236, 1, 2022/04/04, 13:01:11.196, 19886439686256, vstest.console.dll, AssemblyResolver.OnResolve: DumpMinitool.x86: Assembly path does not exist: 'C:\Program Files\dotnet\sdk\6.0.200\Extensions\DumpMinitool.x86.dll', returning.
TpTrace Information: 0 : 35236, 1, 2022/04/04, 13:01:11.196, 19886439689000, vstest.console.dll, AssemblyResolver.OnResolve: DumpMinitool.x86: Loading assembly 'C:\Program Files\dotnet\sdk\6.0.200\Extensions\DumpMinitool.x86.exe'.
TpTrace Information: 0 : 35236, 1, 2022/04/04, 13:01:11.197, 19886439691897, vstest.console.dll, AssemblyResolver.OnResolve: Resolved assembly: DumpMinitool.x86, from path: C:\Program Files\dotnet\sdk\6.0.200\Extensions\DumpMinitool.x86.exe
TpTrace Information: 0 : 35236, 1, 2022/04/04, 13:01:11.197, 19886439693922, vstest.console.dll, AssemblyResolver.OnResolve: Microsoft.Diagnostics.NETCore.Client: Resolving assembly.
TpTrace Information: 0 : 35236, 1, 2022/04/04, 13:01:11.197, 19886439694276, vstest.console.dll, AssemblyResolver.OnResolve: Microsoft.Diagnostics.NETCore.Client: Searching in: 'C:\Program Files\dotnet\sdk\6.0.200\Extensions'.
TpTrace Information: 0 : 35236, 1, 2022/04/04, 13:01:11.197, 19886439696617, vstest.console.dll, AssemblyResolver.OnResolve: Microsoft.Diagnostics.NETCore.Client: Loading assembly 'C:\Program Files\dotnet\sdk\6.0.200\Extensions\Microsoft.Diagnostics.NETCore.Client.dll'.
TpTrace Information: 0 : 35236, 1, 2022/04/04, 13:01:11.198, 19886439700436, vstest.console.dll, AssemblyResolver.OnResolve: Resolved assembly: Microsoft.Diagnostics.NETCore.Client, from path: C:\Program Files\dotnet\sdk\6.0.200\Extensions\Microsoft.Diagnostics.NETCore.Client.dll
TpTrace Information: 0 : 35236, 1, 2022/04/04, 13:01:11.199, 19886439715859, vstest.console.dll, AssemblyResolver.OnResolve: Microsoft.Bcl.AsyncInterfaces: Resolving assembly.
TpTrace Information: 0 : 35236, 1, 2022/04/04, 13:01:11.199, 19886439716347, vstest.console.dll, AssemblyResolver.OnResolve: Microsoft.Bcl.AsyncInterfaces: Searching in: 'C:\Program Files\dotnet\sdk\6.0.200\Extensions'.
TpTrace Information: 0 : 35236, 1, 2022/04/04, 13:01:11.199, 19886439716930, vstest.console.dll, AssemblyResolver.OnResolve: Microsoft.Bcl.AsyncInterfaces: Assembly path does not exist: 'C:\Program Files\dotnet\sdk\6.0.200\Extensions\Microsoft.Bcl.AsyncInterfaces.dll', returning.
TpTrace Information: 0 : 35236, 1, 2022/04/04, 13:01:11.199, 19886439717392, vstest.console.dll, AssemblyResolver.OnResolve: Microsoft.Bcl.AsyncInterfaces: Assembly path does not exist: 'C:\Program Files\dotnet\sdk\6.0.200\Extensions\Microsoft.Bcl.AsyncInterfaces.exe', returning.
TpTrace Information: 0 : 35236, 1, 2022/04/04, 13:01:11.199, 19886439717650, vstest.console.dll, AssemblyResolver.OnResolve: Microsoft.Bcl.AsyncInterfaces: Searching in: 'C:\Program Files\dotnet\sdk\6.0.200'.
TpTrace Information: 0 : 35236, 1, 2022/04/04, 13:01:11.199, 19886439718105, vstest.console.dll, AssemblyResolver.OnResolve: Microsoft.Bcl.AsyncInterfaces: Assembly path does not exist: 'C:\Program Files\dotnet\sdk\6.0.200\Microsoft.Bcl.AsyncInterfaces.dll', returning.
TpTrace Information: 0 : 35236, 1, 2022/04/04, 13:01:11.199, 19886439718529, vstest.console.dll, AssemblyResolver.OnResolve: Microsoft.Bcl.AsyncInterfaces: Assembly path does not exist: 'C:\Program Files\dotnet\sdk\6.0.200\Microsoft.Bcl.AsyncInterfaces.exe', returning.
TpTrace Information: 0 : 35236, 1, 2022/04/04, 13:01:11.199, 19886439718738, vstest.console.dll, AssemblyResolver.OnResolve: Microsoft.Bcl.AsyncInterfaces: Failed to load assembly.
TpTrace Verbose: 0 : 35236, 1, 2022/04/04, 13:01:11.199, 19886439719063, vstest.console.dll, CurrentDomainAssemblyResolve: Resolving assembly 'Microsoft.Bcl.AsyncInterfaces'.
TpTrace Information: 0 : 35236, 1, 2022/04/04, 13:01:11.199, 19886439719474, vstest.console.dll, AssemblyResolver.OnResolve: Microsoft.Bcl.AsyncInterfaces: Resolving assembly.
TpTrace Information: 0 : 35236, 1, 2022/04/04, 13:01:11.199, 19886439719746, vstest.console.dll, AssemblyResolver.OnResolve: Microsoft.Bcl.AsyncInterfaces: Resolved from cache.
TpTrace Verbose: 0 : 35236, 1, 2022/04/04, 13:01:11.199, 19886439719962, vstest.console.dll, CurrentDomainAssemblyResolve: Resolving assembly 'Microsoft.Bcl.AsyncInterfaces'.
TpTrace Verbose: 0 : 35236, 1, 2022/04/04, 13:01:11.200, 19886439720244, vstest.console.dll, CurrentDomainAssemblyResolve: Failed to resolve assembly 'Microsoft.Bcl.AsyncInterfaces'.
TpTrace Verbose: 0 : 35236, 1, 2022/04/04, 13:01:11.200, 19886439722713, vstest.console.dll, CurrentDomainAssemblyResolve: Failed to resolve assembly 'Microsoft.Bcl.AsyncInterfaces'.
TpTrace Warning: 0 : 35236, 1, 2022/04/04, 13:01:11.211, 19886439831695, vstest.console.dll, TestPluginDiscoverer: Failed to get types from assembly 'Microsoft.Diagnostics.NETCore.Client, Version=0.2.5.801, Culture=neutral, PublicKeyToken=31bf3856ad364e35'.  Skipping test extension scan for this assembly.  Error: System.Reflection.ReflectionTypeLoadException: Unable to load one or more of the requested types.
Could not load file or assembly 'Microsoft.Bcl.AsyncInterfaces, Version=1.0.0.0, Culture=neutral, PublicKeyToken=cc7b13ffcd2ddd51'. The system cannot find the file specified.
   at System.Reflection.RuntimeModule.GetTypes(RuntimeModule module)
   at System.Reflection.Assembly.GetTypes()
   at Microsoft.VisualStudio.TestPlatform.Common.ExtensionFramework.TestPluginDiscoverer.GetTestExtensionsFromAssembly[TPluginInfo,TExtension](Assembly assembly, Dictionary`2 pluginInfos)
System.IO.FileNotFoundException: Could not load file or assembly 'Microsoft.Bcl.AsyncInterfaces, Version=1.0.0.0, Culture=neutral, PublicKeyToken=cc7b13ffcd2ddd51'. The system cannot find the file specified.
File name: 'Microsoft.Bcl.AsyncInterfaces, Version=1.0.0.0, Culture=neutral, PublicKeyToken=cc7b13ffcd2ddd51'
 ---> System.IO.FileNotFoundException: Could not load file or assembly 'Microsoft.Bcl.AsyncInterfaces, Culture=neutral, PublicKeyToken=null'. The system cannot find the file specified.
File name: 'Microsoft.Bcl.AsyncInterfaces, Culture=neutral, PublicKeyToken=null'
   at System.Reflection.RuntimeAssembly.InternalLoad(ObjectHandleOnStack assemblyName, ObjectHandleOnStack requestingAssembly, StackCrawlMarkHandle stackMark, Boolean throwOnFileNotFound, ObjectHandleOnStack assemblyLoadContext, ObjectHandleOnStack retAssembly)
   at System.Reflection.RuntimeAssembly.InternalLoad(AssemblyName assemblyName, RuntimeAssembly requestingAssembly, StackCrawlMark& stackMark, Boolean throwOnFileNotFound, AssemblyLoadContext assemblyLoadContext)
   at System.Reflection.Assembly.Load(AssemblyName assemblyRef)
   at Microsoft.VisualStudio.TestPlatform.Common.ExtensionFramework.TestPluginCache.CurrentDomainAssemblyResolve(Object sender, AssemblyResolveEventArgs args)
   at Microsoft.VisualStudio.TestPlatform.PlatformAbstractions.PlatformAssemblyResolver.AssemblyResolverEvent(Object sender, Object eventArgs)
   at System.Runtime.Loader.AssemblyLoadContext.GetFirstResolvedAssemblyFromResolvingEvent(AssemblyName assemblyName)
   at System.Runtime.Loader.AssemblyLoadContext.ResolveUsingEvent(AssemblyName assemblyName)
   at System.Runtime.Loader.AssemblyLoadContext.ResolveUsingResolvingEvent(IntPtr gchManagedAssemblyLoadContext, AssemblyName assemblyName)
TpTrace Warning: 0 : 35236, 1, 2022/04/04, 13:01:11.211, 19886439833176, vstest.console.dll, LoaderExceptions: System.IO.FileNotFoundException: Could not load file or assembly 'Microsoft.Bcl.AsyncInterfaces, Version=1.0.0.0, Culture=neutral, PublicKeyToken=cc7b13ffcd2ddd51'. The system cannot find the file specified.
File name: 'Microsoft.Bcl.AsyncInterfaces, Version=1.0.0.0, Culture=neutral, PublicKeyToken=cc7b13ffcd2ddd51'
 ---> System.IO.FileNotFoundException: Could not load file or assembly 'Microsoft.Bcl.AsyncInterfaces, Culture=neutral, PublicKeyToken=null'. The system cannot find the file specified.
File name: 'Microsoft.Bcl.AsyncInterfaces, Culture=neutral, PublicKeyToken=null'
   at System.Reflection.RuntimeAssembly.InternalLoad(ObjectHandleOnStack assemblyName, ObjectHandleOnStack requestingAssembly, StackCrawlMarkHandle stackMark, Boolean throwOnFileNotFound, ObjectHandleOnStack assemblyLoadContext, ObjectHandleOnStack retAssembly)
   at System.Reflection.RuntimeAssembly.InternalLoad(AssemblyName assemblyName, RuntimeAssembly requestingAssembly, StackCrawlMark& stackMark, Boolean throwOnFileNotFound, AssemblyLoadContext assemblyLoadContext)
   at System.Reflection.Assembly.Load(AssemblyName assemblyRef)
   at Microsoft.VisualStudio.TestPlatform.Common.ExtensionFramework.TestPluginCache.CurrentDomainAssemblyResolve(Object sender, AssemblyResolveEventArgs args)
   at Microsoft.VisualStudio.TestPlatform.PlatformAbstractions.PlatformAssemblyResolver.AssemblyResolverEvent(Object sender, Object eventArgs)
   at System.Runtime.Loader.AssemblyLoadContext.GetFirstResolvedAssemblyFromResolvingEvent(AssemblyName assemblyName)
   at System.Runtime.Loader.AssemblyLoadContext.ResolveUsingEvent(AssemblyName assemblyName)
   at System.Runtime.Loader.AssemblyLoadContext.ResolveUsingResolvingEvent(IntPtr gchManagedAssemblyLoadContext, AssemblyName assemblyName)
TpTrace Information: 0 : 35236, 1, 2022/04/04, 13:01:11.211, 19886439834309, vstest.console.dll, AssemblyResolver.OnResolve: Microsoft.TestPlatform.Extensions.BlameDataCollector: Resolving assembly.
TpTrace Information: 0 : 35236, 1, 2022/04/04, 13:01:11.211, 19886439834734, vstest.console.dll, AssemblyResolver.OnResolve: Microsoft.TestPlatform.Extensions.BlameDataCollector: Searching in: 'C:\Program Files\dotnet\sdk\6.0.200\Extensions'.
TpTrace Information: 0 : 35236, 1, 2022/04/04, 13:01:11.211, 19886439837553, vstest.console.dll, AssemblyResolver.OnResolve: Microsoft.TestPlatform.Extensions.BlameDataCollector: Loading assembly 'C:\Program Files\dotnet\sdk\6.0.200\Extensions\Microsoft.TestPlatform.Extensions.BlameDataCollector.dll'.
TpTrace Information: 0 : 35236, 1, 2022/04/04, 13:01:11.212, 19886439841139, vstest.console.dll, AssemblyResolver.OnResolve: Resolved assembly: Microsoft.TestPlatform.Extensions.BlameDataCollector, from path: C:\Program Files\dotnet\sdk\6.0.200\Extensions\Microsoft.TestPlatform.Extensions.BlameDataCollector.dll
TpTrace Information: 0 : 35236, 1, 2022/04/04, 13:01:11.212, 19886439846418, vstest.console.dll, AssemblyResolver.OnResolve: Microsoft.TestPlatform.Extensions.EventLogCollector: Resolving assembly.
TpTrace Information: 0 : 35236, 1, 2022/04/04, 13:01:11.212, 19886439846839, vstest.console.dll, AssemblyResolver.OnResolve: Microsoft.TestPlatform.Extensions.EventLogCollector: Searching in: 'C:\Program Files\dotnet\sdk\6.0.200\Extensions'.
TpTrace Information: 0 : 35236, 1, 2022/04/04, 13:01:11.212, 19886439849626, vstest.console.dll, AssemblyResolver.OnResolve: Microsoft.TestPlatform.Extensions.EventLogCollector: Loading assembly 'C:\Program Files\dotnet\sdk\6.0.200\Extensions\Microsoft.TestPlatform.Extensions.EventLogCollector.dll'.
TpTrace Information: 0 : 35236, 1, 2022/04/04, 13:01:11.213, 19886439852711, vstest.console.dll, AssemblyResolver.OnResolve: Resolved assembly: Microsoft.TestPlatform.Extensions.EventLogCollector, from path: C:\Program Files\dotnet\sdk\6.0.200\Extensions\Microsoft.TestPlatform.Extensions.EventLogCollector.dll
TpTrace Information: 0 : 35236, 1, 2022/04/04, 13:01:11.213, 19886439859205, vstest.console.dll, AssemblyResolver.OnResolve: Microsoft.TestPlatform.TestHostRuntimeProvider: Resolving assembly.
TpTrace Information: 0 : 35236, 1, 2022/04/04, 13:01:11.213, 19886439859591, vstest.console.dll, AssemblyResolver.OnResolve: Microsoft.TestPlatform.TestHostRuntimeProvider: Searching in: 'C:\Program Files\dotnet\sdk\6.0.200\Extensions'.
TpTrace Information: 0 : 35236, 1, 2022/04/04, 13:01:11.214, 19886439861923, vstest.console.dll, AssemblyResolver.OnResolve: Microsoft.TestPlatform.TestHostRuntimeProvider: Loading assembly 'C:\Program Files\dotnet\sdk\6.0.200\Extensions\Microsoft.TestPlatform.TestHostRuntimeProvider.dll'.
TpTrace Information: 0 : 35236, 1, 2022/04/04, 13:01:11.214, 19886439865096, vstest.console.dll, AssemblyResolver.OnResolve: Resolved assembly: Microsoft.TestPlatform.TestHostRuntimeProvider, from path: C:\Program Files\dotnet\sdk\6.0.200\Extensions\Microsoft.TestPlatform.TestHostRuntimeProvider.dll
TpTrace Information: 0 : 35236, 1, 2022/04/04, 13:01:11.215, 19886439873200, vstest.console.dll, AssemblyResolver.OnResolve: Microsoft.VisualStudio.TestPlatform.Extensions.Html.TestLogger: Resolving assembly.
TpTrace Information: 0 : 35236, 1, 2022/04/04, 13:01:11.215, 19886439873595, vstest.console.dll, AssemblyResolver.OnResolve: Microsoft.VisualStudio.TestPlatform.Extensions.Html.TestLogger: Searching in: 'C:\Program Files\dotnet\sdk\6.0.200\Extensions'.
TpTrace Information: 0 : 35236, 1, 2022/04/04, 13:01:11.215, 19886439875984, vstest.console.dll, AssemblyResolver.OnResolve: Microsoft.VisualStudio.TestPlatform.Extensions.Html.TestLogger: Loading assembly 'C:\Program Files\dotnet\sdk\6.0.200\Extensions\Microsoft.VisualStudio.TestPlatform.Extensions.Html.TestLogger.dll'.
TpTrace Information: 0 : 35236, 1, 2022/04/04, 13:01:11.215, 19886439878884, vstest.console.dll, AssemblyResolver.OnResolve: Resolved assembly: Microsoft.VisualStudio.TestPlatform.Extensions.Html.TestLogger, from path: C:\Program Files\dotnet\sdk\6.0.200\Extensions\Microsoft.VisualStudio.TestPlatform.Extensions.Html.TestLogger.dll
TpTrace Information: 0 : 35236, 1, 2022/04/04, 13:01:11.216, 19886439880805, vstest.console.dll, AssemblyResolver.OnResolve: Microsoft.VisualStudio.TestPlatform.Extensions.Trx.TestLogger: Resolving assembly.
TpTrace Information: 0 : 35236, 1, 2022/04/04, 13:01:11.216, 19886439881191, vstest.console.dll, AssemblyResolver.OnResolve: Microsoft.VisualStudio.TestPlatform.Extensions.Trx.TestLogger: Searching in: 'C:\Program Files\dotnet\sdk\6.0.200\Extensions'.
TpTrace Information: 0 : 35236, 1, 2022/04/04, 13:01:11.216, 19886439883441, vstest.console.dll, AssemblyResolver.OnResolve: Microsoft.VisualStudio.TestPlatform.Extensions.Trx.TestLogger: Loading assembly 'C:\Program Files\dotnet\sdk\6.0.200\Extensions\Microsoft.VisualStudio.TestPlatform.Extensions.Trx.TestLogger.dll'.
TpTrace Information: 0 : 35236, 1, 2022/04/04, 13:01:11.216, 19886439886634, vstest.console.dll, AssemblyResolver.OnResolve: Resolved assembly: Microsoft.VisualStudio.TestPlatform.Extensions.Trx.TestLogger, from path: C:\Program Files\dotnet\sdk\6.0.200\Extensions\Microsoft.VisualStudio.TestPlatform.Extensions.Trx.TestLogger.dll
TpTrace Verbose: 0 : 35236, 1, 2022/04/04, 13:01:11.217, 19886439890079, vstest.console.dll, TestPluginCache: Discovered the extensions using extension path ''.
TpTrace Verbose: 0 : 35236, 1, 2022/04/04, 13:01:11.217, 19886439890557, vstest.console.dll, TestPluginCache: Discoverers are ''.
TpTrace Verbose: 0 : 35236, 1, 2022/04/04, 13:01:11.217, 19886439890766, vstest.console.dll, TestPluginCache: Executors are ''.
TpTrace Verbose: 0 : 35236, 1, 2022/04/04, 13:01:11.217, 19886439890942, vstest.console.dll, TestPluginCache: Executors2 are ''.
TpTrace Verbose: 0 : 35236, 1, 2022/04/04, 13:01:11.217, 19886439891109, vstest.console.dll, TestPluginCache: Setting providers are ''.
TpTrace Verbose: 0 : 35236, 1, 2022/04/04, 13:01:11.217, 19886439891273, vstest.console.dll, TestPluginCache: Loggers are ''.
TpTrace Information: 0 : 35236, 1, 2022/04/04, 13:01:11.219, 19886439918161, vstest.console.dll, RunTestsArgumentProcessor:Execute: Test run is starting.
TpTrace Verbose: 0 : 35236, 1, 2022/04/04, 13:01:11.219, 19886439918531, vstest.console.dll, RunTestsArgumentProcessor:Execute: Queuing Test run.
TpTrace Information: 0 : 35236, 1, 2022/04/04, 13:01:11.220, 19886439920564, vstest.console.dll, TestRequestManager.RunTests: run tests started.
TpTrace Information: 0 : 35236, 1, 2022/04/04, 13:01:11.222, 19886439942725, vstest.console.dll, AssemblyMetadataProvider.GetFrameWork: Determined framework:'.NETCoreApp,Version=v6.0' for source: 'C:\Users\ilupa\Desktop\Proiect Amdaris\Traveller-Guide-App\TravellerGuideApp\NUnit.Tests\bin\Debug\net6.0\fine-code-coverage\build-output\NUnit.Tests.dll'
TpTrace Information: 0 : 35236, 1, 2022/04/04, 13:01:11.222, 19886439943913, vstest.console.dll, Determined framework for all sources: .NETCoreApp,Version=v6.0
TpTrace Verbose: 0 : 35236, 1, 2022/04/04, 13:01:11.222, 19886439945996, vstest.console.dll, Default architecture: X64 IsDefaultTargetArchitecture: True
TpTrace Information: 0 : 35236, 1, 2022/04/04, 13:01:11.222, 19886439947973, vstest.console.dll, AssemblyMetadataProvider.GetArchitecture: Determined architecture:AnyCPU info for assembly: C:\Users\ilupa\Desktop\Proiect Amdaris\Traveller-Guide-App\TravellerGuideApp\NUnit.Tests\bin\Debug\net6.0\fine-code-coverage\build-output\NUnit.Tests.dll
TpTrace Information: 0 : 35236, 1, 2022/04/04, 13:01:11.222, 19886439948294, vstest.console.dll, Determined platform for source 'C:\Users\ilupa\Desktop\Proiect Amdaris\Traveller-Guide-App\TravellerGuideApp\NUnit.Tests\bin\Debug\net6.0\fine-code-coverage\build-output\NUnit.Tests.dll' is 'AnyCPU'
TpTrace Information: 0 : 35236, 1, 2022/04/04, 13:01:11.224, 19886439960736, vstest.console.dll, Determined platform for all sources: X64
TpTrace Information: 0 : 35236, 1, 2022/04/04, 13:01:11.224, 19886439961120, vstest.console.dll, Infered platform 'X64'.
TpTrace Information: 0 : 35236, 1, 2022/04/04, 13:01:11.224, 19886439961358, vstest.console.dll, Platform update to 'X64' required.
TpTrace Information: 0 : 35236, 1, 2022/04/04, 13:01:11.225, 19886439978756, vstest.console.dll, Compatible sources list : 
TpTrace Information: 0 : 35236, 1, 2022/04/04, 13:01:11.225, 19886439979165, vstest.console.dll, C:\Users\ilupa\Desktop\Proiect Amdaris\Traveller-Guide-App\TravellerGuideApp\NUnit.Tests\bin\Debug\net6.0\fine-code-coverage\build-output\NUnit.Tests.dll
TpTrace Information: 0 : 35236, 1, 2022/04/04, 13:01:11.227, 19886439995263, vstest.console.dll, InferRunSettingsHelper.IsTestSettingsEnabled: Unable to navigate to RunSettings/MSTest. Current node: RunSettings
TpTrace Information: 0 : 35236, 1, 2022/04/04, 13:01:11.227, 19886439999559, vstest.console.dll, AssemblyResolver.OnResolve: Microsoft.VisualStudio.TestPlatform.Fakes: Resolving assembly.
TpTrace Information: 0 : 35236, 1, 2022/04/04, 13:01:11.227, 19886439999961, vstest.console.dll, AssemblyResolver.OnResolve: Microsoft.VisualStudio.TestPlatform.Fakes: Searching in: 'C:\Program Files\dotnet\sdk\6.0.200\Extensions'.
TpTrace Information: 0 : 35236, 1, 2022/04/04, 13:01:11.228, 19886440000638, vstest.console.dll, AssemblyResolver.OnResolve: Microsoft.VisualStudio.TestPlatform.Fakes: Assembly path does not exist: 'C:\Program Files\dotnet\sdk\6.0.200\Extensions\Microsoft.VisualStudio.TestPlatform.Fakes.dll', returning.
TpTrace Information: 0 : 35236, 1, 2022/04/04, 13:01:11.228, 19886440001145, vstest.console.dll, AssemblyResolver.OnResolve: Microsoft.VisualStudio.TestPlatform.Fakes: Assembly path does not exist: 'C:\Program Files\dotnet\sdk\6.0.200\Extensions\Microsoft.VisualStudio.TestPlatform.Fakes.exe', returning.
TpTrace Information: 0 : 35236, 1, 2022/04/04, 13:01:11.228, 19886440001368, vstest.console.dll, AssemblyResolver.OnResolve: Microsoft.VisualStudio.TestPlatform.Fakes: Searching in: 'C:\Program Files\dotnet\sdk\6.0.200'.
TpTrace Information: 0 : 35236, 1, 2022/04/04, 13:01:11.228, 19886440001807, vstest.console.dll, AssemblyResolver.OnResolve: Microsoft.VisualStudio.TestPlatform.Fakes: Assembly path does not exist: 'C:\Program Files\dotnet\sdk\6.0.200\Microsoft.VisualStudio.TestPlatform.Fakes.dll', returning.
TpTrace Information: 0 : 35236, 1, 2022/04/04, 13:01:11.228, 19886440002307, vstest.console.dll, AssemblyResolver.OnResolve: Microsoft.VisualStudio.TestPlatform.Fakes: Assembly path does not exist: 'C:\Program Files\dotnet\sdk\6.0.200\Microsoft.VisualStudio.TestPlatform.Fakes.exe', returning.
TpTrace Information: 0 : 35236, 1, 2022/04/04, 13:01:11.228, 19886440002533, vstest.console.dll, AssemblyResolver.OnResolve: Microsoft.VisualStudio.TestPlatform.Fakes: Failed to load assembly.
TpTrace Information: 0 : 35236, 1, 2022/04/04, 13:01:11.228, 19886440004252, vstest.console.dll, Failed to load assembly Microsoft.VisualStudio.TestPlatform.Fakes, Version=17.0.0.0, Culture=neutral. Reason:System.IO.FileNotFoundException: Could not load file or assembly 'Microsoft.VisualStudio.TestPlatform.Fakes, Version=17.0.0.0, Culture=neutral, PublicKeyToken=null'. The system cannot find the file specified.
File name: 'Microsoft.VisualStudio.TestPlatform.Fakes, Version=17.0.0.0, Culture=neutral, PublicKeyToken=null'
   at System.Reflection.RuntimeAssembly.InternalLoad(ObjectHandleOnStack assemblyName, ObjectHandleOnStack requestingAssembly, StackCrawlMarkHandle stackMark, Boolean throwOnFileNotFound, ObjectHandleOnStack assemblyLoadContext, ObjectHandleOnStack retAssembly)
   at System.Reflection.RuntimeAssembly.InternalLoad(AssemblyName assemblyName, RuntimeAssembly requestingAssembly, StackCrawlMark& stackMark, Boolean throwOnFileNotFound, AssemblyLoadContext assemblyLoadContext)
   at System.Reflection.Assembly.Load(AssemblyName assemblyRef)
   at Microsoft.VisualStudio.TestPlatform.Common.Utilities.FakesUtilities.LoadTestPlatformAssembly()
TpTrace Verbose: 0 : 35236, 1, 2022/04/04, 13:01:11.230, 19886440028258, vstest.console.dll, TestPluginCache.DiscoverTestExtensions: finding test extensions in assemblies ends with: TestLogger.dll TPluginInfo: Microsoft.VisualStudio.TestPlatform.Common.ExtensionFramework.Utilities.TestLoggerPluginInformation TExtension: Microsoft.VisualStudio.TestPlatform.ObjectModel.Client.ITestLogger
TpTrace Verbose: 0 : 35236, 1, 2022/04/04, 13:01:11.230, 19886440028807, vstest.console.dll, TestPluginCache.GetExtensionPaths: Filtered extension paths: 
TpTrace Verbose: 0 : 35236, 1, 2022/04/04, 13:01:11.230, 19886440029082, vstest.console.dll, TestPluginCache.GetExtensionPaths: Added default extension paths: C:\Program Files\dotnet\sdk\6.0.200\Extensions\DumpMinitool.exe
C:\Program Files\dotnet\sdk\6.0.200\Extensions\DumpMinitool.x86.exe
C:\Program Files\dotnet\sdk\6.0.200\Extensions\Microsoft.Diagnostics.NETCore.Client.dll
C:\Program Files\dotnet\sdk\6.0.200\Extensions\Microsoft.TestPlatform.Extensions.BlameDataCollector.dll
C:\Program Files\dotnet\sdk\6.0.200\Extensions\Microsoft.TestPlatform.Extensions.EventLogCollector.dll
C:\Program Files\dotnet\sdk\6.0.200\Extensions\Microsoft.TestPlatform.TestHostRuntimeProvider.dll
C:\Program Files\dotnet\sdk\6.0.200\Extensions\Microsoft.VisualStudio.TestPlatform.Extensions.Html.TestLogger.dll
C:\Program Files\dotnet\sdk\6.0.200\Extensions\Microsoft.VisualStudio.TestPlatform.Extensions.Trx.TestLogger.dll
TpTrace Verbose: 0 : 35236, 1, 2022/04/04, 13:01:11.230, 19886440029328, vstest.console.dll, TestPluginCache.GetExtensionPaths: Added unfilterableExtensionPaths: 
TpTrace Information: 0 : 35236, 1, 2022/04/04, 13:01:11.231, 19886440030233, vstest.console.dll, AssemblyResolver.AddSearchDirectories: Adding more searchDirectories C:\Program Files\dotnet\sdk\6.0.200\Extensions,C:\Program Files\dotnet\sdk\6.0.200
TpTrace Verbose: 0 : 35236, 1, 2022/04/04, 13:01:11.231, 19886440030539, vstest.console.dll, TestPluginCache.DiscoverTestExtensions: Discovering the extensions using extension path.
TpTrace Verbose: 0 : 35236, 1, 2022/04/04, 13:01:11.231, 19886440030824, vstest.console.dll, TestPluginCache.GetExtensionPaths: Filtered extension paths: 
TpTrace Verbose: 0 : 35236, 1, 2022/04/04, 13:01:11.231, 19886440031027, vstest.console.dll, TestPluginCache.GetExtensionPaths: Added default extension paths: C:\Program Files\dotnet\sdk\6.0.200\Extensions\DumpMinitool.exe
C:\Program Files\dotnet\sdk\6.0.200\Extensions\DumpMinitool.x86.exe
C:\Program Files\dotnet\sdk\6.0.200\Extensions\Microsoft.Diagnostics.NETCore.Client.dll
C:\Program Files\dotnet\sdk\6.0.200\Extensions\Microsoft.TestPlatform.Extensions.BlameDataCollector.dll
C:\Program Files\dotnet\sdk\6.0.200\Extensions\Microsoft.TestPlatform.Extensions.EventLogCollector.dll
C:\Program Files\dotnet\sdk\6.0.200\Extensions\Microsoft.TestPlatform.TestHostRuntimeProvider.dll
C:\Program Files\dotnet\sdk\6.0.200\Extensions\Microsoft.VisualStudio.TestPlatform.Extensions.Html.TestLogger.dll
C:\Program Files\dotnet\sdk\6.0.200\Extensions\Microsoft.VisualStudio.TestPlatform.Extensions.Trx.TestLogger.dll
TpTrace Verbose: 0 : 35236, 1, 2022/04/04, 13:01:11.231, 19886440031257, vstest.console.dll, TestPluginCache.GetExtensionPaths: Added unfilterableExtensionPaths: 
TpTrace Verbose: 0 : 35236, 1, 2022/04/04, 13:01:11.231, 19886440031832, vstest.console.dll, TestPluginCache.DiscoverTestExtensions: Discovering the extensions using allExtensionPaths: C:\Program Files\dotnet\sdk\6.0.200\Extensions\DumpMinitool.exe
C:\Program Files\dotnet\sdk\6.0.200\Extensions\DumpMinitool.x86.exe
C:\Program Files\dotnet\sdk\6.0.200\Extensions\Microsoft.Diagnostics.NETCore.Client.dll
C:\Program Files\dotnet\sdk\6.0.200\Extensions\Microsoft.TestPlatform.Extensions.BlameDataCollector.dll
C:\Program Files\dotnet\sdk\6.0.200\Extensions\Microsoft.TestPlatform.Extensions.EventLogCollector.dll
C:\Program Files\dotnet\sdk\6.0.200\Extensions\Microsoft.TestPlatform.TestHostRuntimeProvider.dll
C:\Program Files\dotnet\sdk\6.0.200\Extensions\Microsoft.VisualStudio.TestPlatform.Extensions.Html.TestLogger.dll
C:\Program Files\dotnet\sdk\6.0.200\Extensions\Microsoft.VisualStudio.TestPlatform.Extensions.Trx.TestLogger.dll
TpTrace Information: 0 : 35236, 1, 2022/04/04, 13:01:11.231, 19886440032328, vstest.console.dll, AssemblyResolver.AddSearchDirectories: Adding more searchDirectories C:\Program Files\dotnet\sdk\6.0.200\Extensions,C:\Program Files\dotnet\sdk\6.0.200
TpTrace Information: 0 : 35236, 1, 2022/04/04, 13:01:11.231, 19886440032572, vstest.console.dll, AssemblyResolver.AddSearchDirectories: Adding more searchDirectories C:\Program Files\dotnet\sdk\6.0.200\Extensions,C:\Program Files\dotnet\sdk\6.0.200
TpTrace Information: 0 : 35236, 1, 2022/04/04, 13:01:11.231, 19886440032777, vstest.console.dll, AssemblyResolver.AddSearchDirectories: Adding more searchDirectories C:\Program Files\dotnet\sdk\6.0.200\Extensions,C:\Program Files\dotnet\sdk\6.0.200
TpTrace Information: 0 : 35236, 1, 2022/04/04, 13:01:11.231, 19886440033005, vstest.console.dll, AssemblyResolver.AddSearchDirectories: Adding more searchDirectories C:\Program Files\dotnet\sdk\6.0.200\Extensions,C:\Program Files\dotnet\sdk\6.0.200
TpTrace Information: 0 : 35236, 1, 2022/04/04, 13:01:11.231, 19886440033203, vstest.console.dll, AssemblyResolver.AddSearchDirectories: Adding more searchDirectories C:\Program Files\dotnet\sdk\6.0.200\Extensions,C:\Program Files\dotnet\sdk\6.0.200
TpTrace Information: 0 : 35236, 1, 2022/04/04, 13:01:11.231, 19886440033401, vstest.console.dll, AssemblyResolver.AddSearchDirectories: Adding more searchDirectories C:\Program Files\dotnet\sdk\6.0.200\Extensions,C:\Program Files\dotnet\sdk\6.0.200
TpTrace Information: 0 : 35236, 1, 2022/04/04, 13:01:11.231, 19886440033658, vstest.console.dll, AssemblyResolver.AddSearchDirectories: Adding more searchDirectories C:\Program Files\dotnet\sdk\6.0.200\Extensions,C:\Program Files\dotnet\sdk\6.0.200
TpTrace Information: 0 : 35236, 1, 2022/04/04, 13:01:11.231, 19886440033858, vstest.console.dll, AssemblyResolver.AddSearchDirectories: Adding more searchDirectories C:\Program Files\dotnet\sdk\6.0.200\Extensions,C:\Program Files\dotnet\sdk\6.0.200
TpTrace Information: 0 : 35236, 1, 2022/04/04, 13:01:11.231, 19886440035996, vstest.console.dll, AssemblyResolver.OnResolve: Microsoft.Bcl.AsyncInterfaces: Resolving assembly.
TpTrace Information: 0 : 35236, 1, 2022/04/04, 13:01:11.231, 19886440036314, vstest.console.dll, AssemblyResolver.OnResolve: Microsoft.Bcl.AsyncInterfaces: Resolved from cache.
TpTrace Verbose: 0 : 35236, 1, 2022/04/04, 13:01:11.231, 19886440036541, vstest.console.dll, CurrentDomainAssemblyResolve: Resolving assembly 'Microsoft.Bcl.AsyncInterfaces'.
TpTrace Information: 0 : 35236, 1, 2022/04/04, 13:01:11.231, 19886440036844, vstest.console.dll, AssemblyResolver.OnResolve: Microsoft.Bcl.AsyncInterfaces: Resolving assembly.
TpTrace Information: 0 : 35236, 1, 2022/04/04, 13:01:11.231, 19886440037041, vstest.console.dll, AssemblyResolver.OnResolve: Microsoft.Bcl.AsyncInterfaces: Resolved from cache.
TpTrace Verbose: 0 : 35236, 1, 2022/04/04, 13:01:11.231, 19886440037242, vstest.console.dll, CurrentDomainAssemblyResolve: Resolving assembly 'Microsoft.Bcl.AsyncInterfaces'.
TpTrace Verbose: 0 : 35236, 1, 2022/04/04, 13:01:11.231, 19886440037420, vstest.console.dll, CurrentDomainAssemblyResolve: Failed to resolve assembly 'Microsoft.Bcl.AsyncInterfaces'.
TpTrace Verbose: 0 : 35236, 1, 2022/04/04, 13:01:11.231, 19886440038422, vstest.console.dll, CurrentDomainAssemblyResolve: Failed to resolve assembly 'Microsoft.Bcl.AsyncInterfaces'.
TpTrace Warning: 0 : 35236, 1, 2022/04/04, 13:01:11.232, 19886440040734, vstest.console.dll, TestPluginDiscoverer: Failed to get types from assembly 'Microsoft.Diagnostics.NETCore.Client, Version=0.2.5.801, Culture=neutral, PublicKeyToken=31bf3856ad364e35'.  Skipping test extension scan for this assembly.  Error: System.Reflection.ReflectionTypeLoadException: Unable to load one or more of the requested types.
Could not load file or assembly 'Microsoft.Bcl.AsyncInterfaces, Version=1.0.0.0, Culture=neutral, PublicKeyToken=cc7b13ffcd2ddd51'. The system cannot find the file specified.
   at System.Reflection.RuntimeModule.GetTypes(RuntimeModule module)
   at System.Reflection.Assembly.GetTypes()
   at Microsoft.VisualStudio.TestPlatform.Common.ExtensionFramework.TestPluginDiscoverer.GetTestExtensionsFromAssembly[TPluginInfo,TExtension](Assembly assembly, Dictionary`2 pluginInfos)
System.IO.FileNotFoundException: Could not load file or assembly 'Microsoft.Bcl.AsyncInterfaces, Version=1.0.0.0, Culture=neutral, PublicKeyToken=cc7b13ffcd2ddd51'. The system cannot find the file specified.
File name: 'Microsoft.Bcl.AsyncInterfaces, Version=1.0.0.0, Culture=neutral, PublicKeyToken=cc7b13ffcd2ddd51'
 ---> System.IO.FileNotFoundException: Could not load file or assembly 'Microsoft.Bcl.AsyncInterfaces, Culture=neutral, PublicKeyToken=null'. The system cannot find the file specified.
File name: 'Microsoft.Bcl.AsyncInterfaces, Culture=neutral, PublicKeyToken=null'
   at System.Reflection.RuntimeAssembly.InternalLoad(ObjectHandleOnStack assemblyName, ObjectHandleOnStack requestingAssembly, StackCrawlMarkHandle stackMark, Boolean throwOnFileNotFound, ObjectHandleOnStack assemblyLoadContext, ObjectHandleOnStack retAssembly)
   at System.Reflection.RuntimeAssembly.InternalLoad(AssemblyName assemblyName, RuntimeAssembly requestingAssembly, StackCrawlMark& stackMark, Boolean throwOnFileNotFound, AssemblyLoadContext assemblyLoadContext)
   at System.Reflection.Assembly.Load(AssemblyName assemblyRef)
   at Microsoft.VisualStudio.TestPlatform.Common.ExtensionFramework.TestPluginCache.CurrentDomainAssemblyResolve(Object sender, AssemblyResolveEventArgs args)
   at Microsoft.VisualStudio.TestPlatform.PlatformAbstractions.PlatformAssemblyResolver.AssemblyResolverEvent(Object sender, Object eventArgs)
   at System.Runtime.Loader.AssemblyLoadContext.GetFirstResolvedAssemblyFromResolvingEvent(AssemblyName assemblyName)
   at System.Runtime.Loader.AssemblyLoadContext.ResolveUsingEvent(AssemblyName assemblyName)
   at System.Runtime.Loader.AssemblyLoadContext.ResolveUsingResolvingEvent(IntPtr gchManagedAssemblyLoadContext, AssemblyName assemblyName)
TpTrace Warning: 0 : 35236, 1, 2022/04/04, 13:01:11.232, 19886440041717, vstest.console.dll, LoaderExceptions: System.IO.FileNotFoundException: Could not load file or assembly 'Microsoft.Bcl.AsyncInterfaces, Version=1.0.0.0, Culture=neutral, PublicKeyToken=cc7b13ffcd2ddd51'. The system cannot find the file specified.
File name: 'Microsoft.Bcl.AsyncInterfaces, Version=1.0.0.0, Culture=neutral, PublicKeyToken=cc7b13ffcd2ddd51'
 ---> System.IO.FileNotFoundException: Could not load file or assembly 'Microsoft.Bcl.AsyncInterfaces, Culture=neutral, PublicKeyToken=null'. The system cannot find the file specified.
File name: 'Microsoft.Bcl.AsyncInterfaces, Culture=neutral, PublicKeyToken=null'
   at System.Reflection.RuntimeAssembly.InternalLoad(ObjectHandleOnStack assemblyName, ObjectHandleOnStack requestingAssembly, StackCrawlMarkHandle stackMark, Boolean throwOnFileNotFound, ObjectHandleOnStack assemblyLoadContext, ObjectHandleOnStack retAssembly)
   at System.Reflection.RuntimeAssembly.InternalLoad(AssemblyName assemblyName, RuntimeAssembly requestingAssembly, StackCrawlMark& stackMark, Boolean throwOnFileNotFound, AssemblyLoadContext assemblyLoadContext)
   at System.Reflection.Assembly.Load(AssemblyName assemblyRef)
   at Microsoft.VisualStudio.TestPlatform.Common.ExtensionFramework.TestPluginCache.CurrentDomainAssemblyResolve(Object sender, AssemblyResolveEventArgs args)
   at Microsoft.VisualStudio.TestPlatform.PlatformAbstractions.PlatformAssemblyResolver.AssemblyResolverEvent(Object sender, Object eventArgs)
   at System.Runtime.Loader.AssemblyLoadContext.GetFirstResolvedAssemblyFromResolvingEvent(AssemblyName assemblyName)
   at System.Runtime.Loader.AssemblyLoadContext.ResolveUsingEvent(AssemblyName assemblyName)
   at System.Runtime.Loader.AssemblyLoadContext.ResolveUsingResolvingEvent(IntPtr gchManagedAssemblyLoadContext, AssemblyName assemblyName)
TpTrace Verbose: 0 : 35236, 1, 2022/04/04, 13:01:11.232, 19886440044276, vstest.console.dll, TestPluginCache: Discovered the extensions using extension path ''.
TpTrace Verbose: 0 : 35236, 1, 2022/04/04, 13:01:11.232, 19886440044587, vstest.console.dll, TestPluginCache: Discoverers are ''.
TpTrace Verbose: 0 : 35236, 1, 2022/04/04, 13:01:11.232, 19886440044776, vstest.console.dll, TestPluginCache: Executors are ''.
TpTrace Verbose: 0 : 35236, 1, 2022/04/04, 13:01:11.232, 19886440044944, vstest.console.dll, TestPluginCache: Executors2 are ''.
TpTrace Verbose: 0 : 35236, 1, 2022/04/04, 13:01:11.232, 19886440045108, vstest.console.dll, TestPluginCache: Setting providers are ''.
TpTrace Verbose: 0 : 35236, 1, 2022/04/04, 13:01:11.232, 19886440045551, vstest.console.dll, TestPluginCache: Loggers are 'logger://Microsoft/TestPlatform/Extensions/Blame/v1,logger://Microsoft/TestPlatform/HtmlLogger/v1,logger://Microsoft/TestPlatform/TrxLogger/v1'.
TpTrace Information: 0 : 35236, 1, 2022/04/04, 13:01:11.232, 19886440049891, vstest.console.dll, TestPluginManager.CreateTestExtension: Attempting to load test extension: Microsoft.TestPlatform.Extensions.BlameDataCollector.BlameLogger
TpTrace Information: 0 : 35236, 1, 2022/04/04, 13:01:11.236, 19886440086678, vstest.console.dll, TestPluginManager.CreateTestExtension: Attempting to load test extension: Microsoft.VisualStudio.TestPlatform.CrossPlatEngine.Hosting.DefaultTestHostManager
TpTrace Information: 0 : 35236, 1, 2022/04/04, 13:01:11.237, 19886440095964, vstest.console.dll, TestPluginManager.CreateTestExtension: Attempting to load test extension: Microsoft.VisualStudio.TestPlatform.CrossPlatEngine.Hosting.DotnetTestHostManager
TpTrace Verbose: 0 : 35236, 1, 2022/04/04, 13:01:11.237, 19886440099945, vstest.console.dll, TestEngine: Initializing Parallel Execution as MaxCpuCount is set to: 1
TpTrace Information: 0 : 35236, 1, 2022/04/04, 13:01:11.238, 19886440103625, vstest.console.dll, InferRunSettingsHelper.IsTestSettingsEnabled: Unable to navigate to RunSettings/MSTest. Current node: RunSettings
TpTrace Verbose: 0 : 35236, 1, 2022/04/04, 13:01:11.246, 19886440184850, vstest.console.dll, TestRequestSender is acting as server
TpTrace Verbose: 0 : 35236, 5, 2022/04/04, 13:01:11.249, 19886440212327, vstest.console.dll, DataCollectionRequestSender.InitializeCommunication : Initialize communication. 
TpTrace Information: 0 : 35236, 5, 2022/04/04, 13:01:11.252, 19886440244839, vstest.console.dll, Listening on Endpoint : 127.0.0.1:59027
TpTrace Verbose: 0 : 35236, 5, 2022/04/04, 13:01:11.259, 19886440313985, vstest.console.dll, DotnetDataCollectionLauncher: Full path of dotnet.exe is C:\Program Files\dotnet\dotnet.exe
TpTrace Verbose: 0 : 35236, 5, 2022/04/04, 13:01:11.259, 19886440314978, vstest.console.dll, DotnetDataCollectionLauncher: Adding  --runtimeconfig "C:\Program Files\dotnet\sdk\6.0.200\datacollector.runtimeconfig.json" in args
TpTrace Verbose: 0 : 35236, 5, 2022/04/04, 13:01:11.259, 19886440315532, vstest.console.dll, DotnetDataCollectionLauncher: Adding  --depsfile "C:\Program Files\dotnet\sdk\6.0.200\datacollector.deps.json" in args
TpTrace Information: 0 : 35236, 5, 2022/04/04, 13:01:11.264, 19886440363826, vstest.console.dll, ProxyDataCollectionManager.Initialize: Launched datacollector processId: 34424 port: 59027
TpTrace Information: 0 : 35236, 5, 2022/04/04, 13:01:11.264, 19886440364902, vstest.console.dll, ProxyDataCollectionManager.Initialize: waiting for connection with timeout: 90 seconds
TpTrace Verbose: 0 : 35236, 5, 2022/04/04, 13:01:11.264, 19886440365374, vstest.console.dll, DataCollectionRequestSender.WaitForRequestHandlerConnection : Waiting for connection with timeout: 90000
TpTrace Information: 0 : 35236, 8, 2022/04/04, 13:01:11.342, 19886441149581, vstest.console.dll, Using the buffer size of 16384 bytes
TpTrace Information: 0 : 35236, 8, 2022/04/04, 13:01:11.343, 19886441150385, vstest.console.dll, Accepted Client request and set the flag
TpTrace Verbose: 0 : 35236, 5, 2022/04/04, 13:01:11.343, 19886441150714, vstest.console.dll, ProxyDataCollectionManager.InvokeDataCollectionServiceAction: Starting.
TpTrace Information: 0 : 35236, 5, 2022/04/04, 13:01:11.343, 19886441151712, vstest.console.dll, ProxyDataCollectionManager.BeforeTestRunStart: Get environment variable and port for datacollector processId: 34424 port: 59027
TpTrace Verbose: 0 : 35236, 5, 2022/04/04, 13:01:11.343, 19886441152418, vstest.console.dll, DataCollectionRequestSender.SendBeforeTestRunStartAndGetResult : Send BeforeTestRunStart message with settingsXml <RunSettings><RunConfiguration><ResultsDirectory>C:\Users\ilupa\Desktop\Proiect Amdaris\Traveller-Guide-App\TravellerGuideApp\NUnit.Tests\bin\Debug\net6.0\fine-code-coverage\coverage-tool-output</ResultsDirectory><TargetPlatform>X64</TargetPlatform><TargetFrameworkVersion>.NETCoreApp,Version=v6.0</TargetFrameworkVersion><DesignMode>False</DesignMode><CollectSourceInformation>False</CollectSourceInformation><TestAdaptersPaths>C:\Program Files\dotnet\sdk\6.0.200\Extensions</TestAdaptersPaths></RunConfiguration><LoggerRunSettings><Loggers><Logger friendlyName="blame" enabled="True" /><Logger friendlyName="Console" uri="logger://microsoft/TestPlatform/ConsoleLogger/v1" assemblyQualifiedName="Microsoft.VisualStudio.TestPlatform.CommandLine.Internal.ConsoleLogger, vstest.console, Version=15.0.0.0, Culture=neutral, PublicKeyToken=b03f5f7f11d50a3a" codeBase="C:\Program Files\dotnet\sdk\6.0.200\vstest.console.dll" enabled="True" /></Loggers></LoggerRunSettings><DataCollectionRunSettings><DataCollectors><DataCollector friendlyName="blame" enabled="True"><Configuration><ResultsDirectory>C:\Users\ilupa\Desktop\Proiect Amdaris\Traveller-Guide-App\TravellerGuideApp\NUnit.Tests\bin\Debug\net6.0\fine-code-coverage\coverage-tool-output</ResultsDirectory></Configuration></DataCollector></DataCollectors></DataCollectionRunSettings></RunSettings> and sources System.Linq.Enumerable+Concat2Iterator`1[System.String]: 
TpTrace Verbose: 0 : 35236, 5, 2022/04/04, 13:01:11.390, 19886441620277, vstest.console.dll, DataCollectionRequestSender.SendBeforeTestRunStartAndGetResult : Received message: (DataCollection.SendMessage) -> {
  "FriendlyName": null,
  "Uri": null,
  "TestCaseId": "00000000-0000-0000-0000-000000000000",
  "Message": "Logging DataCollector Diagnostics in file: C:\\Users\\ilupa\\Desktop\\Proiect Amdaris\\Traveller-Guide-App\\TravellerGuideApp\\NUnit.Tests\\bin\\Debug\\net6.0\\fine-code-coverage\\coverage-tool-output\\diagnostics.datacollector.22-04-04_13-01-11_25681_5.log",
  "Level": 0
}
TpTrace Verbose: 0 : 35236, 5, 2022/04/04, 13:01:11.437, 19886442091578, vstest.console.dll, DataCollectionRequestSender.SendBeforeTestRunStartAndGetResult : Received message: (DataCollection.BeforeTestRunStartResult) -> {
  "EnvironmentVariables": {},
  "DataCollectionEventsPort": 59032
}
TpTrace Information: 0 : 35236, 5, 2022/04/04, 13:01:11.440, 19886442126773, vstest.console.dll, ProxyDataCollectionManager.BeforeTestRunStart: SendBeforeTestRunStartAndGetResult successful, env variable from datacollector:   and testhost port: 59032
TpTrace Information: 0 : 35236, 5, 2022/04/04, 13:01:11.440, 19886442127217, vstest.console.dll, ProxyDataCollectionManager.InvokeDataCollectionServiceAction: Completed.
TpTrace Verbose: 0 : 35236, 1, 2022/04/04, 13:01:11.440, 19886442128332, vstest.console.dll, TestRunRequest.ExecuteAsync: Creating test run request.
TpTrace Verbose: 0 : 35236, 1, 2022/04/04, 13:01:11.441, 19886442130080, vstest.console.dll, TestRunRequest.ExecuteAsync: Starting.
TpTrace Information: 0 : 35236, 1, 2022/04/04, 13:01:11.441, 19886442132241, vstest.console.dll, TestRunRequest.ExecuteAsync: Starting run with settings:TestRunCriteria:
   KeepAlive=False,FrequencyOfRunStatsChangeEvent=10,RunStatsChangeEventTimeout=00:00:01.5000000,TestCaseFilter=,TestExecutorLauncher=
   Settingsxml=<RunSettings>
  <RunConfiguration>
    <ResultsDirectory>C:\Users\ilupa\Desktop\Proiect Amdaris\Traveller-Guide-App\TravellerGuideApp\NUnit.Tests\bin\Debug\net6.0\fine-code-coverage\coverage-tool-output</ResultsDirectory>
    <TargetPlatform>X64</TargetPlatform>
    <TargetFrameworkVersion>.NETCoreApp,Version=v6.0</TargetFrameworkVersion>
    <DesignMode>False</DesignMode>
    <CollectSourceInformation>False</CollectSourceInformation>
  </RunConfiguration>
  <LoggerRunSettings>
    <Loggers>
      <Logger friendlyName="blame" enabled="True" />
      <Logger friendlyName="Console" uri="logger://microsoft/TestPlatform/ConsoleLogger/v1" assemblyQualifiedName="Microsoft.VisualStudio.TestPlatform.CommandLine.Internal.ConsoleLogger, vstest.console, Version=15.0.0.0, Culture=neutral, PublicKeyToken=b03f5f7f11d50a3a" codeBase="C:\Program Files\dotnet\sdk\6.0.200\vstest.console.dll" enabled="True" />
    </Loggers>
  </LoggerRunSettings>
  <DataCollectionRunSettings>
    <DataCollectors>
      <DataCollector friendlyName="blame" enabled="True">
        <Configuration>
          <ResultsDirectory>C:\Users\ilupa\Desktop\Proiect Amdaris\Traveller-Guide-App\TravellerGuideApp\NUnit.Tests\bin\Debug\net6.0\fine-code-coverage\coverage-tool-output</ResultsDirectory>
        </Configuration>
      </DataCollector>
    </DataCollectors>
  </DataCollectionRunSettings>
</RunSettings>

TpTrace Verbose: 0 : 35236, 1, 2022/04/04, 13:01:11.441, 19886442132586, vstest.console.dll, TestRunRequest.ExecuteAsync: Wait for the first run request is over.
TpTrace Verbose: 0 : 35236, 1, 2022/04/04, 13:01:11.441, 19886442135207, vstest.console.dll, ParallelProxyExecutionManager: Start execution. Total sources: 1
TpTrace Information: 0 : 35236, 1, 2022/04/04, 13:01:11.442, 19886442141603, vstest.console.dll, ProxyParallelExecutionManager: Triggering test run for next source: C:\Users\ilupa\Desktop\Proiect Amdaris\Traveller-Guide-App\TravellerGuideApp\NUnit.Tests\bin\Debug\net6.0\fine-code-coverage\build-output\NUnit.Tests.dll
TpTrace Verbose: 0 : 35236, 1, 2022/04/04, 13:01:11.442, 19886442142785, vstest.console.dll, ProxyParallelExecutionManager: No sources available for execution.
TpTrace Information: 0 : 35236, 1, 2022/04/04, 13:01:11.442, 19886442143763, vstest.console.dll, TestRunRequest.ExecuteAsync: Started.
TpTrace Verbose: 0 : 35236, 5, 2022/04/04, 13:01:11.442, 19886442142811, vstest.console.dll, ParallelProxyExecutionManager: Execution started. Started clients: 1
TpTrace Verbose: 0 : 35236, 1, 2022/04/04, 13:01:11.442, 19886442144351, vstest.console.dll, TestRunRequest.WaitForCompletion: Waiting with timeout -1.
TpTrace Verbose: 0 : 35236, 5, 2022/04/04, 13:01:11.442, 19886442146397, vstest.console.dll, TestRunRequest:SendTestRunMessage: Starting.
TpTrace Information: 0 : 35236, 5, 2022/04/04, 13:01:11.442, 19886442147093, vstest.console.dll, TestRunRequest:SendTestRunMessage: Completed.
TpTrace Verbose: 0 : 35236, 5, 2022/04/04, 13:01:11.442, 19886442148550, vstest.console.dll, ProxyExecutionManager: Test host is always Lazy initialize.
TpTrace Verbose: 0 : 35236, 5, 2022/04/04, 13:01:11.443, 19886442150071, vstest.console.dll, TestRequestSender.InitializeCommunication: initialize communication. 
TpTrace Information: 0 : 35236, 5, 2022/04/04, 13:01:11.443, 19886442153603, vstest.console.dll, SocketServer.Start: Listening on endpoint : 127.0.0.1:59033
TpTrace Verbose: 0 : 35236, 5, 2022/04/04, 13:01:11.443, 19886442157971, vstest.console.dll, DotnetTestHostmanager.GetTestHostProcessStartInfo: Platform environment 'X64' target architecture 'X64' framework '.NETCoreApp,Version=v6.0' OS 'Windows'
TpTrace Verbose: 0 : 35236, 5, 2022/04/04, 13:01:11.443, 19886442159409, vstest.console.dll, DotnetTestHostmanager: Adding  --runtimeconfig "C:\Users\ilupa\Desktop\Proiect Amdaris\Traveller-Guide-App\TravellerGuideApp\NUnit.Tests\bin\Debug\net6.0\fine-code-coverage\build-output\NUnit.Tests.runtimeconfig.json" in args
TpTrace Verbose: 0 : 35236, 5, 2022/04/04, 13:01:11.444, 19886442160015, vstest.console.dll, DotnetTestHostmanager: Adding  --depsfile "C:\Users\ilupa\Desktop\Proiect Amdaris\Traveller-Guide-App\TravellerGuideApp\NUnit.Tests\bin\Debug\net6.0\fine-code-coverage\build-output\NUnit.Tests.deps.json" in args
TpTrace Verbose: 0 : 35236, 5, 2022/04/04, 13:01:11.445, 19886442172289, vstest.console.dll, DotnetTestHostmanager.IsWinOnArm: Current PROCESSOR_ARCHITECTURE from registry 'AMD64'
TpTrace Verbose: 0 : 35236, 5, 2022/04/04, 13:01:11.445, 19886442172930, vstest.console.dll, DotnetTestHostmanager.IsWinOnArm: Is Windows on ARM 'False'
TpTrace Verbose: 0 : 35236, 5, 2022/04/04, 13:01:11.445, 19886442173577, vstest.console.dll, DotnetTestHostManager: testhost.exe found at path: C:\Users\ilupa\Desktop\Proiect Amdaris\Traveller-Guide-App\TravellerGuideApp\NUnit.Tests\bin\Debug\net6.0\fine-code-coverage\build-output\testhost.exe
TpTrace Verbose: 0 : 35236, 5, 2022/04/04, 13:01:11.445, 19886442173910, vstest.console.dll, DotnetTestHostmanager: Full path of host exe is C:\Users\ilupa\Desktop\Proiect Amdaris\Traveller-Guide-App\TravellerGuideApp\NUnit.Tests\bin\Debug\net6.0\fine-code-coverage\build-output\testhost.exe
TpTrace Verbose: 0 : 35236, 5, 2022/04/04, 13:01:11.445, 19886442174741, vstest.console.dll, DotnetTestHostmanager.LaunchTestHostAsync: Found 'VSTEST_WINAPPHOST_DOTNET_ROOT' in env variables, value 'C:\Program Files\dotnet'
TpTrace Verbose: 0 : 35236, 7, 2022/04/04, 13:01:11.446, 19886442180015, vstest.console.dll, DotnetTestHostManager: Starting process 'C:\Users\ilupa\Desktop\Proiect Amdaris\Traveller-Guide-App\TravellerGuideApp\NUnit.Tests\bin\Debug\net6.0\fine-code-coverage\build-output\testhost.exe' with command line ' --runtimeconfig "C:\Users\ilupa\Desktop\Proiect Amdaris\Traveller-Guide-App\TravellerGuideApp\NUnit.Tests\bin\Debug\net6.0\fine-code-coverage\build-output\NUnit.Tests.runtimeconfig.json" --depsfile "C:\Users\ilupa\Desktop\Proiect Amdaris\Traveller-Guide-App\TravellerGuideApp\NUnit.Tests\bin\Debug\net6.0\fine-code-coverage\build-output\NUnit.Tests.deps.json" --port 59033 --endpoint 127.0.0.1:059033 --role client --parentprocessid 35236 --diag "C:\Users\ilupa\Desktop\Proiect Amdaris\Traveller-Guide-App\TravellerGuideApp\NUnit.Tests\bin\Debug\net6.0\fine-code-coverage\coverage-tool-output\diagnostics.host.22-04-04_13-01-11_44359_5.log" --tracelevel 4 --datacollectionport 59032 --telemetryoptedin false'
TpTrace Verbose: 0 : 35236, 7, 2022/04/04, 13:01:11.449, 19886442214689, vstest.console.dll, Test Runtime launched
TpTrace Verbose: 0 : 35236, 5, 2022/04/04, 13:01:11.449, 19886442219524, vstest.console.dll, TestRequestSender.WaitForRequestHandlerConnection: waiting for connection with timeout: 90000
TpTrace Verbose: 0 : 35236, 7, 2022/04/04, 13:01:11.538, 19886443103356, vstest.console.dll, SocketServer.OnClientConnected: Client connected for endPoint: 127.0.0.1:59033, starting MessageLoopAsync:
TpTrace Verbose: 0 : 35236, 7, 2022/04/04, 13:01:11.538, 19886443105705, vstest.console.dll, TcpClientExtensions.MessageLoopAsync: Polling on remoteEndPoint: 127.0.0.1:59034 localEndPoint: 127.0.0.1:59033
TpTrace Verbose: 0 : 35236, 5, 2022/04/04, 13:01:11.538, 19886443109309, vstest.console.dll, TestRequestSender.CheckVersionWithTestHost: Sending check version message: {"MessageType":"ProtocolVersion","Payload":5}
TpTrace Verbose: 0 : 35236, 7, 2022/04/04, 13:01:11.632, 19886444043581, vstest.console.dll, TcpClientExtensions.MessageLoopAsync: NotifyDataAvailable remoteEndPoint: 127.0.0.1:59034 localEndPoint: 127.0.0.1:59033
TpTrace Verbose: 0 : 35236, 7, 2022/04/04, 13:01:11.632, 19886444045258, vstest.console.dll, TestRequestSender.CheckVersionWithTestHost: onMessageReceived received message: (ProtocolVersion) -> 5
TpTrace Verbose: 0 : 35236, 7, 2022/04/04, 13:01:11.632, 19886444047669, vstest.console.dll, TcpClientExtensions.MessageLoopAsync: Polling on remoteEndPoint: 127.0.0.1:59034 localEndPoint: 127.0.0.1:59033
TpTrace Verbose: 0 : 35236, 5, 2022/04/04, 13:01:11.632, 19886444048223, vstest.console.dll, TestPluginCache.GetExtensionPaths: Filtered extension paths: 
TpTrace Verbose: 0 : 35236, 5, 2022/04/04, 13:01:11.632, 19886444048689, vstest.console.dll, TestPluginCache.GetExtensionPaths: Added default extension paths: C:\Program Files\dotnet\sdk\6.0.200\Extensions\DumpMinitool.exe
C:\Program Files\dotnet\sdk\6.0.200\Extensions\DumpMinitool.x86.exe
C:\Program Files\dotnet\sdk\6.0.200\Extensions\Microsoft.Diagnostics.NETCore.Client.dll
C:\Program Files\dotnet\sdk\6.0.200\Extensions\Microsoft.TestPlatform.Extensions.BlameDataCollector.dll
C:\Program Files\dotnet\sdk\6.0.200\Extensions\Microsoft.TestPlatform.Extensions.EventLogCollector.dll
C:\Program Files\dotnet\sdk\6.0.200\Extensions\Microsoft.TestPlatform.TestHostRuntimeProvider.dll
C:\Program Files\dotnet\sdk\6.0.200\Extensions\Microsoft.VisualStudio.TestPlatform.Extensions.Html.TestLogger.dll
C:\Program Files\dotnet\sdk\6.0.200\Extensions\Microsoft.VisualStudio.TestPlatform.Extensions.Trx.TestLogger.dll
TpTrace Verbose: 0 : 35236, 5, 2022/04/04, 13:01:11.632, 19886444048937, vstest.console.dll, TestPluginCache.GetExtensionPaths: Added unfilterableExtensionPaths: 
TpTrace Verbose: 0 : 35236, 5, 2022/04/04, 13:01:11.635, 19886444071064, vstest.console.dll, TestRequestSender.InitializeExecution: Sending initialize execution with message: {"Version":5,"MessageType":"TestExecution.Initialize","Payload":["C:\\Users\\ilupa\\Desktop\\Proiect Amdaris\\Traveller-Guide-App\\TravellerGuideApp\\NUnit.Tests\\bin\\Debug\\net6.0\\fine-code-coverage\\build-output\\NUnit3.TestAdapter.dll"]}
TpTrace Warning: 0 : 35236, 5, 2022/04/04, 13:01:11.635, 19886444073585, vstest.console.dll, InferRunSettingsHelper.MakeRunsettingsCompatible: Removing the following settings: TargetPlatform from RunSettings file. To use those settings please move to latest version of Microsoft.NET.Test.Sdk
TpTrace Verbose: 0 : 35236, 7, 2022/04/04, 13:01:11.639, 19886444112218, vstest.console.dll, TcpClientExtensions.MessageLoopAsync: NotifyDataAvailable remoteEndPoint: 127.0.0.1:59034 localEndPoint: 127.0.0.1:59033
TpTrace Verbose: 0 : 35236, 7, 2022/04/04, 13:01:11.639, 19886444113007, vstest.console.dll, TestRequestSender.OnExecutionMessageReceived: Received message: {"Version":5,"MessageType":"TestSession.Message","Payload":{"MessageLevel":0,"Message":"Logging TestHost Diagnostics in file: C:\\Users\\ilupa\\Desktop\\Proiect Amdaris\\Traveller-Guide-App\\TravellerGuideApp\\NUnit.Tests\\bin\\Debug\\net6.0\\fine-code-coverage\\coverage-tool-output\\diagnostics.host.22-04-04_13-01-11_44359_5.log"}}
TpTrace Verbose: 0 : 35236, 7, 2022/04/04, 13:01:11.640, 19886444124799, vstest.console.dll, TestRunRequest:SendTestRunMessage: Starting.
TpTrace Information: 0 : 35236, 7, 2022/04/04, 13:01:11.640, 19886444125375, vstest.console.dll, TestRunRequest:SendTestRunMessage: Completed.
TpTrace Verbose: 0 : 35236, 7, 2022/04/04, 13:01:11.640, 19886444125652, vstest.console.dll, TcpClientExtensions.MessageLoopAsync: Polling on remoteEndPoint: 127.0.0.1:59034 localEndPoint: 127.0.0.1:59033
TpTrace Verbose: 0 : 35236, 5, 2022/04/04, 13:01:11.641, 19886444131569, vstest.console.dll, TestRequestSender.StartTestRun: Sending test run with message: {"Version":5,"MessageType":"TestExecution.StartWithSources","Payload":{"AdapterSourceMap":{"_none_":["C:\\Users\\ilupa\\Desktop\\Proiect Amdaris\\Traveller-Guide-App\\TravellerGuideApp\\NUnit.Tests\\bin\\Debug\\net6.0\\fine-code-coverage\\build-output\\NUnit.Tests.dll"]},"RunSettings":"<RunSettings>\r\n  <RunConfiguration>\r\n    <ResultsDirectory>C:\\Users\\ilupa\\Desktop\\Proiect Amdaris\\Traveller-Guide-App\\TravellerGuideApp\\NUnit.Tests\\bin\\Debug\\net6.0\\fine-code-coverage\\coverage-tool-output</ResultsDirectory>\r\n    <TargetFrameworkVersion>.NETCoreApp,Version=v6.0</TargetFrameworkVersion>\r\n    <DesignMode>False</DesignMode>\r\n    <CollectSourceInformation>False</CollectSourceInformation>\r\n  </RunConfiguration>\r\n  <LoggerRunSettings>\r\n    <Loggers>\r\n      <Logger friendlyName=\"blame\" enabled=\"True\" />\r\n      <Logger friendlyName=\"Console\" uri=\"logger://microsoft/TestPlatform/ConsoleLogger/v1\" assemblyQualifiedName=\"Microsoft.VisualStudio.TestPlatform.CommandLine.Internal.ConsoleLogger, vstest.console, Version=15.0.0.0, Culture=neutral, PublicKeyToken=b03f5f7f11d50a3a\" codeBase=\"C:\\Program Files\\dotnet\\sdk\\6.0.200\\vstest.console.dll\" enabled=\"True\" />\r\n    </Loggers>\r\n  </LoggerRunSettings>\r\n  <DataCollectionRunSettings>\r\n    <DataCollectors>\r\n      <DataCollector friendlyName=\"blame\" enabled=\"True\">\r\n        <Configuration>\r\n          <ResultsDirectory>C:\\Users\\ilupa\\Desktop\\Proiect Amdaris\\Traveller-Guide-App\\TravellerGuideApp\\NUnit.Tests\\bin\\Debug\\net6.0\\fine-code-coverage\\coverage-tool-output</ResultsDirectory>\r\n        </Configuration>\r\n      </DataCollector>\r\n    </DataCollectors>\r\n  </DataCollectionRunSettings>\r\n</RunSettings>","TestExecutionContext":{"FrequencyOfRunStatsChangeEvent":10,"RunStatsChangeEventTimeout":"00:00:01.5000000","InIsolation":false,"KeepAlive":false,"AreTestCaseLevelEventsRequired":false,"IsDebug":false,"TestCaseFilter":null,"FilterOptions":null},"Package":null}}
TpTrace Verbose: 0 : 35236, 7, 2022/04/04, 13:01:11.757, 19886445299004, vstest.console.dll, TcpClientExtensions.MessageLoopAsync: NotifyDataAvailable remoteEndPoint: 127.0.0.1:59034 localEndPoint: 127.0.0.1:59033
TpTrace Verbose: 0 : 35236, 7, 2022/04/04, 13:01:11.757, 19886445299795, vstest.console.dll, TestRequestSender.OnExecutionMessageReceived: Received message: {"Version":5,"MessageType":"TestSession.Message","Payload":{"MessageLevel":0,"Message":"NUnit Adapter 4.0.0.0: Test execution started"}}
TpTrace Verbose: 0 : 35236, 7, 2022/04/04, 13:01:11.758, 19886445301392, vstest.console.dll, TestRunRequest:SendTestRunMessage: Starting.
TpTrace Information: 0 : 35236, 7, 2022/04/04, 13:01:11.758, 19886445301777, vstest.console.dll, TestRunRequest:SendTestRunMessage: Completed.
TpTrace Verbose: 0 : 35236, 7, 2022/04/04, 13:01:11.758, 19886445302052, vstest.console.dll, TcpClientExtensions.MessageLoopAsync: Polling on remoteEndPoint: 127.0.0.1:59034 localEndPoint: 127.0.0.1:59033
TpTrace Verbose: 0 : 35236, 7, 2022/04/04, 13:01:11.779, 19886445519422, vstest.console.dll, TcpClientExtensions.MessageLoopAsync: NotifyDataAvailable remoteEndPoint: 127.0.0.1:59034 localEndPoint: 127.0.0.1:59033
TpTrace Verbose: 0 : 35236, 7, 2022/04/04, 13:01:11.780, 19886445520392, vstest.console.dll, TestRequestSender.OnExecutionMessageReceived: Received message: {"Version":5,"MessageType":"TestSession.Message","Payload":{"MessageLevel":0,"Message":"Running all tests in C:\\Users\\ilupa\\Desktop\\Proiect Amdaris\\Traveller-Guide-App\\TravellerGuideApp\\NUnit.Tests\\bin\\Debug\\net6.0\\fine-code-coverage\\build-output\\NUnit.Tests.dll"}}
TpTrace Verbose: 0 : 35236, 7, 2022/04/04, 13:01:11.780, 19886445522023, vstest.console.dll, TestRunRequest:SendTestRunMessage: Starting.
TpTrace Information: 0 : 35236, 7, 2022/04/04, 13:01:11.780, 19886445522457, vstest.console.dll, TestRunRequest:SendTestRunMessage: Completed.
TpTrace Verbose: 0 : 35236, 7, 2022/04/04, 13:01:11.780, 19886445523071, vstest.console.dll, TcpClientExtensions.MessageLoopAsync: Polling on remoteEndPoint: 127.0.0.1:59034 localEndPoint: 127.0.0.1:59033
TpTrace Verbose: 0 : 35236, 7, 2022/04/04, 13:01:11.878, 19886446510036, vstest.console.dll, TcpClientExtensions.MessageLoopAsync: NotifyDataAvailable remoteEndPoint: 127.0.0.1:59034 localEndPoint: 127.0.0.1:59033
TpTrace Verbose: 0 : 35236, 7, 2022/04/04, 13:01:11.879, 19886446510980, vstest.console.dll, TestRequestSender.OnExecutionMessageReceived: Received message: {"Version":5,"MessageType":"TestSession.Message","Payload":{"MessageLevel":0,"Message":"   NUnit3TestExecutor discovered 3 of 3 NUnit test cases using Current Discovery mode, Non-Explicit run"}}
TpTrace Verbose: 0 : 35236, 7, 2022/04/04, 13:01:11.879, 19886446512926, vstest.console.dll, TestRunRequest:SendTestRunMessage: Starting.
TpTrace Information: 0 : 35236, 7, 2022/04/04, 13:01:11.879, 19886446513385, vstest.console.dll, TestRunRequest:SendTestRunMessage: Completed.
TpTrace Verbose: 0 : 35236, 7, 2022/04/04, 13:01:11.879, 19886446513634, vstest.console.dll, TcpClientExtensions.MessageLoopAsync: Polling on remoteEndPoint: 127.0.0.1:59034 localEndPoint: 127.0.0.1:59033
TpTrace Verbose: 0 : 35236, 7, 2022/04/04, 13:01:12.025, 19886447979640, vstest.console.dll, TcpClientExtensions.MessageLoopAsync: NotifyDataAvailable remoteEndPoint: 127.0.0.1:59034 localEndPoint: 127.0.0.1:59033
TpTrace Verbose: 0 : 35236, 7, 2022/04/04, 13:01:12.026, 19886447980507, vstest.console.dll, TestRequestSender.OnExecutionMessageReceived: Received message: {"Version":5,"MessageType":"TestSession.Message","Payload":{"MessageLevel":0,"Message":"NUnit Adapter 4.0.0.0: Test execution complete"}}
TpTrace Verbose: 0 : 35236, 7, 2022/04/04, 13:01:12.026, 19886447981923, vstest.console.dll, TestRunRequest:SendTestRunMessage: Starting.
TpTrace Information: 0 : 35236, 7, 2022/04/04, 13:01:12.026, 19886447982293, vstest.console.dll, TestRunRequest:SendTestRunMessage: Completed.
TpTrace Verbose: 0 : 35236, 7, 2022/04/04, 13:01:12.026, 19886447982530, vstest.console.dll, TcpClientExtensions.MessageLoopAsync: Polling on remoteEndPoint: 127.0.0.1:59034 localEndPoint: 127.0.0.1:59033
TpTrace Verbose: 0 : 35236, 7, 2022/04/04, 13:01:12.056, 19886448287799, vstest.console.dll, TcpClientExtensions.MessageLoopAsync: NotifyDataAvailable remoteEndPoint: 127.0.0.1:59034 localEndPoint: 127.0.0.1:59033
TpTrace Verbose: 0 : 35236, 7, 2022/04/04, 13:01:12.056, 19886448289079, vstest.console.dll, TestRequestSender.OnExecutionMessageReceived: Received message: {"Version":5,"MessageType":"TestExecution.Completed","Payload":{"TestRunCompleteArgs":{"TestRunStatistics":{"ExecutedTests":3,"Stats":{"Passed":3}},"IsCanceled":false,"IsAborted":false,"Error":null,"AttachmentSets":[],"ElapsedTimeInRunningTests":"00:00:00.2834382","Metrics":{}},"LastRunTests":{"NewTestResults":[{"TestCase":{"Id":"6b378ac1-0567-8d44-5baa-27052098bf7b","FullyQualifiedName":"NUnit.Tests.Tests.ImportDataTest(1,\"Museum\",2)","DisplayName":"ImportDataTest(1,\"Museum\",2)","ExecutorUri":"executor://NUnit3TestExecutor","Source":"C:\\Users\\ilupa\\Desktop\\Proiect Amdaris\\Traveller-Guide-App\\TravellerGuideApp\\NUnit.Tests\\bin\\Debug\\net6.0\\fine-code-coverage\\build-output\\NUnit.Tests.dll","CodeFilePath":null,"LineNumber":0,"Properties":[{"Key":{"Id":"NUnit.Seed","Label":"Seed","Category":"","Description":"","Attributes":0,"ValueType":"System.String"},"Value":"1849348540"}]},"Attachments":[],"Outcome":1,"ErrorMessage":null,"ErrorStackTrace":null,"DisplayName":"ImportDataTest(1,\"Museum\",2)","Messages":[],"ComputerName":"DESKTOP-4NUOG8A","Duration":"00:00:00.1044920","StartTime":"2022-04-04T10:01:11.8988903+00:00","EndTime":"2022-04-04T10:01:12.0033174+00:00","Properties":[{"Key":{"Id":"NUnit.Seed","Label":"Seed","Category":"","Description":"","Attributes":0,"ValueType":"System.String"},"Value":"1849348540"}]},{"TestCase":{"Id":"bd7f5ec1-6893-3e40-64a6-89fffe9202cf","FullyQualifiedName":"NUnit.Tests.Tests.ImportDataTest(2,\"Park\",2)","DisplayName":"ImportDataTest(2,\"Park\",2)","ExecutorUri":"executor://NUnit3TestExecutor","Source":"C:\\Users\\ilupa\\Desktop\\Proiect Amdaris\\Traveller-Guide-App\\TravellerGuideApp\\NUnit.Tests\\bin\\Debug\\net6.0\\fine-code-coverage\\build-output\\NUnit.Tests.dll","CodeFilePath":null,"LineNumber":0,"Properties":[{"Key":{"Id":"NUnit.Seed","Label":"Seed","Category":"","Description":"","Attributes":0,"ValueType":"System.String"},"Value":"285044704"}]},"Attachments":[],"Outcome":1,"ErrorMessage":null,"ErrorStackTrace":null,"DisplayName":"ImportDataTest(2,\"Park\",2)","Messages":[],"ComputerName":"DESKTOP-4NUOG8A","Duration":"00:00:00.0014260","StartTime":"2022-04-04T10:01:12.0047729+00:00","EndTime":"2022-04-04T10:01:12.0061986+00:00","Properties":[{"Key":{"Id":"NUnit.Seed","Label":"Seed","Category":"","Description":"","Attributes":0,"ValueType":"System.String"},"Value":"285044704"}]},{"TestCase":{"Id":"af98250f-c6db-9dc5-6988-59cd5861e158","FullyQualifiedName":"NUnit.Tests.Tests.ImportDataTest(3,\"Famous Building\",2)","DisplayName":"ImportDataTest(3,\"Famous Building\",2)","ExecutorUri":"executor://NUnit3TestExecutor","Source":"C:\\Users\\ilupa\\Desktop\\Proiect Amdaris\\Traveller-Guide-App\\TravellerGuideApp\\NUnit.Tests\\bin\\Debug\\net6.0\\fine-code-coverage\\build-output\\NUnit.Tests.dll","CodeFilePath":null,"LineNumber":0,"Properties":[{"Key":{"Id":"NUnit.Seed","Label":"Seed","Category":"","Description":"","Attributes":0,"ValueType":"System.String"},"Value":"1300164264"}]},"Attachments":[],"Outcome":1,"ErrorMessage":null,"ErrorStackTrace":null,"DisplayName":"ImportDataTest(3,\"Famous Building\",2)","Messages":[],"ComputerName":"DESKTOP-4NUOG8A","Duration":"00:00:00.0003130","StartTime":"2022-04-04T10:01:12.0062148+00:00","EndTime":"2022-04-04T10:01:12.0065281+00:00","Properties":[{"Key":{"Id":"NUnit.Seed","Label":"Seed","Category":"","Description":"","Attributes":0,"ValueType":"System.String"},"Value":"1300164264"}]}],"TestRunStatistics":{"ExecutedTests":3,"Stats":{"Passed":3}},"ActiveTests":[]},"RunAttachments":[],"ExecutorUris":["executor://nunit3testexecutor/"]}}
TpTrace Verbose: 0 : 35236, 7, 2022/04/04, 13:01:12.057, 19886448293414, vstest.console.dll, TestRequestSender.EndSession: Sending end session.
TpTrace Verbose: 0 : 35236, 7, 2022/04/04, 13:01:12.057, 19886448294502, vstest.console.dll, ProxyOperationManager.Close: waiting for test host to exit for 100 ms
TpTrace Warning: 0 : 35236, 13, 2022/04/04, 13:01:12.076, 19886448484327, vstest.console.dll, TestHostManagerCallbacks.ErrorReceivedCallback Test host standard error line: 
TpTrace Verbose: 0 : 35236, 8, 2022/04/04, 13:01:12.080, 19886448521246, vstest.console.dll, TestHostProvider.ExitCallBack: Host exited starting callback.
TpTrace Information: 0 : 35236, 8, 2022/04/04, 13:01:12.080, 19886448524368, vstest.console.dll, TestHostManagerCallbacks.ExitCallBack: Testhost processId: 11224 exited with exitcode: 0 error: ''
TpTrace Verbose: 0 : 35236, 8, 2022/04/04, 13:01:12.080, 19886448524784, vstest.console.dll, DotnetTestHostManager.OnHostExited: invoking OnHostExited callback
TpTrace Verbose: 0 : 35236, 8, 2022/04/04, 13:01:12.080, 19886448525134, vstest.console.dll, CrossPlatEngine.TestHostManagerHostExited: calling on client process exit callback.
TpTrace Information: 0 : 35236, 8, 2022/04/04, 13:01:12.080, 19886448525481, vstest.console.dll, TestRequestSender.OnClientProcessExit: Test host process exited. Standard error: 
TpTrace Information: 0 : 35236, 8, 2022/04/04, 13:01:12.080, 19886448525744, vstest.console.dll, SocketServer.Stop: Stop server endPoint: 127.0.0.1:59033
TpTrace Information: 0 : 35236, 8, 2022/04/04, 13:01:12.080, 19886448525933, vstest.console.dll, SocketServer.Stop: Cancellation requested. Stopping message loop.
TpTrace Information: 0 : 35236, 7, 2022/04/04, 13:01:12.080, 19886448526012, vstest.console.dll, SocketServer.Stop: Stop server endPoint: 127.0.0.1:59033
TpTrace Information: 0 : 35236, 7, 2022/04/04, 13:01:12.080, 19886448526461, vstest.console.dll, SocketServer.Stop: Cancellation requested. Stopping message loop.
TpTrace Information: 0 : 35236, 7, 2022/04/04, 13:01:12.080, 19886448526786, vstest.console.dll, Closing the connection
TpTrace Warning: 0 : 35236, 7, 2022/04/04, 13:01:12.080, 19886448527146, vstest.console.dll, ProxyOperationManager: Timed out waiting for test host to exit. Will terminate process.
TpTrace Verbose: 0 : 35236, 7, 2022/04/04, 13:01:12.081, 19886448530178, vstest.console.dll, ProxyDataCollectionManager.InvokeDataCollectionServiceAction: Starting.
TpTrace Information: 0 : 35236, 7, 2022/04/04, 13:01:12.081, 19886448530501, vstest.console.dll, ProxyDataCollectionManager.AfterTestRunEnd: Get attachment set for datacollector processId: 34424 port: 59027
TpTrace Verbose: 0 : 35236, 7, 2022/04/04, 13:01:12.081, 19886448530860, vstest.console.dll, DataCollectionRequestSender.SendAfterTestRunStartAndGetResult : Send AfterTestRunEnd message with isCancelled: False
TpTrace Verbose: 0 : 35236, 7, 2022/04/04, 13:01:12.083, 19886448555638, vstest.console.dll, DataCollectionRequestSender.SendAfterTestRunStartAndGetResult : Received message: (DataCollection.AfterTestRunEndResult) -> {
  "AttachmentSets": [],
  "Metrics": {}
}
TpTrace Information: 0 : 35236, 7, 2022/04/04, 13:01:12.086, 19886448582032, vstest.console.dll, ProxyDataCollectionManager.InvokeDataCollectionServiceAction: Completed.
TpTrace Warning: 0 : 35236, 10, 2022/04/04, 13:01:12.086, 19886448588598, vstest.console.dll, DataCollectionLauncher.ErrorReceivedCallback datacollector standard error line: 
TpTrace Information: 0 : 35236, 8, 2022/04/04, 13:01:12.089, 19886448614394, vstest.console.dll, DataCollectionLauncher.ExitCallBack: Data collector exited with exitcode: 0 error: ''
TpTrace Verbose: 0 : 35236, 7, 2022/04/04, 13:01:12.123, 19886448956420, vstest.console.dll, TestRunRequest:SendTestRunStatsChange: Starting.
TpTrace Information: 0 : 35236, 7, 2022/04/04, 13:01:12.123, 19886448958152, vstest.console.dll, TestRunRequest:SendTestRunStatsChange: Completed.
TpTrace Verbose: 0 : 35236, 7, 2022/04/04, 13:01:12.123, 19886448959299, vstest.console.dll, ParallelProxyExecutionManager: HandlePartialRunComplete: Total completed clients = 1, Run complete = True, Run canceled: False.
TpTrace Verbose: 0 : 35236, 7, 2022/04/04, 13:01:12.137, 19886449093227, vstest.console.dll, TestRunRequest:TestRunComplete: Starting. IsAborted:False IsCanceled:False.
TpTrace Verbose: 0 : 35236, 7, 2022/04/04, 13:01:12.137, 19886449094448, vstest.console.dll, TestLoggerManager.HandleTestRunComplete: Ignoring as the object is disposed.
TpTrace Information: 0 : 35236, 7, 2022/04/04, 13:01:12.137, 19886449096000, vstest.console.dll, TestRunRequest:TestRunComplete: Completed.
TpTrace Verbose: 0 : 35236, 1, 2022/04/04, 13:01:12.137, 19886449096148, vstest.console.dll, TestRunRequest.Dispose: Starting.
TpTrace Verbose: 0 : 35236, 7, 2022/04/04, 13:01:12.137, 19886449096713, vstest.console.dll, TestRequestSender.SetOperationComplete: Setting operation complete.
TpTrace Information: 0 : 35236, 1, 2022/04/04, 13:01:12.137, 19886449096729, vstest.console.dll, TestRunRequest.Dispose: Completed.
TpTrace Information: 0 : 35236, 7, 2022/04/04, 13:01:12.137, 19886449097111, vstest.console.dll, SocketServer.Stop: Stop server endPoint: 127.0.0.1:59033
TpTrace Information: 0 : 35236, 1, 2022/04/04, 13:01:12.137, 19886449097570, vstest.console.dll, TestRequestManager.RunTests: run tests completed.
TpTrace Information: 0 : 35236, 7, 2022/04/04, 13:01:12.137, 19886449097709, vstest.console.dll, SocketServer.Stop: Cancellation requested. Stopping message loop.
TpTrace Information: 0 : 35236, 7, 2022/04/04, 13:01:12.137, 19886449098258, vstest.console.dll, SocketServer.PrivateStop: Stopping server endPoint: 127.0.0.1:59033 error: 
TpTrace Information: 0 : 35236, 1, 2022/04/04, 13:01:12.137, 19886449098263, vstest.console.dll, RunTestsArgumentProcessor:Execute: Test run is completed.
TpTrace Verbose: 0 : 35236, 1, 2022/04/04, 13:01:12.137, 19886449099702, vstest.console.dll, Executor.Execute: Exiting with exit code of 0
TpTrace Verbose: 0 : 35236, 7, 2022/04/04, 13:01:12.138, 19886449101094, vstest.console.dll, LengthPrefixCommunicationChannel.Dispose: Dispose reader and writer.
TpTrace Information: 0 : 35236, 7, 2022/04/04, 13:01:12.138, 19886449101629, vstest.console.dll, SocketServer.Stop: Raise disconnected event endPoint: 127.0.0.1:59033 error: 
TpTrace Verbose: 0 : 35236, 7, 2022/04/04, 13:01:12.138, 19886449102054, vstest.console.dll, TestRequestSender: OnTestRunAbort: Operation is already complete. Skip error message.
TpTrace Verbose: 0 : 35236, 7, 2022/04/04, 13:01:12.138, 19886449102301, vstest.console.dll, TcpClientExtensions.MessageLoopAsync: exiting MessageLoopAsync remoteEndPoint: 127.0.0.1:59034 localEndPoint: 127.0.0.1:59033
